Log file open, 04/20/20 03:12:24
LogWindows: Failed to load 'aqProf.dll' (GetLastError=126)
LogWindows: File 'aqProf.dll' does not exist
LogWindows: Failed to load 'VtuneApi.dll' (GetLastError=126)
LogWindows: File 'VtuneApi.dll' does not exist
LogWindows: Failed to load 'VtuneApi32e.dll' (GetLastError=126)
LogWindows: File 'VtuneApi32e.dll' does not exist
LogConsoleResponse: Display: Failed to find resolution value strings in scalability ini. Falling back to default.
LogInit: Display: Running engine for game: KeepItAlive
LogPlatformFile: Not using cached read wrapper
LogTaskGraph: Started task graph with 5 named threads and 14 total threads with 3 sets of task threads.
LogStats: Stats thread started at 0.144224
LogD3D11RHI: Loaded GFSDK_Aftermath_Lib.x64.dll
LogICUInternationalization: ICU TimeZone Detection - Raw Offset: +3:00, Platform Override: ''
LogPluginManager: Mounting plugin Paper2D
LogPluginManager: Mounting plugin AISupport
LogPluginManager: Mounting plugin LightPropagationVolume
LogPluginManager: Mounting plugin ActorLayerUtilities
LogPluginManager: Mounting plugin AnimationSharing
LogPluginManager: Mounting plugin CLionSourceCodeAccess
LogPluginManager: Mounting plugin CodeLiteSourceCodeAccess
LogPluginManager: Mounting plugin GitSourceControl
LogPluginManager: Mounting plugin KDevelopSourceCodeAccess
LogPluginManager: Mounting plugin NullSourceCodeAccess
LogPluginManager: Mounting plugin PerforceSourceControl
LogPluginManager: Mounting plugin PlasticSourceControl
LogPluginManager: Mounting plugin SubversionSourceControl
LogPluginManager: Mounting plugin UObjectPlugin
LogPluginManager: Mounting plugin VisualStudioCodeSourceCodeAccess
LogPluginManager: Mounting plugin VisualStudioSourceCodeAccess
LogPluginManager: Mounting plugin XCodeSourceCodeAccess
LogPluginManager: Mounting plugin AssetManagerEditor
LogPluginManager: Mounting plugin CryptoKeys
LogPluginManager: Mounting plugin CurveEditorTools
LogPluginManager: Mounting plugin DataValidation
LogPluginManager: Mounting plugin FacialAnimation
LogPluginManager: Mounting plugin GameplayTagsEditor
LogPluginManager: Mounting plugin MacGraphicsSwitching
LogPluginManager: Mounting plugin MaterialAnalyzer
LogPluginManager: Mounting plugin MobileLauncherProfileWizard
LogPluginManager: Mounting plugin PluginBrowser
LogPluginManager: Mounting plugin SpeedTreeImporter
LogPluginManager: Mounting plugin DatasmithContent
LogPluginManager: Mounting plugin VariantManagerContent
LogPluginManager: Mounting plugin AlembicImporter
LogPluginManager: Mounting plugin AutomationUtils
LogPluginManager: Mounting plugin BackChannel
LogPluginManager: Mounting plugin CharacterAI
LogPluginManager: Mounting plugin GeometryCache
LogPluginManager: Mounting plugin PlatformCrypto
LogPluginManager: Mounting plugin ProxyLODPlugin
LogPluginManager: Mounting plugin SkeletalReduction
LogPluginManager: Mounting plugin MagicLeap
LogPluginManager: Mounting plugin MagicLeapMedia
LogPluginManager: Mounting plugin MLSDK
LogPluginManager: Mounting plugin AndroidMedia
LogPluginManager: Mounting plugin AvfMedia
LogPluginManager: Mounting plugin ImgMedia
LogPluginManager: Mounting plugin MediaCompositing
LogPluginManager: Mounting plugin MediaPlayerEditor
LogPluginManager: Mounting plugin WebMMedia
LogPluginManager: Mounting plugin WmfMedia
LogPluginManager: Mounting plugin TcpMessaging
LogPluginManager: Mounting plugin UdpMessaging
LogPluginManager: Mounting plugin ActorSequence
LogPluginManager: Mounting plugin LevelSequenceEditor
LogPluginManager: Mounting plugin MatineeToLevelSequence
LogPluginManager: Mounting plugin NetcodeUnitTest
LogPluginManager: Mounting plugin NUTUnrealEngine4
LogPluginManager: Mounting plugin OnlineSubsystemGooglePlay
LogPluginManager: Mounting plugin OnlineSubsystemIOS
LogPluginManager: Mounting plugin OnlineSubsystem
LogPluginManager: Mounting plugin OnlineSubsystemNull
LogPluginManager: Mounting plugin OnlineSubsystemUtils
LogPluginManager: Mounting plugin LauncherChunkInstaller
LogPluginManager: Mounting plugin AndroidDeviceProfileSelector
LogPluginManager: Mounting plugin AndroidMoviePlayer
LogPluginManager: Mounting plugin AndroidPermission
LogPluginManager: Mounting plugin AppleImageUtils
LogPluginManager: Mounting plugin AppleMoviePlayer
LogPluginManager: Mounting plugin ArchVisCharacter
LogPluginManager: Mounting plugin AssetTags
LogPluginManager: Mounting plugin AudioCapture
LogPluginManager: Mounting plugin CableComponent
LogPluginManager: Mounting plugin CustomMeshComponent
LogPluginManager: Mounting plugin EditableMesh
LogPluginManager: Mounting plugin ExampleDeviceProfileSelector
LogPluginManager: Mounting plugin GoogleCloudMessaging
LogPluginManager: Mounting plugin IOSDeviceProfileSelector
LogPluginManager: Mounting plugin LinuxDeviceProfileSelector
LogPluginManager: Mounting plugin LocationServicesBPLibrary
LogPluginManager: Mounting plugin MobilePatchingUtils
LogPluginManager: Mounting plugin OculusVR
LogPluginManager: Mounting plugin PhysXVehicles
LogPluginManager: Mounting plugin PostSplashScreen
LogPluginManager: Mounting plugin ProceduralMeshComponent
LogPluginManager: Mounting plugin RuntimePhysXCooking
LogPluginManager: Mounting plugin SignificanceManager
LogPluginManager: Mounting plugin SteamVR
LogPluginManager: Mounting plugin WebMMoviePlayer
LogPluginManager: Mounting plugin WindowsMoviePlayer
LogPluginManager: Mounting plugin ScreenshotTools
LogInit: Using libcurl 7.55.1-DEV
LogInit:  - built for x86_64-pc-win32
LogInit:  - supports SSL with OpenSSL/1.1.1
LogInit:  - supports HTTP deflate (compression) using libz 1.2.8
LogInit:  - other features:
LogInit:      CURL_VERSION_SSL
LogInit:      CURL_VERSION_LIBZ
LogInit:      CURL_VERSION_IPV6
LogInit:      CURL_VERSION_ASYNCHDNS
LogInit:      CURL_VERSION_LARGEFILE
LogInit:      CURL_VERSION_IDN
LogInit:  CurlRequestOptions (configurable via config and command line):
LogInit:  - bVerifyPeer = true  - Libcurl will verify peer certificate
LogInit:  - bUseHttpProxy = false  - Libcurl will NOT use HTTP proxy
LogInit:  - bDontReuseConnections = false  - Libcurl will reuse connections
LogInit:  - MaxHostConnections = 16  - Libcurl will limit the number of connections to a host
LogInit:  - LocalHostAddr = Default
LogInit:  - BufferSize = 65536
LogOnline: OSS: Creating online subsystem instance for: NULL
LogInit: WinSock: version 1.1 (2.2), MaxSocks=32767, MaxUdp=65467
LogOnline: OSS: TryLoadSubsystemAndSetDefault: Loaded subsystem for module [NULL]
LogInit: Build: ++UE4+Release-4.24-CL-11590370
LogInit: Engine Version: 4.24.3-11590370+++UE4+Release-4.24
LogInit: Compatible Engine Version: 4.24.0-10570792+++UE4+Release-4.24
LogInit: Net CL: 10570792
LogInit: OS: Windows 10 (Release 1903) (), CPU:         Intel(R) Core(TM) i5-3450 CPU @ 3.10GHz, GPU: NVIDIA GeForce GTX 1060 6GB
LogInit: Compiled (64-bit): Feb 24 2020 15:39:18
LogInit: Compiled with Visual C++: 19.16.27032.01
LogInit: Build Configuration: Development
LogInit: Branch Name: ++UE4+Release-4.24
LogInit: Command Line: 
LogInit: Base Directory: C:/UnrealEngine/UE_4.24/Engine/Binaries/Win64/
LogInit: Installed Engine Build: 1
LogDevObjectVersion: Number of dev versions registered: 25
LogDevObjectVersion:   Dev-Blueprints (B0D832E4-1F89-4F0D-ACCF-7EB736FD4AA2): 10
LogDevObjectVersion:   Dev-Build (E1C64328-A22C-4D53-A36C-8E866417BD8C): 0
LogDevObjectVersion:   Dev-Core (375EC13C-06E4-48FB-B500-84F0262A717E): 3
LogDevObjectVersion:   Dev-Editor (E4B068ED-F494-42E9-A231-DA0B2E46BB41): 37
LogDevObjectVersion:   Dev-Framework (CFFC743F-43B0-4480-9391-14DF171D2073): 36
LogDevObjectVersion:   Dev-Mobile (B02B49B5-BB20-44E9-A304-32B752E40360): 2
LogDevObjectVersion:   Dev-Networking (A4E4105C-59A1-49B5-A7C5-40C4547EDFEE): 0
LogDevObjectVersion:   Dev-Online (39C831C9-5AE6-47DC-9A44-9C173E1C8E7C): 0
LogDevObjectVersion:   Dev-Physics (78F01B33-EBEA-4F98-B9B4-84EACCB95AA2): 2
LogDevObjectVersion:   Dev-Platform (6631380F-2D4D-43E0-8009-CF276956A95A): 0
LogDevObjectVersion:   Dev-Rendering (12F88B9F-8875-4AFC-A67C-D90C383ABD29): 36
LogDevObjectVersion:   Dev-Sequencer (7B5AE74C-D270-4C10-A958-57980B212A5A): 11
LogDevObjectVersion:   Dev-VR (D7296918-1DD6-4BDD-9DE2-64A83CC13884): 2
LogDevObjectVersion:   Dev-LoadTimes (C2A15278-BFE7-4AFE-6C17-90FF531DF755): 1
LogDevObjectVersion:   Private-Geometry (6EACA3D4-40EC-4CC1-B786-8BED09428FC5): 3
LogDevObjectVersion:   Dev-AnimPhys (29E575DD-E0A3-4627-9D10-D276232CDCEA): 17
LogDevObjectVersion:   Dev-Anim (AF43A65D-7FD3-4947-9873-3E8ED9C1BB05): 2
LogDevObjectVersion:   Dev-ReflectionCapture (6B266CEC-1EC7-4B8F-A30B-E4D90942FC07): 1
LogDevObjectVersion:   Dev-Automation (0DF73D61-A23F-47EA-B727-89E90C41499A): 1
LogDevObjectVersion:   FortniteMain (601D1886-AC64-4F84-AA16-D3DE0DEAC7D6): 31
LogDevObjectVersion:   Dev-Enterprise (9DFFBCD6-494F-0158-E221-12823C92A888): 8
LogDevObjectVersion:   Dev-Niagara (F2AED0AC-9AFE-416F-8664-AA7FFA26D6FC): 1
LogDevObjectVersion:   Dev-Destruction (174F1F0B-B4C6-45A5-B13F-2EE8D0FB917D): 9
LogDevObjectVersion:   Dev-Physics-Ext (35F94A83-E258-406C-A318-09F59610247C): 8
LogDevObjectVersion:   Dev-CineCamera (B2E18506-4273-CFC2-A54E-F4BB758BBA07): 1
LogInit: Presizing for max 25165824 objects, including 0 objects not considered by GC, pre-allocating 0 bytes for permanent pool.
LogInit: Object subsystem initialized
LogConfig: Setting CVar [[con.DebugEarlyDefault:1]]
LogConfig: Setting CVar [[r.setres:1280x720]]
[2020.04.20-00.12.25:108][  0]LogConfig: Setting CVar [[r.VSync:0]]
[2020.04.20-00.12.25:108][  0]LogConfig: Setting CVar [[r.RHICmdBypass:0]]
[2020.04.20-00.12.25:108][  0]LogConfig: Applying CVar settings from Section [/Script/Engine.RendererSettings] File [C:/Users/Admin/Documents/Repos/Keep It Alive/KeepItAlive/Saved/Config/Windows/Engine.ini]
[2020.04.20-00.12.25:108][  0]LogConfig: Setting CVar [[r.GPUCrashDebugging:0]]
[2020.04.20-00.12.25:108][  0]LogConfig: Applying CVar settings from Section [/Script/Engine.RendererOverrideSettings] File [C:/Users/Admin/Documents/Repos/Keep It Alive/KeepItAlive/Saved/Config/Windows/Engine.ini]
[2020.04.20-00.12.25:108][  0]LogConfig: Applying CVar settings from Section [/Script/Engine.StreamingSettings] File [C:/Users/Admin/Documents/Repos/Keep It Alive/KeepItAlive/Saved/Config/Windows/Engine.ini]
[2020.04.20-00.12.25:108][  0]LogConfig: Setting CVar [[s.MinBulkDataSizeForAsyncLoading:131072]]
[2020.04.20-00.12.25:108][  0]LogConfig: Setting CVar [[s.AsyncLoadingThreadEnabled:0]]
[2020.04.20-00.12.25:108][  0]LogConfig: Setting CVar [[s.EventDrivenLoaderEnabled:1]]
[2020.04.20-00.12.25:108][  0]LogConfig: Setting CVar [[s.WarnIfTimeLimitExceeded:0]]
[2020.04.20-00.12.25:108][  0]LogConfig: Setting CVar [[s.TimeLimitExceededMultiplier:1.5]]
[2020.04.20-00.12.25:108][  0]LogConfig: Setting CVar [[s.TimeLimitExceededMinTime:0.005]]
[2020.04.20-00.12.25:108][  0]LogConfig: Setting CVar [[s.UseBackgroundLevelStreaming:1]]
[2020.04.20-00.12.25:108][  0]LogConfig: Setting CVar [[s.PriorityAsyncLoadingExtraTime:15.0]]
[2020.04.20-00.12.25:108][  0]LogConfig: Setting CVar [[s.LevelStreamingActorsUpdateTimeLimit:5.0]]
[2020.04.20-00.12.25:108][  0]LogConfig: Setting CVar [[s.PriorityLevelStreamingActorsUpdateExtraTime:5.0]]
[2020.04.20-00.12.25:108][  0]LogConfig: Setting CVar [[s.LevelStreamingComponentsRegistrationGranularity:10]]
[2020.04.20-00.12.25:108][  0]LogConfig: Setting CVar [[s.UnregisterComponentsTimeLimit:1.0]]
[2020.04.20-00.12.25:109][  0]LogConfig: Setting CVar [[s.LevelStreamingComponentsUnregistrationGranularity:5]]
[2020.04.20-00.12.25:109][  0]LogConfig: Setting CVar [[s.FlushStreamingOnExit:1]]
[2020.04.20-00.12.25:109][  0]LogConfig: Applying CVar settings from Section [/Script/Engine.GarbageCollectionSettings] File [C:/Users/Admin/Documents/Repos/Keep It Alive/KeepItAlive/Saved/Config/Windows/Engine.ini]
[2020.04.20-00.12.25:109][  0]LogConfig: Setting CVar [[gc.MaxObjectsNotConsideredByGC:1]]
[2020.04.20-00.12.25:109][  0]LogConfig: Setting CVar [[gc.SizeOfPermanentObjectPool:0]]
[2020.04.20-00.12.25:109][  0]LogConfig: Setting CVar [[gc.FlushStreamingOnGC:0]]
[2020.04.20-00.12.25:109][  0]LogConfig: Setting CVar [[gc.NumRetriesBeforeForcingGC:10]]
[2020.04.20-00.12.25:109][  0]LogConfig: Setting CVar [[gc.AllowParallelGC:1]]
[2020.04.20-00.12.25:109][  0]LogConfig: Setting CVar [[gc.TimeBetweenPurgingPendingKillObjects:61.1]]
[2020.04.20-00.12.25:109][  0]LogConfig: Setting CVar [[gc.MaxObjectsInEditor:25165824]]
[2020.04.20-00.12.25:109][  0]LogConfig: Setting CVar [[gc.IncrementalBeginDestroyEnabled:1]]
[2020.04.20-00.12.25:109][  0]LogConfig: Setting CVar [[gc.CreateGCClusters:1]]
[2020.04.20-00.12.25:109][  0]LogConfig: Setting CVar [[gc.MinGCClusterSize:5]]
[2020.04.20-00.12.25:109][  0]LogConfig: Setting CVar [[gc.ActorClusteringEnabled:0]]
[2020.04.20-00.12.25:109][  0]LogConfig: Setting CVar [[gc.BlueprintClusteringEnabled:0]]
[2020.04.20-00.12.25:109][  0]LogConfig: Setting CVar [[gc.UseDisregardForGCOnDedicatedServers:0]]
[2020.04.20-00.12.25:109][  0]LogConfig: Applying CVar settings from Section [/Script/Engine.NetworkSettings] File [C:/Users/Admin/Documents/Repos/Keep It Alive/KeepItAlive/Saved/Config/Windows/Engine.ini]
[2020.04.20-00.12.25:109][  0]LogConfig: Applying CVar settings from Section [/Script/UnrealEd.CookerSettings] File [C:/Users/Admin/Documents/Repos/Keep It Alive/KeepItAlive/Saved/Config/Windows/Engine.ini]
[2020.04.20-00.12.25:113][  0]LogConfig: Applying CVar settings from Section [ViewDistanceQuality@3] File [C:/Users/Admin/Documents/Repos/Keep It Alive/KeepItAlive/Saved/Config/Windows/Scalability.ini]
[2020.04.20-00.12.25:113][  0]LogConfig: Setting CVar [[r.SkeletalMeshLODBias:0]]
[2020.04.20-00.12.25:113][  0]LogConfig: Setting CVar [[r.ViewDistanceScale:1.0]]
[2020.04.20-00.12.25:113][  0]LogConfig: Applying CVar settings from Section [AntiAliasingQuality@3] File [C:/Users/Admin/Documents/Repos/Keep It Alive/KeepItAlive/Saved/Config/Windows/Scalability.ini]
[2020.04.20-00.12.25:113][  0]LogConfig: Setting CVar [[r.PostProcessAAQuality:4]]
[2020.04.20-00.12.25:113][  0]LogConfig: Applying CVar settings from Section [ShadowQuality@3] File [C:/Users/Admin/Documents/Repos/Keep It Alive/KeepItAlive/Saved/Config/Windows/Scalability.ini]
[2020.04.20-00.12.25:113][  0]LogConfig: Setting CVar [[r.LightFunctionQuality:1]]
[2020.04.20-00.12.25:113][  0]LogConfig: Setting CVar [[r.ShadowQuality:5]]
[2020.04.20-00.12.25:113][  0]LogConfig: Setting CVar [[r.Shadow.CSM.MaxCascades:10]]
[2020.04.20-00.12.25:113][  0]LogConfig: Setting CVar [[r.Shadow.MaxResolution:2048]]
[2020.04.20-00.12.25:113][  0]LogConfig: Setting CVar [[r.Shadow.MaxCSMResolution:2048]]
[2020.04.20-00.12.25:113][  0]LogConfig: Setting CVar [[r.Shadow.RadiusThreshold:0.01]]
[2020.04.20-00.12.25:113][  0]LogConfig: Setting CVar [[r.Shadow.DistanceScale:1.0]]
[2020.04.20-00.12.25:113][  0]LogConfig: Setting CVar [[r.Shadow.CSM.TransitionScale:1.0]]
[2020.04.20-00.12.25:113][  0]LogConfig: Setting CVar [[r.Shadow.PreShadowResolutionFactor:1.0]]
[2020.04.20-00.12.25:113][  0]LogConfig: Setting CVar [[r.DistanceFieldShadowing:1]]
[2020.04.20-00.12.25:113][  0]LogConfig: Setting CVar [[r.DistanceFieldAO:1]]
[2020.04.20-00.12.25:113][  0]LogConfig: Setting CVar [[r.AOQuality:2]]
[2020.04.20-00.12.25:113][  0]LogConfig: Setting CVar [[r.VolumetricFog:1]]
[2020.04.20-00.12.25:113][  0]LogConfig: Setting CVar [[r.VolumetricFog.GridPixelSize:8]]
[2020.04.20-00.12.25:113][  0]LogConfig: Setting CVar [[r.VolumetricFog.GridSizeZ:128]]
[2020.04.20-00.12.25:113][  0]LogConfig: Setting CVar [[r.VolumetricFog.HistoryMissSupersampleCount:4]]
[2020.04.20-00.12.25:113][  0]LogConfig: Setting CVar [[r.LightMaxDrawDistanceScale:1]]
[2020.04.20-00.12.25:113][  0]LogConfig: Setting CVar [[r.CapsuleShadows:1]]
[2020.04.20-00.12.25:113][  0]LogConfig: Applying CVar settings from Section [PostProcessQuality@3] File [C:/Users/Admin/Documents/Repos/Keep It Alive/KeepItAlive/Saved/Config/Windows/Scalability.ini]
[2020.04.20-00.12.25:113][  0]LogConfig: Setting CVar [[r.MotionBlurQuality:4]]
[2020.04.20-00.12.25:113][  0]LogConfig: Setting CVar [[r.AmbientOcclusionMipLevelFactor:0.4]]
[2020.04.20-00.12.25:113][  0]LogConfig: Setting CVar [[r.AmbientOcclusionMaxQuality:100]]
[2020.04.20-00.12.25:113][  0]LogConfig: Setting CVar [[r.AmbientOcclusionLevels:-1]]
[2020.04.20-00.12.25:113][  0]LogConfig: Setting CVar [[r.AmbientOcclusionRadiusScale:1.0]]
[2020.04.20-00.12.25:113][  0]LogConfig: Setting CVar [[r.DepthOfFieldQuality:2]]
[2020.04.20-00.12.25:113][  0]LogConfig: Setting CVar [[r.RenderTargetPoolMin:400]]
[2020.04.20-00.12.25:113][  0]LogConfig: Setting CVar [[r.LensFlareQuality:2]]
[2020.04.20-00.12.25:113][  0]LogConfig: Setting CVar [[r.SceneColorFringeQuality:1]]
[2020.04.20-00.12.25:113][  0]LogConfig: Setting CVar [[r.EyeAdaptationQuality:2]]
[2020.04.20-00.12.25:113][  0]LogConfig: Setting CVar [[r.BloomQuality:5]]
[2020.04.20-00.12.25:113][  0]LogConfig: Setting CVar [[r.FastBlurThreshold:100]]
[2020.04.20-00.12.25:113][  0]LogConfig: Setting CVar [[r.Upscale.Quality:3]]
[2020.04.20-00.12.25:113][  0]LogConfig: Setting CVar [[r.Tonemapper.GrainQuantization:1]]
[2020.04.20-00.12.25:113][  0]LogConfig: Setting CVar [[r.LightShaftQuality:1]]
[2020.04.20-00.12.25:113][  0]LogConfig: Setting CVar [[r.Filter.SizeScale:1]]
[2020.04.20-00.12.25:113][  0]LogConfig: Setting CVar [[r.Tonemapper.Quality:5]]
[2020.04.20-00.12.25:113][  0]LogConfig: Setting CVar [[r.DOF.Gather.AccumulatorQuality:1        ; higher gathering accumulator quality]]
[2020.04.20-00.12.25:113][  0]LogConfig: Setting CVar [[r.DOF.Gather.PostfilterMethod:1          ; Median3x3 postfilering method]]
[2020.04.20-00.12.25:113][  0]LogConfig: Setting CVar [[r.DOF.Gather.EnableBokehSettings:0       ; no bokeh simulation when gathering]]
[2020.04.20-00.12.25:113][  0]LogConfig: Setting CVar [[r.DOF.Gather.RingCount:4                 ; medium number of samples when gathering]]
[2020.04.20-00.12.25:113][  0]LogConfig: Setting CVar [[r.DOF.Scatter.ForegroundCompositing:1    ; additive foreground scattering]]
[2020.04.20-00.12.25:114][  0]LogConfig: Setting CVar [[r.DOF.Scatter.BackgroundCompositing:2    ; additive background scattering]]
[2020.04.20-00.12.25:114][  0]LogConfig: Setting CVar [[r.DOF.Scatter.EnableBokehSettings:1      ; bokeh simulation when scattering]]
[2020.04.20-00.12.25:114][  0]LogConfig: Setting CVar [[r.DOF.Scatter.MaxSpriteRatio:0.1         ; only a maximum of 10% of scattered bokeh]]
[2020.04.20-00.12.25:114][  0]LogConfig: Setting CVar [[r.DOF.Recombine.Quality:1                ; cheap slight out of focus]]
[2020.04.20-00.12.25:114][  0]LogConfig: Setting CVar [[r.DOF.Recombine.EnableBokehSettings:0    ; no bokeh simulation on slight out of focus]]
[2020.04.20-00.12.25:114][  0]LogConfig: Setting CVar [[r.DOF.TemporalAAQuality:1                ; more stable temporal accumulation]]
[2020.04.20-00.12.25:114][  0]LogConfig: Setting CVar [[r.DOF.Kernel.MaxForegroundRadius:0.025]]
[2020.04.20-00.12.25:114][  0]LogConfig: Setting CVar [[r.DOF.Kernel.MaxBackgroundRadius:0.025]]
[2020.04.20-00.12.25:114][  0]LogConfig: Applying CVar settings from Section [TextureQuality@3] File [C:/Users/Admin/Documents/Repos/Keep It Alive/KeepItAlive/Saved/Config/Windows/Scalability.ini]
[2020.04.20-00.12.25:114][  0]LogConfig: Setting CVar [[r.Streaming.MipBias:0]]
[2020.04.20-00.12.25:114][  0]LogConfig: Setting CVar [[r.Streaming.AmortizeCPUToGPUCopy:0]]
[2020.04.20-00.12.25:114][  0]LogConfig: Setting CVar [[r.Streaming.MaxNumTexturesToStreamPerFrame:0]]
[2020.04.20-00.12.25:114][  0]LogConfig: Setting CVar [[r.Streaming.Boost:1]]
[2020.04.20-00.12.25:114][  0]LogConfig: Setting CVar [[r.MaxAnisotropy:8]]
[2020.04.20-00.12.25:114][  0]LogConfig: Setting CVar [[r.VT.MaxAnisotropy:8]]
[2020.04.20-00.12.25:114][  0]LogConfig: Setting CVar [[r.Streaming.LimitPoolSizeToVRAM:0]]
[2020.04.20-00.12.25:114][  0]LogConfig: Setting CVar [[r.Streaming.PoolSize:1000]]
[2020.04.20-00.12.25:114][  0]LogConfig: Setting CVar [[r.Streaming.MaxEffectiveScreenSize:0]]
[2020.04.20-00.12.25:114][  0]LogConfig: Applying CVar settings from Section [EffectsQuality@3] File [C:/Users/Admin/Documents/Repos/Keep It Alive/KeepItAlive/Saved/Config/Windows/Scalability.ini]
[2020.04.20-00.12.25:114][  0]LogConfig: Setting CVar [[r.TranslucencyLightingVolumeDim:64]]
[2020.04.20-00.12.25:114][  0]LogConfig: Setting CVar [[r.RefractionQuality:2]]
[2020.04.20-00.12.25:114][  0]LogConfig: Setting CVar [[r.SSR.Quality:3]]
[2020.04.20-00.12.25:114][  0]LogConfig: Setting CVar [[r.SSR.HalfResSceneColor:0]]
[2020.04.20-00.12.25:114][  0]LogConfig: Setting CVar [[r.SceneColorFormat:4]]
[2020.04.20-00.12.25:114][  0]LogConfig: Setting CVar [[r.DetailMode:2]]
[2020.04.20-00.12.25:114][  0]LogConfig: Setting CVar [[r.TranslucencyVolumeBlur:1]]
[2020.04.20-00.12.25:114][  0]LogConfig: Setting CVar [[r.MaterialQualityLevel:1 ; High quality]]
[2020.04.20-00.12.25:114][  0]LogConfig: Setting CVar [[r.SSS.Scale:1]]
[2020.04.20-00.12.25:114][  0]LogConfig: Setting CVar [[r.SSS.SampleSet:2]]
[2020.04.20-00.12.25:114][  0]LogConfig: Setting CVar [[r.SSS.Quality:1]]
[2020.04.20-00.12.25:114][  0]LogConfig: Setting CVar [[r.SSS.HalfRes:1]]
[2020.04.20-00.12.25:114][  0]LogConfig: Setting CVar [[r.SSGI.Quality:3]]
[2020.04.20-00.12.25:114][  0]LogConfig: Setting CVar [[r.EmitterSpawnRateScale:1.0]]
[2020.04.20-00.12.25:114][  0]LogConfig: Setting CVar [[r.ParticleLightQuality:2]]
[2020.04.20-00.12.25:114][  0]LogConfig: Setting CVar [[r.SkyAtmosphere.AerialPerspectiveLUT.FastApplyOnOpaque:1 ; Always have FastSkyLUT 1 in this case to avoid wrong sky]]
[2020.04.20-00.12.25:114][  0]LogConfig: Setting CVar [[r.SkyAtmosphere.AerialPerspectiveLUT.SampleCountPerSlice:1]]
[2020.04.20-00.12.25:114][  0]LogConfig: Setting CVar [[r.SkyAtmosphere.AerialPerspectiveLUT.DepthResolution:16.0]]
[2020.04.20-00.12.25:114][  0]LogConfig: Setting CVar [[r.SkyAtmosphere.FastSkyLUT:1]]
[2020.04.20-00.12.25:114][  0]LogConfig: Setting CVar [[r.SkyAtmosphere.FastSkyLUT.SampleCountMin:4.0]]
[2020.04.20-00.12.25:114][  0]LogConfig: Setting CVar [[r.SkyAtmosphere.FastSkyLUT.SampleCountMax:32.0]]
[2020.04.20-00.12.25:114][  0]LogConfig: Setting CVar [[r.SkyAtmosphere.SampleCountMin:4.0]]
[2020.04.20-00.12.25:114][  0]LogConfig: Setting CVar [[r.SkyAtmosphere.SampleCountMax:32.0]]
[2020.04.20-00.12.25:114][  0]LogConfig: Setting CVar [[r.SkyAtmosphere.TransmittanceLUT.UseSmallFormat:0]]
[2020.04.20-00.12.25:114][  0]LogConfig: Setting CVar [[r.SkyAtmosphere.TransmittanceLUT.SampleCount:10.0]]
[2020.04.20-00.12.25:114][  0]LogConfig: Setting CVar [[r.SkyAtmosphere.MultiScatteringLUT.SampleCount:15.0]]
[2020.04.20-00.12.25:114][  0]LogConfig: Applying CVar settings from Section [FoliageQuality@3] File [C:/Users/Admin/Documents/Repos/Keep It Alive/KeepItAlive/Saved/Config/Windows/Scalability.ini]
[2020.04.20-00.12.25:114][  0]LogConfig: Setting CVar [[foliage.DensityScale:1.0]]
[2020.04.20-00.12.25:114][  0]LogConfig: Setting CVar [[grass.DensityScale:1.0]]
[2020.04.20-00.12.25:114][  0]LogConfig: Applying CVar settings from Section [ShadingQuality@3] File [C:/Users/Admin/Documents/Repos/Keep It Alive/KeepItAlive/Saved/Config/Windows/Scalability.ini]
[2020.04.20-00.12.25:114][  0]LogConfig: Setting CVar [[r.HairStrands.SkyLighting.SampleCount:16]]
[2020.04.20-00.12.25:114][  0]LogConfig: Setting CVar [[r.HairStrands.SkyLighting.JitterIntegration:0]]
[2020.04.20-00.12.25:114][  0]LogConfig: Setting CVar [[r.HairStrands.SkyAO.SampleCount:16]]
[2020.04.20-00.12.25:114][  0]LogInit: Selected Device Profile: [Windows]
[2020.04.20-00.12.25:114][  0]LogInit: Applying CVar settings loaded from the selected device profile: [Windows]
[2020.04.20-00.12.25:118][  0]LogHAL: Display: Platform has ~ 8 GB [8554160128 / 8589934592 / 8], which maps to Default [LargestMinGB=32, LargerMinGB=12, DefaultMinGB=8, SmallerMinGB=6, SmallestMinGB=0)
[2020.04.20-00.12.25:118][  0]LogInit: Going up to parent DeviceProfile []
[2020.04.20-00.12.25:118][  0]LogConfig: Applying CVar settings from Section [ViewDistanceQuality@3] File [C:/Users/Admin/Documents/Repos/Keep It Alive/KeepItAlive/Saved/Config/Windows/Scalability.ini]
[2020.04.20-00.12.25:118][  0]LogConfig: Setting CVar [[r.SkeletalMeshLODBias:0]]
[2020.04.20-00.12.25:118][  0]LogConfig: Setting CVar [[r.ViewDistanceScale:1.0]]
[2020.04.20-00.12.25:118][  0]LogConfig: Applying CVar settings from Section [AntiAliasingQuality@3] File [C:/Users/Admin/Documents/Repos/Keep It Alive/KeepItAlive/Saved/Config/Windows/Scalability.ini]
[2020.04.20-00.12.25:118][  0]LogConfig: Setting CVar [[r.PostProcessAAQuality:4]]
[2020.04.20-00.12.25:118][  0]LogConfig: Applying CVar settings from Section [ShadowQuality@3] File [C:/Users/Admin/Documents/Repos/Keep It Alive/KeepItAlive/Saved/Config/Windows/Scalability.ini]
[2020.04.20-00.12.25:118][  0]LogConfig: Setting CVar [[r.LightFunctionQuality:1]]
[2020.04.20-00.12.25:118][  0]LogConfig: Setting CVar [[r.ShadowQuality:5]]
[2020.04.20-00.12.25:119][  0]LogConfig: Setting CVar [[r.Shadow.CSM.MaxCascades:10]]
[2020.04.20-00.12.25:119][  0]LogConfig: Setting CVar [[r.Shadow.MaxResolution:2048]]
[2020.04.20-00.12.25:119][  0]LogConfig: Setting CVar [[r.Shadow.MaxCSMResolution:2048]]
[2020.04.20-00.12.25:119][  0]LogConfig: Setting CVar [[r.Shadow.RadiusThreshold:0.01]]
[2020.04.20-00.12.25:119][  0]LogConfig: Setting CVar [[r.Shadow.DistanceScale:1.0]]
[2020.04.20-00.12.25:119][  0]LogConfig: Setting CVar [[r.Shadow.CSM.TransitionScale:1.0]]
[2020.04.20-00.12.25:119][  0]LogConfig: Setting CVar [[r.Shadow.PreShadowResolutionFactor:1.0]]
[2020.04.20-00.12.25:119][  0]LogConfig: Setting CVar [[r.DistanceFieldShadowing:1]]
[2020.04.20-00.12.25:119][  0]LogConfig: Setting CVar [[r.DistanceFieldAO:1]]
[2020.04.20-00.12.25:119][  0]LogConfig: Setting CVar [[r.AOQuality:2]]
[2020.04.20-00.12.25:119][  0]LogConfig: Setting CVar [[r.VolumetricFog:1]]
[2020.04.20-00.12.25:119][  0]LogConfig: Setting CVar [[r.VolumetricFog.GridPixelSize:8]]
[2020.04.20-00.12.25:119][  0]LogConfig: Setting CVar [[r.VolumetricFog.GridSizeZ:128]]
[2020.04.20-00.12.25:119][  0]LogConfig: Setting CVar [[r.VolumetricFog.HistoryMissSupersampleCount:4]]
[2020.04.20-00.12.25:119][  0]LogConfig: Setting CVar [[r.LightMaxDrawDistanceScale:1]]
[2020.04.20-00.12.25:119][  0]LogConfig: Setting CVar [[r.CapsuleShadows:1]]
[2020.04.20-00.12.25:119][  0]LogConfig: Applying CVar settings from Section [PostProcessQuality@3] File [C:/Users/Admin/Documents/Repos/Keep It Alive/KeepItAlive/Saved/Config/Windows/Scalability.ini]
[2020.04.20-00.12.25:119][  0]LogConfig: Setting CVar [[r.MotionBlurQuality:4]]
[2020.04.20-00.12.25:119][  0]LogConfig: Setting CVar [[r.AmbientOcclusionMipLevelFactor:0.4]]
[2020.04.20-00.12.25:119][  0]LogConfig: Setting CVar [[r.AmbientOcclusionMaxQuality:100]]
[2020.04.20-00.12.25:119][  0]LogConfig: Setting CVar [[r.AmbientOcclusionLevels:-1]]
[2020.04.20-00.12.25:119][  0]LogConfig: Setting CVar [[r.AmbientOcclusionRadiusScale:1.0]]
[2020.04.20-00.12.25:119][  0]LogConfig: Setting CVar [[r.DepthOfFieldQuality:2]]
[2020.04.20-00.12.25:119][  0]LogConfig: Setting CVar [[r.RenderTargetPoolMin:400]]
[2020.04.20-00.12.25:119][  0]LogConfig: Setting CVar [[r.LensFlareQuality:2]]
[2020.04.20-00.12.25:119][  0]LogConfig: Setting CVar [[r.SceneColorFringeQuality:1]]
[2020.04.20-00.12.25:119][  0]LogConfig: Setting CVar [[r.EyeAdaptationQuality:2]]
[2020.04.20-00.12.25:119][  0]LogConfig: Setting CVar [[r.BloomQuality:5]]
[2020.04.20-00.12.25:119][  0]LogConfig: Setting CVar [[r.FastBlurThreshold:100]]
[2020.04.20-00.12.25:119][  0]LogConfig: Setting CVar [[r.Upscale.Quality:3]]
[2020.04.20-00.12.25:119][  0]LogConfig: Setting CVar [[r.Tonemapper.GrainQuantization:1]]
[2020.04.20-00.12.25:119][  0]LogConfig: Setting CVar [[r.LightShaftQuality:1]]
[2020.04.20-00.12.25:119][  0]LogConfig: Setting CVar [[r.Filter.SizeScale:1]]
[2020.04.20-00.12.25:119][  0]LogConfig: Setting CVar [[r.Tonemapper.Quality:5]]
[2020.04.20-00.12.25:119][  0]LogConfig: Setting CVar [[r.DOF.Gather.AccumulatorQuality:1        ; higher gathering accumulator quality]]
[2020.04.20-00.12.25:119][  0]LogConfig: Setting CVar [[r.DOF.Gather.PostfilterMethod:1          ; Median3x3 postfilering method]]
[2020.04.20-00.12.25:119][  0]LogConfig: Setting CVar [[r.DOF.Gather.EnableBokehSettings:0       ; no bokeh simulation when gathering]]
[2020.04.20-00.12.25:119][  0]LogConfig: Setting CVar [[r.DOF.Gather.RingCount:4                 ; medium number of samples when gathering]]
[2020.04.20-00.12.25:119][  0]LogConfig: Setting CVar [[r.DOF.Scatter.ForegroundCompositing:1    ; additive foreground scattering]]
[2020.04.20-00.12.25:119][  0]LogConfig: Setting CVar [[r.DOF.Scatter.BackgroundCompositing:2    ; additive background scattering]]
[2020.04.20-00.12.25:119][  0]LogConfig: Setting CVar [[r.DOF.Scatter.EnableBokehSettings:1      ; bokeh simulation when scattering]]
[2020.04.20-00.12.25:119][  0]LogConfig: Setting CVar [[r.DOF.Scatter.MaxSpriteRatio:0.1         ; only a maximum of 10% of scattered bokeh]]
[2020.04.20-00.12.25:119][  0]LogConfig: Setting CVar [[r.DOF.Recombine.Quality:1                ; cheap slight out of focus]]
[2020.04.20-00.12.25:119][  0]LogConfig: Setting CVar [[r.DOF.Recombine.EnableBokehSettings:0    ; no bokeh simulation on slight out of focus]]
[2020.04.20-00.12.25:119][  0]LogConfig: Setting CVar [[r.DOF.TemporalAAQuality:1                ; more stable temporal accumulation]]
[2020.04.20-00.12.25:119][  0]LogConfig: Setting CVar [[r.DOF.Kernel.MaxForegroundRadius:0.025]]
[2020.04.20-00.12.25:119][  0]LogConfig: Setting CVar [[r.DOF.Kernel.MaxBackgroundRadius:0.025]]
[2020.04.20-00.12.25:119][  0]LogConfig: Applying CVar settings from Section [TextureQuality@3] File [C:/Users/Admin/Documents/Repos/Keep It Alive/KeepItAlive/Saved/Config/Windows/Scalability.ini]
[2020.04.20-00.12.25:119][  0]LogConfig: Setting CVar [[r.Streaming.MipBias:0]]
[2020.04.20-00.12.25:119][  0]LogConfig: Setting CVar [[r.Streaming.AmortizeCPUToGPUCopy:0]]
[2020.04.20-00.12.25:119][  0]LogConfig: Setting CVar [[r.Streaming.MaxNumTexturesToStreamPerFrame:0]]
[2020.04.20-00.12.25:119][  0]LogConfig: Setting CVar [[r.Streaming.Boost:1]]
[2020.04.20-00.12.25:119][  0]LogConfig: Setting CVar [[r.MaxAnisotropy:8]]
[2020.04.20-00.12.25:119][  0]LogConfig: Setting CVar [[r.VT.MaxAnisotropy:8]]
[2020.04.20-00.12.25:119][  0]LogConfig: Setting CVar [[r.Streaming.LimitPoolSizeToVRAM:0]]
[2020.04.20-00.12.25:119][  0]LogConfig: Setting CVar [[r.Streaming.PoolSize:1000]]
[2020.04.20-00.12.25:119][  0]LogConfig: Setting CVar [[r.Streaming.MaxEffectiveScreenSize:0]]
[2020.04.20-00.12.25:119][  0]LogConfig: Applying CVar settings from Section [EffectsQuality@3] File [C:/Users/Admin/Documents/Repos/Keep It Alive/KeepItAlive/Saved/Config/Windows/Scalability.ini]
[2020.04.20-00.12.25:120][  0]LogConfig: Setting CVar [[r.TranslucencyLightingVolumeDim:64]]
[2020.04.20-00.12.25:120][  0]LogConfig: Setting CVar [[r.RefractionQuality:2]]
[2020.04.20-00.12.25:120][  0]LogConfig: Setting CVar [[r.SSR.Quality:3]]
[2020.04.20-00.12.25:120][  0]LogConfig: Setting CVar [[r.SSR.HalfResSceneColor:0]]
[2020.04.20-00.12.25:120][  0]LogConfig: Setting CVar [[r.SceneColorFormat:4]]
[2020.04.20-00.12.25:120][  0]LogConfig: Setting CVar [[r.DetailMode:2]]
[2020.04.20-00.12.25:120][  0]LogConfig: Setting CVar [[r.TranslucencyVolumeBlur:1]]
[2020.04.20-00.12.25:120][  0]LogConfig: Setting CVar [[r.MaterialQualityLevel:1 ; High quality]]
[2020.04.20-00.12.25:120][  0]LogConfig: Setting CVar [[r.SSS.Scale:1]]
[2020.04.20-00.12.25:120][  0]LogConfig: Setting CVar [[r.SSS.SampleSet:2]]
[2020.04.20-00.12.25:120][  0]LogConfig: Setting CVar [[r.SSS.Quality:1]]
[2020.04.20-00.12.25:120][  0]LogConfig: Setting CVar [[r.SSS.HalfRes:1]]
[2020.04.20-00.12.25:120][  0]LogConfig: Setting CVar [[r.SSGI.Quality:3]]
[2020.04.20-00.12.25:120][  0]LogConfig: Setting CVar [[r.EmitterSpawnRateScale:1.0]]
[2020.04.20-00.12.25:120][  0]LogConfig: Setting CVar [[r.ParticleLightQuality:2]]
[2020.04.20-00.12.25:120][  0]LogConfig: Setting CVar [[r.SkyAtmosphere.AerialPerspectiveLUT.FastApplyOnOpaque:1 ; Always have FastSkyLUT 1 in this case to avoid wrong sky]]
[2020.04.20-00.12.25:120][  0]LogConfig: Setting CVar [[r.SkyAtmosphere.AerialPerspectiveLUT.SampleCountPerSlice:1]]
[2020.04.20-00.12.25:120][  0]LogConfig: Setting CVar [[r.SkyAtmosphere.AerialPerspectiveLUT.DepthResolution:16.0]]
[2020.04.20-00.12.25:120][  0]LogConfig: Setting CVar [[r.SkyAtmosphere.FastSkyLUT:1]]
[2020.04.20-00.12.25:120][  0]LogConfig: Setting CVar [[r.SkyAtmosphere.FastSkyLUT.SampleCountMin:4.0]]
[2020.04.20-00.12.25:120][  0]LogConfig: Setting CVar [[r.SkyAtmosphere.FastSkyLUT.SampleCountMax:32.0]]
[2020.04.20-00.12.25:120][  0]LogConfig: Setting CVar [[r.SkyAtmosphere.SampleCountMin:4.0]]
[2020.04.20-00.12.25:120][  0]LogConfig: Setting CVar [[r.SkyAtmosphere.SampleCountMax:32.0]]
[2020.04.20-00.12.25:120][  0]LogConfig: Setting CVar [[r.SkyAtmosphere.TransmittanceLUT.UseSmallFormat:0]]
[2020.04.20-00.12.25:120][  0]LogConfig: Setting CVar [[r.SkyAtmosphere.TransmittanceLUT.SampleCount:10.0]]
[2020.04.20-00.12.25:120][  0]LogConfig: Setting CVar [[r.SkyAtmosphere.MultiScatteringLUT.SampleCount:15.0]]
[2020.04.20-00.12.25:120][  0]LogConfig: Applying CVar settings from Section [FoliageQuality@3] File [C:/Users/Admin/Documents/Repos/Keep It Alive/KeepItAlive/Saved/Config/Windows/Scalability.ini]
[2020.04.20-00.12.25:120][  0]LogConfig: Setting CVar [[foliage.DensityScale:1.0]]
[2020.04.20-00.12.25:120][  0]LogConfig: Setting CVar [[grass.DensityScale:1.0]]
[2020.04.20-00.12.25:120][  0]LogConfig: Applying CVar settings from Section [ShadingQuality@3] File [C:/Users/Admin/Documents/Repos/Keep It Alive/KeepItAlive/Saved/Config/Windows/Scalability.ini]
[2020.04.20-00.12.25:120][  0]LogConfig: Setting CVar [[r.HairStrands.SkyLighting.SampleCount:16]]
[2020.04.20-00.12.25:120][  0]LogConfig: Setting CVar [[r.HairStrands.SkyLighting.JitterIntegration:0]]
[2020.04.20-00.12.25:120][  0]LogConfig: Setting CVar [[r.HairStrands.SkyAO.SampleCount:16]]
[2020.04.20-00.12.25:120][  0]LogConfig: Applying CVar settings from Section [Startup] File [../../../Engine/Config/ConsoleVariables.ini]
[2020.04.20-00.12.25:121][  0]LogConfig: Setting CVar [[net.UseAdaptiveNetUpdateFrequency:0]]
[2020.04.20-00.12.25:121][  0]LogConfig: Setting CVar [[p.chaos.AllowCreatePhysxBodies:1]]
[2020.04.20-00.12.25:121][  0]LogConfig: Applying CVar settings from Section [ConsoleVariables] File [C:/Users/Admin/Documents/Repos/Keep It Alive/KeepItAlive/Saved/Config/Windows/Engine.ini]
[2020.04.20-00.12.25:121][  0]LogInit: Computer: WIN-H8OU5S8TNS7
[2020.04.20-00.12.25:121][  0]LogInit: User: Admin
[2020.04.20-00.12.25:121][  0]LogInit: CPU Page size=4096, Cores=4
[2020.04.20-00.12.25:121][  0]LogInit: High frequency timer resolution =10.000000 MHz
[2020.04.20-00.12.25:121][  0]LogMemory: Memory total: Physical=8.0GB (8GB approx)
[2020.04.20-00.12.25:121][  0]LogMemory: Platform Memory Stats for Windows
[2020.04.20-00.12.25:121][  0]LogMemory: Process Physical Memory: 105.05 MB used, 105.05 MB peak
[2020.04.20-00.12.25:121][  0]LogMemory: Process Virtual Memory: 99.89 MB used, 99.89 MB peak
[2020.04.20-00.12.25:121][  0]LogMemory: Physical Memory: 7124.17 MB used,  1033.71 MB free, 8157.88 MB total
[2020.04.20-00.12.25:121][  0]LogMemory: Virtual Memory: 5121.08 MB used,  134212608.00 MB free, 134217728.00 MB total
[2020.04.20-00.12.25:124][  0]LogWindows: WindowsPlatformFeatures enabled
[2020.04.20-00.12.25:155][  0]LogInit: Using OS detected language (ru-RU).
[2020.04.20-00.12.25:156][  0]LogInit: Using OS detected locale (ru-RU).
[2020.04.20-00.12.25:156][  0]LogTextLocalizationManager: No specific localization for 'ru-RU' exists, so the 'ru' localization will be used.
[2020.04.20-00.12.25:157][  0]LogTextLocalizationResource: LocRes '../../../Engine/Content/Localization/Editor/ru/Editor.locres' could not be opened for reading!
[2020.04.20-00.12.25:157][  0]LogTextLocalizationResource: LocRes '../../../Engine/Content/Localization/EditorTutorials/ru/EditorTutorials.locres' could not be opened for reading!
[2020.04.20-00.12.25:157][  0]LogTextLocalizationResource: LocRes '../../../Engine/Content/Localization/Keywords/ru/Keywords.locres' could not be opened for reading!
[2020.04.20-00.12.25:157][  0]LogTextLocalizationResource: LocRes '../../../Engine/Content/Localization/Category/ru/Category.locres' could not be opened for reading!
[2020.04.20-00.12.25:157][  0]LogTextLocalizationResource: LocRes '../../../Engine/Content/Localization/ToolTips/ru/ToolTips.locres' could not be opened for reading!
[2020.04.20-00.12.25:157][  0]LogTextLocalizationResource: LocRes '../../../Engine/Content/Localization/PropertyNames/ru/PropertyNames.locres' could not be opened for reading!
[2020.04.20-00.12.25:157][  0]LogTextLocalizationResource: LocRes '../../../Engine/Content/Localization/Engine/ru/Engine.locres' could not be opened for reading!
[2020.04.20-00.12.25:159][  0]LogInit: Setting process to per monitor DPI aware
[2020.04.20-00.12.25:193][  0]LogSlate: New Slate User Created.  User Index 0, Is Virtual User: 0
[2020.04.20-00.12.25:193][  0]LogSlate: Slate User Registered.  User Index 0, Is Virtual User: 0
[2020.04.20-00.12.25:472][  0]LogHMD: Failed to initialize OpenVR with code 110
[2020.04.20-00.12.25:472][  0]LogD3D11RHI: D3D11 min allowed feature level: 11_0
[2020.04.20-00.12.25:472][  0]LogD3D11RHI: D3D11 max allowed feature level: 11_0
[2020.04.20-00.12.25:472][  0]LogD3D11RHI: D3D11 adapters:
[2020.04.20-00.12.25:516][  0]LogD3D11RHI:    0. 'NVIDIA GeForce GTX 1060 6GB' (Feature Level 11_0)
[2020.04.20-00.12.25:516][  0]LogD3D11RHI:       6081/0/4078 MB DedicatedVideo/DedicatedSystem/SharedSystem, Outputs:1, VendorId:0x10de
[2020.04.20-00.12.25:523][  0]LogD3D11RHI:    1. 'Microsoft Basic Render Driver' (Feature Level 11_0)
[2020.04.20-00.12.25:523][  0]LogD3D11RHI:       0/0/4078 MB DedicatedVideo/DedicatedSystem/SharedSystem, Outputs:0, VendorId:0x1414
[2020.04.20-00.12.25:524][  0]LogD3D11RHI: Chosen D3D11 Adapter: 0
[2020.04.20-00.12.25:532][  0]LogD3D11RHI: Creating new Direct3DDevice
[2020.04.20-00.12.25:532][  0]LogD3D11RHI:     GPU DeviceId: 0x1c03 (for the marketing name, search the web for "GPU Device Id")
[2020.04.20-00.12.25:532][  0]LogWindows: EnumDisplayDevices:
[2020.04.20-00.12.25:532][  0]LogWindows:    0. 'NVIDIA GeForce GTX 1060 6GB' (P:1 D:1)
[2020.04.20-00.12.25:533][  0]LogWindows:    1. 'NVIDIA GeForce GTX 1060 6GB' (P:0 D:0)
[2020.04.20-00.12.25:533][  0]LogWindows:    2. 'NVIDIA GeForce GTX 1060 6GB' (P:0 D:0)
[2020.04.20-00.12.25:534][  0]LogWindows:    3. 'NVIDIA GeForce GTX 1060 6GB' (P:0 D:0)
[2020.04.20-00.12.25:534][  0]LogWindows: DebugString: FoundDriverCount:4 
[2020.04.20-00.12.25:534][  0]LogD3D11RHI:     Adapter Name: NVIDIA GeForce GTX 1060 6GB
[2020.04.20-00.12.25:534][  0]LogD3D11RHI:   Driver Version: 378.66 (internal:21.21.13.7866, unified:378.66)
[2020.04.20-00.12.25:534][  0]LogD3D11RHI:      Driver Date: 2-9-2017
[2020.04.20-00.12.25:534][  0]LogRHI: Texture pool is 4256 MB (70% of 6081 MB)
[2020.04.20-00.12.25:559][  0]LogD3D11RHI: RHI does not have support for 64 bit atomics
[2020.04.20-00.12.25:559][  0]LogD3D11RHI: Async texture creation enabled
[2020.04.20-00.12.25:574][  0]LogD3D11RHI: GPU Timing Frequency: 1000.000000 (Debug: 2 1)
[2020.04.20-00.12.25:904][  0]LogTargetPlatformManager: Display: Loaded TargetPlatform 'AllDesktop'
[2020.04.20-00.12.25:944][  0]LogTargetPlatformManager: Display: Loaded TargetPlatform 'Android'
[2020.04.20-00.12.25:944][  0]LogTargetPlatformManager: Display: Loaded TargetPlatform 'Android_ASTC'
[2020.04.20-00.12.25:944][  0]LogTargetPlatformManager: Display: Loaded TargetPlatform 'Android_ATC'
[2020.04.20-00.12.25:944][  0]LogTargetPlatformManager: Display: Loaded TargetPlatform 'Android_DXT'
[2020.04.20-00.12.25:944][  0]LogTargetPlatformManager: Display: Loaded TargetPlatform 'Android_ETC1'
[2020.04.20-00.12.25:944][  0]LogTargetPlatformManager: Display: Loaded TargetPlatform 'Android_ETC1a'
[2020.04.20-00.12.25:944][  0]LogTargetPlatformManager: Display: Loaded TargetPlatform 'Android_ETC2'
[2020.04.20-00.12.25:944][  0]LogTargetPlatformManager: Display: Loaded TargetPlatform 'Android_PVRTC'
[2020.04.20-00.12.25:944][  0]LogTargetPlatformManager: Display: Loaded TargetPlatform 'AndroidClient'
[2020.04.20-00.12.25:944][  0]LogTargetPlatformManager: Display: Loaded TargetPlatform 'Android_ASTCClient'
[2020.04.20-00.12.25:944][  0]LogTargetPlatformManager: Display: Loaded TargetPlatform 'Android_ATCClient'
[2020.04.20-00.12.25:944][  0]LogTargetPlatformManager: Display: Loaded TargetPlatform 'Android_DXTClient'
[2020.04.20-00.12.25:944][  0]LogTargetPlatformManager: Display: Loaded TargetPlatform 'Android_ETC1Client'
[2020.04.20-00.12.25:944][  0]LogTargetPlatformManager: Display: Loaded TargetPlatform 'Android_ETC1aClient'
[2020.04.20-00.12.25:944][  0]LogTargetPlatformManager: Display: Loaded TargetPlatform 'Android_ETC2Client'
[2020.04.20-00.12.25:944][  0]LogTargetPlatformManager: Display: Loaded TargetPlatform 'Android_PVRTCClient'
[2020.04.20-00.12.25:945][  0]LogTargetPlatformManager: Display: Loaded TargetPlatform 'Android_Multi'
[2020.04.20-00.12.25:945][  0]LogTargetPlatformManager: Display: Loaded TargetPlatform 'Android_MultiClient'
[2020.04.20-00.12.25:970][  0]LogTargetPlatformManager: Display: Loaded TargetPlatform 'IOSClient'
[2020.04.20-00.12.25:970][  0]LogTargetPlatformManager: Display: Loaded TargetPlatform 'IOS'
[2020.04.20-00.12.25:981][  0]LogTargetPlatformManager: Display: Loaded TargetPlatform 'LinuxNoEditor'
[2020.04.20-00.12.25:991][  0]LogTargetPlatformManager: Display: Loaded TargetPlatform 'LinuxClient'
[2020.04.20-00.12.26:001][  0]LogTargetPlatformManager: Display: Loaded TargetPlatform 'LinuxServer'
[2020.04.20-00.12.26:013][  0]LogTargetPlatformManager: Display: Loaded TargetPlatform 'LinuxAArch64NoEditor'
[2020.04.20-00.12.26:023][  0]LogTargetPlatformManager: Display: Loaded TargetPlatform 'LinuxAArch64Client'
[2020.04.20-00.12.26:033][  0]LogTargetPlatformManager: Display: Loaded TargetPlatform 'LinuxAArch64Server'
[2020.04.20-00.12.26:066][  0]LogTargetPlatformManager: Display: Loaded TargetPlatform 'Lumin'
[2020.04.20-00.12.26:066][  0]LogTargetPlatformManager: Display: Loaded TargetPlatform 'LuminClient'
[2020.04.20-00.12.26:086][  0]LogTargetPlatformManager: Display: Loaded TargetPlatform 'TVOSClient'
[2020.04.20-00.12.26:086][  0]LogTargetPlatformManager: Display: Loaded TargetPlatform 'TVOS'
[2020.04.20-00.12.26:096][  0]LogTargetPlatformManager: Display: Loaded TargetPlatform 'WindowsNoEditor'
[2020.04.20-00.12.26:107][  0]LogTargetPlatformManager: Display: Loaded TargetPlatform 'Windows'
[2020.04.20-00.12.26:117][  0]LogTargetPlatformManager: Display: Loaded TargetPlatform 'WindowsClient'
[2020.04.20-00.12.26:126][  0]LogTargetPlatformManager: Display: Loaded TargetPlatform 'WindowsServer'
[2020.04.20-00.12.26:126][  0]LogTargetPlatformManager: Display: Building Assets For Windows
[2020.04.20-00.12.26:132][  0]LogAudioDebug: Display: Lib vorbis DLL was dynamically loaded.
[2020.04.20-00.12.26:173][  0]LogShaderCompilers: Guid format shader working directory is -23 characters bigger than the processId version (../../../../../Users/Admin/Documents/Repos/Keep It Alive/KeepItAlive/Intermediate/Shaders/WorkingDirectory/24448/).
[2020.04.20-00.12.26:173][  0]LogShaderCompilers: Cleaned the shader compiler working directory 'C:/Users/Admin/AppData/Local/Temp/UnrealShaderWorkingDir/097954894DF69CD6A01B548388232CC4/'.
[2020.04.20-00.12.26:174][  0]LogXGEController: Cleaning working directory: C:/Users/Admin/AppData/Local/Temp/UnrealXGEWorkingDir/
[2020.04.20-00.12.26:175][  0]LogShaderCompilers: Display: Using XGE Shader Compiler (Interception Interface).
[2020.04.20-00.12.27:155][  0]LogDerivedDataCache: Display: Max Cache Size: 512 MB
[2020.04.20-00.12.27:516][  0]LogDerivedDataCache: Loaded boot cache 0.36s 78MB C:/Users/Admin/AppData/Local/UnrealEngine/4.24/DerivedDataCache/Boot.ddc.
[2020.04.20-00.12.27:516][  0]LogDerivedDataCache: Display: Loaded Boot cache: C:/Users/Admin/AppData/Local/UnrealEngine/4.24/DerivedDataCache/Boot.ddc
[2020.04.20-00.12.27:516][  0]LogDerivedDataCache: FDerivedDataBackendGraph:  Pak pak cache file ../../../../../Users/Admin/Documents/Repos/Keep It Alive/KeepItAlive/DerivedDataCache/DDC.ddp not found, will not use a pak cache.
[2020.04.20-00.12.27:516][  0]LogDerivedDataCache: Unable to find inner node Pak for hierarchical cache Hierarchy.
[2020.04.20-00.12.27:516][  0]LogDerivedDataCache: FDerivedDataBackendGraph:  CompressedPak pak cache file ../../../../../Users/Admin/Documents/Repos/Keep It Alive/KeepItAlive/DerivedDataCache/Compressed.ddp not found, will not use a pak cache.
[2020.04.20-00.12.27:516][  0]LogDerivedDataCache: Unable to find inner node CompressedPak for hierarchical cache Hierarchy.
[2020.04.20-00.12.27:530][  0]LogDerivedDataCache: Display: Pak cache opened for reading ../../../Engine/DerivedDataCache/Compressed.ddp.
[2020.04.20-00.12.27:530][  0]LogDerivedDataCache: FDerivedDataBackendGraph:  EnterprisePak pak cache file ../../../Enterprise/DerivedDataCache/Compressed.ddp not found, will not use a pak cache.
[2020.04.20-00.12.27:530][  0]LogDerivedDataCache: Unable to find inner node EnterprisePak for hierarchical cache Hierarchy.
[2020.04.20-00.12.27:531][  0]LogDerivedDataCache: Using Local data cache path C:/Users/Admin/AppData/Local/UnrealEngine/Common/DerivedDataCache: Writable
[2020.04.20-00.12.27:531][  0]LogDerivedDataCache: Shared data cache path not found in *engine.ini, will not use an Shared cache.
[2020.04.20-00.12.27:531][  0]LogDerivedDataCache: Unable to find inner node Shared for hierarchical cache Hierarchy.
[2020.04.20-00.12.27:563][  0]LogMaterial: Verifying Global Shaders for PCD3D_SM5
[2020.04.20-00.12.27:566][  0]LogSlate: Using FreeType 2.10.0
[2020.04.20-00.12.27:567][  0]LogSlate: SlateFontServices - WITH_FREETYPE: 1, WITH_HARFBUZZ: 1
[2020.04.20-00.12.27:635][  0]LogAssetRegistry: FAssetRegistry took 0.0028 seconds to start up
[2020.04.20-00.12.28:030][  0]LogInit: Selected Device Profile: [Windows]
[2020.04.20-00.12.28:230][  0]LogMeshReduction: Using QuadricMeshReduction for automatic static mesh reduction
[2020.04.20-00.12.28:230][  0]LogMeshReduction: Using SimplygonMeshReduction for automatic skeletal mesh reduction
[2020.04.20-00.12.28:230][  0]LogMeshReduction: Using ProxyLODMeshReduction for automatic mesh merging
[2020.04.20-00.12.28:230][  0]LogMeshReduction: No distributed automatic mesh merging module available
[2020.04.20-00.12.28:230][  0]LogMeshMerging: No distributed automatic mesh merging module available
[2020.04.20-00.12.28:246][  0]LogNetVersion: KeepItAlive 1.0.0, NetCL: 10570792, EngineNetVer: 13, GameNetVer: 0 (Checksum: 3291726500)
[2020.04.20-00.12.30:091][  0]LogPackageLocalizationCache: Processed 10 localized package path(s) for 1 prioritized culture(s) in 0.034952 seconds
[2020.04.20-00.12.30:099][  0]LogUObjectArray: 46750 objects as part of root set at end of initial load.
[2020.04.20-00.12.30:099][  0]LogUObjectAllocator: 8137160 out of 0 bytes used by permanent object pool.
[2020.04.20-00.12.30:099][  0]LogUObjectArray: CloseDisregardForGC: 0/0 objects in disregard for GC pool
[2020.04.20-00.12.30:662][  0]LogTcpMessaging: Initializing TcpMessaging bridge
[2020.04.20-00.12.30:666][  0]LogUdpMessaging: Initializing bridge on interface 0.0.0.0:0 to multicast group 230.0.0.1:6666.
[2020.04.20-00.12.30:748][  0]SourceControl: Source control is disabled
[2020.04.20-00.12.30:748][  0]SourceControl: Source control is disabled
[2020.04.20-00.12.30:750][  0]SourceControl: Source control is disabled
[2020.04.20-00.12.30:752][  0]SourceControl: Source control is disabled
[2020.04.20-00.12.30:753][  0]SourceControl: Source control is disabled
[2020.04.20-00.12.30:888][  0]LogAndroidPermission: UAndroidPermissionCallbackProxy::GetInstance
[2020.04.20-00.12.30:903][  0]LogAudioCaptureCore: Display: No Audio Capture implementations found. Audio input will be silent.
[2020.04.20-00.12.30:903][  0]LogAudioCaptureCore: Display: No Audio Capture implementations found. Audio input will be silent.
[2020.04.20-00.12.31:018][  0]LogOcInput: OculusInput pre-init called
[2020.04.20-00.12.31:028][  0]LogWindows: Failed to load 'OVRPlugin.dll' (GetLastError=126)
[2020.04.20-00.12.31:028][  0]LogWindows: File 'OVRPlugin.dll' does not exist
[2020.04.20-00.12.31:115][  0]LogEngine: Initializing Engine...
[2020.04.20-00.12.31:116][  0]LogHMD: Failed to initialize OpenVR with code 110
[2020.04.20-00.12.31:118][  0]LogStats: UGameplayTagsManager::InitializeManager -  0.001 s
[2020.04.20-00.12.31:524][  0]LogInit: Initializing FReadOnlyCVARCache
[2020.04.20-00.12.31:534][  0]LogAIModule: Creating AISystem for world Untitled
[2020.04.20-00.12.31:673][  0]LogAudioMixer: Display: Audio Mixer Platform Settings:
[2020.04.20-00.12.31:673][  0]LogAudioMixer: Display: 	Sample Rate:						  48000
[2020.04.20-00.12.31:673][  0]LogAudioMixer: Display: 	Callback Buffer Frame Size Requested: 1024
[2020.04.20-00.12.31:673][  0]LogAudioMixer: Display: 	Callback Buffer Frame Size To Use:	  1024
[2020.04.20-00.12.31:673][  0]LogAudioMixer: Display: 	Number of buffers to queue:			  2
[2020.04.20-00.12.31:673][  0]LogAudioMixer: Display: 	Max Channels (voices):				  32
[2020.04.20-00.12.31:673][  0]LogAudioMixer: Display: 	Number of Async Source Workers:		  0
[2020.04.20-00.12.31:673][  0]LogAudio: Display: AudioDevice MaxSources: 32
[2020.04.20-00.12.31:674][  0]LogAudio: Display: Using built-in audio occlusion.
[2020.04.20-00.12.31:675][  0]LogAudioMixer: Display: Initializing audio mixer.
[2020.04.20-00.12.31:718][  0]LogAudioMixer: Display: Audio Device Output Speaker Info:
[2020.04.20-00.12.31:718][  0]LogAudioMixer: Display: Name: Динамики (Realtek High Definition Audio)
[2020.04.20-00.12.31:718][  0]LogAudioMixer: Display: Is Default: Yes
[2020.04.20-00.12.31:718][  0]LogAudioMixer: Display: Sample Rate: 48000
[2020.04.20-00.12.31:718][  0]LogAudioMixer: Display: Channel Count Used: 2
[2020.04.20-00.12.31:718][  0]LogAudioMixer: Display: Device Channel Count: 2
[2020.04.20-00.12.31:718][  0]LogAudioMixer: Display: Channel Order:
[2020.04.20-00.12.31:718][  0]LogAudioMixer: Display: 0: FrontLeft
[2020.04.20-00.12.31:718][  0]LogAudioMixer: Display: 1: FrontRight
[2020.04.20-00.12.31:783][  0]LogAudioMixer: Display: Using Audio Device Динамики (Realtek High Definition Audio)
[2020.04.20-00.12.31:796][  0]LogInit: FAudioDevice initialized.
[2020.04.20-00.12.31:796][  0]LogNetVersion: Set ProjectVersion to 1.0.0.0. Version Checksum will be recalculated on next use.
[2020.04.20-00.12.32:005][  0]LogDerivedDataCache: Saved boot cache 0.21s 78MB C:/Users/Admin/AppData/Local/UnrealEngine/4.24/DerivedDataCache/Boot.ddc.
[2020.04.20-00.12.32:005][  0]LogInit: Texture streaming: Enabled
[2020.04.20-00.12.32:025][  0]LogEngineSessionManager: EngineSessionManager initialized
[2020.04.20-00.12.32:025][  0]LogEngineSessionManager: EngineSessionManager sent abnormal shutdown report. Type=Crashed, SessionId={FE14885C-498D-B6DB-66B2-6BAFE5AB66A1}
[2020.04.20-00.12.32:025][  0]LogEditorSessionSummary: Verbose: Initializing EditorSessionSummaryWriter for editor session tracking
[2020.04.20-00.12.32:029][  0]LogEditorSessionSummary: EditorSessionSummaryWriter initialized
[2020.04.20-00.12.32:097][  0]LogInit: Transaction tracking system initialized
[2020.04.20-00.12.32:159][  0]BlueprintLog: New page: Editor Load
[2020.04.20-00.12.32:313][  0]LocalizationService: Localization service is disabled
[2020.04.20-00.12.32:907][  0]LogFileCache: Scanning file cache for directory 'C:/Users/Admin/Documents/Repos/Keep It Alive/KeepItAlive/Content/' took 0.01s
[2020.04.20-00.12.32:907][  0]LogCook: Display: Max memory allowance for cook 16384mb min free memory 0mb
[2020.04.20-00.12.32:907][  0]LogCook: Display: Mobile HDR setting 1
[2020.04.20-00.12.33:797][  0]SourceControl: Source control is disabled
[2020.04.20-00.12.33:800][  0]Cmd: MAP LOAD FILE="../../../../../Users/Admin/Documents/Repos/Keep It Alive/KeepItAlive/Content/2DSideScrollerCPP/Maps/2DSideScrollerExampleMap.umap" TEMPLATE=0 SHOWPROGRESS=1 FEATURELEVEL=3
[2020.04.20-00.12.33:801][  0]LogEditorServer: Warning: Can't find file '../../../../../Users/Admin/Documents/Repos/Keep It Alive/KeepItAlive/Content/2DSideScrollerCPP/Maps/2DSideScrollerExampleMap.umap'
[2020.04.20-00.12.33:802][  0]Cmd: MAP CHECKDEP NOCLEARLOG
[2020.04.20-00.12.33:803][  0]MapCheck: Map check complete: 0 Error(s), 0 Warning(s), took 1,039ms to complete.
[2020.04.20-00.12.33:804][  0]LogFileHelpers: Loading map '2DSideScrollerExampleMap' took 0.006
[2020.04.20-00.12.34:045][  0]LogCollectionManager: Loaded 0 collections in 0.001920 seconds
[2020.04.20-00.12.34:066][  0]LogFileCache: Scanning file cache for directory 'C:/Users/Admin/Documents/Repos/Keep It Alive/KeepItAlive/Saved/Collections/' took 0.00s
[2020.04.20-00.12.34:066][  0]LogFileCache: Scanning file cache for directory 'C:/Users/Admin/Documents/Repos/Keep It Alive/KeepItAlive/Content/Developers/Admin/Collections/' took 0.00s
[2020.04.20-00.12.34:066][  0]LogFileCache: Scanning file cache for directory 'C:/Users/Admin/Documents/Repos/Keep It Alive/KeepItAlive/Content/Collections/' took 0.00s
[2020.04.20-00.12.34:066][  0]LogContentBrowser: Native class hierarchy populated in 0.0102 seconds. Added 3041 classes and 719 folders.
[2020.04.20-00.12.34:076][  0]LogContentBrowser: Native class hierarchy updated for 'WidgetCarousel' in 0.0004 seconds. Added 0 classes and 0 folders.
[2020.04.20-00.12.34:214][  0]LogContentBrowser: Native class hierarchy updated for 'AddContentDialog' in 0.0004 seconds. Added 0 classes and 0 folders.
[2020.04.20-00.12.34:321][  0]LogSlate: Updating window title bar state: overlay mode, drag disabled, window buttons hidden, title bar hidden
[2020.04.20-00.12.34:334][  0]LogSlate: Updating window title bar state: overlay mode, drag disabled, window buttons hidden, title bar hidden
[2020.04.20-00.12.34:344][  0]LogSlate: Updating window title bar state: overlay mode, drag disabled, window buttons hidden, title bar hidden
[2020.04.20-00.12.34:355][  0]LogSlate: Updating window title bar state: overlay mode, drag disabled, window buttons hidden, title bar hidden
[2020.04.20-00.12.34:371][  0]LogContentBrowser: Native class hierarchy updated for 'SceneOutliner' in 0.0005 seconds. Added 2 classes and 3 folders.
[2020.04.20-00.12.34:435][  0]LogSlate: Took 0.001485 seconds to synchronously load lazily loaded font '../../../Engine/Content/Slate/Fonts/Roboto-Regular.ttf' (155K)
[2020.04.20-00.12.34:441][  0]LogSlate: Took 0.001046 seconds to synchronously load lazily loaded font '../../../Engine/Content/Editor/Slate/Fonts/FontAwesome.ttf' (139K)
[2020.04.20-00.12.34:443][  0]LogSlate: Took 0.001202 seconds to synchronously load lazily loaded font '../../../Engine/Content/Slate/Fonts/Roboto-Bold.ttf' (160K)
[2020.04.20-00.12.34:460][  0]LogSlate: Took 0.001185 seconds to synchronously load lazily loaded font '../../../Engine/Content/Slate/Fonts/DroidSansMono.ttf' (77K)
[2020.04.20-00.12.34:528][  0]LogSlate: Took 0.001437 seconds to synchronously load lazily loaded font '../../../Engine/Content/Slate/Fonts/Roboto-Light.ttf' (167K)
[2020.04.20-00.12.34:631][  0]LogRenderer: Reallocating scene render targets to support 972x332 Format 10 NumSamples 1 (Frame:1).
[2020.04.20-00.12.34:966][  0]LogContentBrowser: Native class hierarchy updated for 'HierarchicalLODOutliner' in 0.0005 seconds. Added 0 classes and 0 folders.
[2020.04.20-00.12.34:967][  0]LogLoad: (Engine Initialization) Total time: 11.37 seconds
[2020.04.20-00.12.34:967][  0]LogLoad: (Engine Initialization) Total Blueprint compile time: 0.00 seconds
[2020.04.20-00.12.35:055][  0]LogContentStreaming: Texture pool size now 1000 MB
[2020.04.20-00.12.35:204][  2]LogAssetRegistry: Asset discovery search completed in 7.5701 seconds
[2020.04.20-00.12.35:209][  2]LogCollectionManager: Fixed up redirectors for 0 collections in 0.000522 seconds (updated 0 objects)
[2020.04.20-00.12.39:248][455]LogSlate: Took 0.000148 seconds to synchronously load lazily loaded font '../../../Engine/Content/Slate/Fonts/Roboto-Light.ttf' (167K)
[2020.04.20-00.12.39:865][455]LogAIModule: Creating AISystem for world MainLevel
[2020.04.20-00.12.39:884][455]LogAssetEditorSubsystem: Opening Asset editor for World /Game/2DSideScrollerCPP/Maps/MainLevel.MainLevel
[2020.04.20-00.12.39:927][455]LogUObjectHash: Compacting FUObjectHashTables data took   2.71ms
[2020.04.20-00.12.39:938][455]Cmd: MAP LOAD FILE="../../../../../Users/Admin/Documents/Repos/Keep It Alive/KeepItAlive/Content/2DSideScrollerCPP/Maps/MainLevel.umap" TEMPLATE=0 SHOWPROGRESS=1 FEATURELEVEL=3
[2020.04.20-00.12.39:940][455]LightingResults: New page: Lighting Build
[2020.04.20-00.12.39:945][455]LogContentBrowser: Native class hierarchy updated for 'StatsViewer' in 0.0005 seconds. Added 5 classes and 0 folders.
[2020.04.20-00.12.39:947][455]LoadErrors: New page: Loading map: MainLevel.umap
[2020.04.20-00.12.39:949][455]LogWorld: UWorld::CleanupWorld for Untitled, bSessionEnded=true, bCleanupResources=true
[2020.04.20-00.12.39:951][455]LogSlate: InvalidateAllWidgets triggered.  All widgets were invalidated
[2020.04.20-00.12.39:952][455]MapCheck: New page: Map Check
[2020.04.20-00.12.39:952][455]LightingResults: New page: Lighting Build
[2020.04.20-00.12.39:993][455]LogUObjectHash: Compacting FUObjectHashTables data took   2.15ms
[2020.04.20-00.12.40:101][455]LogEditorServer: Finished looking for orphan Actors (0.000 secs)
[2020.04.20-00.12.40:134][455]LogUObjectHash: Compacting FUObjectHashTables data took   1.61ms
[2020.04.20-00.12.40:160][455]Cmd: MAP CHECKDEP NOCLEARLOG
[2020.04.20-00.12.40:162][455]MapCheck: Map check complete: 0 Error(s), 0 Warning(s), took 2,018ms to complete.
[2020.04.20-00.12.40:162][455]LogFileHelpers: Loading map 'MainLevel' took 0.230
[2020.04.20-00.12.41:299][578]LogTemp: Repeating last play command: Selected Viewport
[2020.04.20-00.12.41:314][578]LogBlueprintUserMessages: Early PlayInEditor Detection: Level '/Game/2DSideScrollerCPP/Maps/MainLevel.MainLevel:PersistentLevel' has LevelScriptBlueprint '/Game/2DSideScrollerCPP/Maps/MainLevel.MainLevel:PersistentLevel.MainLevel' with GeneratedClass '/Game/2DSideScrollerCPP/Maps/MainLevel.MainLevel_C' with ClassGeneratedBy '/Game/2DSideScrollerCPP/Maps/MainLevel.MainLevel:PersistentLevel.MainLevel'
[2020.04.20-00.12.41:317][578]LogPlayLevel: PlayLevel: No blueprints needed recompiling
[2020.04.20-00.12.41:318][578]PIE: New page: PIE session: MainLevel (20 апр. 2020 г., 06:12:41)
[2020.04.20-00.12.41:319][578]LogOnline: OSS: Creating online subsystem instance for: NULL
[2020.04.20-00.12.41:320][578]LogOnline: OSS: TryLoadSubsystemAndSetDefault: Loaded subsystem for module [NULL]
[2020.04.20-00.12.41:320][578]LogPlayLevel: Creating play world package: /Game/2DSideScrollerCPP/Maps/UEDPIE_0_MainLevel
[2020.04.20-00.12.41:325][578]LogPlayLevel: PIE: StaticDuplicateObject took: (0.004557s)
[2020.04.20-00.12.41:327][578]LogAIModule: Creating AISystem for world MainLevel
[2020.04.20-00.12.41:327][578]LogPlayLevel: PIE: World Init took: (0.001559s)
[2020.04.20-00.12.41:327][578]LogPlayLevel: PIE: Created PIE world by copying editor world from /Game/2DSideScrollerCPP/Maps/MainLevel.MainLevel to /Game/2DSideScrollerCPP/Maps/UEDPIE_0_MainLevel.MainLevel (0.006811s)
[2020.04.20-00.12.41:353][578]LogUObjectHash: Compacting FUObjectHashTables data took   1.94ms
[2020.04.20-00.12.41:356][578]LogAudioMixer: Display: Audio Mixer Platform Settings:
[2020.04.20-00.12.41:356][578]LogAudioMixer: Display: 	Sample Rate:						  48000
[2020.04.20-00.12.41:356][578]LogAudioMixer: Display: 	Callback Buffer Frame Size Requested: 1024
[2020.04.20-00.12.41:356][578]LogAudioMixer: Display: 	Callback Buffer Frame Size To Use:	  1024
[2020.04.20-00.12.41:356][578]LogAudioMixer: Display: 	Number of buffers to queue:			  2
[2020.04.20-00.12.41:356][578]LogAudioMixer: Display: 	Max Channels (voices):				  32
[2020.04.20-00.12.41:356][578]LogAudioMixer: Display: 	Number of Async Source Workers:		  0
[2020.04.20-00.12.41:356][578]LogAudio: Display: AudioDevice MaxSources: 32
[2020.04.20-00.12.41:357][578]LogAudio: Display: Using built-in audio occlusion.
[2020.04.20-00.12.41:357][578]LogAudioMixer: Display: Initializing audio mixer.
[2020.04.20-00.12.41:382][578]LogAudioMixer: Display: Audio Device Output Speaker Info:
[2020.04.20-00.12.41:382][578]LogAudioMixer: Display: Name: Динамики (Realtek High Definition Audio)
[2020.04.20-00.12.41:382][578]LogAudioMixer: Display: Is Default: Yes
[2020.04.20-00.12.41:382][578]LogAudioMixer: Display: Sample Rate: 48000
[2020.04.20-00.12.41:382][578]LogAudioMixer: Display: Channel Count Used: 2
[2020.04.20-00.12.41:382][578]LogAudioMixer: Display: Device Channel Count: 2
[2020.04.20-00.12.41:382][578]LogAudioMixer: Display: Channel Order:
[2020.04.20-00.12.41:382][578]LogAudioMixer: Display: 0: FrontLeft
[2020.04.20-00.12.41:382][578]LogAudioMixer: Display: 1: FrontRight
[2020.04.20-00.12.41:402][578]LogAudioMixer: Display: Using Audio Device Динамики (Realtek High Definition Audio)
[2020.04.20-00.12.41:404][578]LogInit: FAudioDevice initialized.
[2020.04.20-00.12.41:420][578]LogLoad: Game class is 'BP_KeepItAliveGameMode_C'
[2020.04.20-00.12.41:427][578]LogWorld: Bringing World /Game/2DSideScrollerCPP/Maps/UEDPIE_0_MainLevel.MainLevel up for play (max tick rate 0) at 2020.04.20-03.12.41
[2020.04.20-00.12.41:429][578]LogWorld: Bringing up level for play took: 0.003262
[2020.04.20-00.12.41:429][578]LogOnline: OSS: Creating online subsystem instance for: :Context_1
[2020.04.20-00.12.41:442][578]LogContentBrowser: Native class hierarchy updated for 'MovieSceneCapture' in 0.0005 seconds. Added 20 classes and 0 folders.
[2020.04.20-00.12.41:446][578]PIE: Play in editor start time for /Game/2DSideScrollerCPP/Maps/UEDPIE_0_MainLevel 0,221
[2020.04.20-00.12.41:446][578]LogBlueprintUserMessages: Late PlayInEditor Detection: Level '/Game/2DSideScrollerCPP/Maps/MainLevel.MainLevel:PersistentLevel' has LevelScriptBlueprint '/Game/2DSideScrollerCPP/Maps/MainLevel.MainLevel:PersistentLevel.MainLevel' with GeneratedClass '/Game/2DSideScrollerCPP/Maps/MainLevel.MainLevel_C' with ClassGeneratedBy '/Game/2DSideScrollerCPP/Maps/MainLevel.MainLevel:PersistentLevel.MainLevel'
[2020.04.20-00.12.41:448][578]LogTemp: Warning: Number of Workers: 2
[2020.04.20-00.12.41:448][578]LogTemp: Warning: Enemy wave preparing
[2020.04.20-00.12.41:489][579]LogTemp: Warning: Time has come
[2020.04.20-00.12.51:306][757]LogTemp: Warning: Enemy wave begun
[2020.04.20-00.12.51:313][758]LogTemp: Warning: Number of enemies: 6
[2020.04.20-00.12.51:313][758]LogTemp: Warning: Battle begin!
[2020.04.20-00.12.52:314][878]LogTemp: Warning: Time has come
[2020.04.20-00.12.55:314][238]LogTemp: Warning: Time has come
[2020.04.20-00.12.55:621][275]LogTemp: Warning: Current Health: 20.000000
[2020.04.20-00.12.56:371][365]LogTemp: Warning: Current Health: 10.000000
[2020.04.20-00.12.57:148][458]LogTemp: Warning: Current Health: 0.000000
[2020.04.20-00.12.57:315][478]LogTemp: Warning: Time has come
[2020.04.20-00.12.58:240][589]LogTemp: Warning: Enemies left: 5
[2020.04.20-00.12.58:949][674]LogTemp: Warning: Current Health: 20.000000
[2020.04.20-00.12.59:733][768]LogTemp: Warning: Current Health: 10.000000
[2020.04.20-00.13.00:317][838]LogTemp: Warning: Time has come
[2020.04.20-00.13.00:558][867]LogTemp: Warning: Current Health: 0.000000
[2020.04.20-00.13.01:649][998]LogTemp: Warning: Enemies left: 4
[2020.04.20-00.13.02:124][ 54]LogTemp: Warning: Current Health: 20.000000
[2020.04.20-00.13.02:941][152]LogTemp: Warning: Current Health: 10.000000
[2020.04.20-00.13.03:317][197]LogTemp: Warning: Time has come
[2020.04.20-00.13.03:732][247]LogTemp: Warning: Current Health: 0.000000
[2020.04.20-00.13.04:824][378]LogTemp: Warning: Enemies left: 3
[2020.04.20-00.13.05:417][449]LogTemp: Warning: Current Health: 20.000000
[2020.04.20-00.13.06:167][539]LogTemp: Warning: Current Health: 10.000000
[2020.04.20-00.13.06:952][633]LogTemp: Warning: Current Health: 0.000000
[2020.04.20-00.13.08:054][765]LogTemp: Warning: Enemies left: 2
[2020.04.20-00.13.08:721][845]LogTemp: Warning: Current Health: 20.000000
[2020.04.20-00.13.09:454][933]LogTemp: Warning: Current Health: 10.000000
[2020.04.20-00.13.10:246][ 28]LogTemp: Warning: Current Health: 0.000000
[2020.04.20-00.13.11:347][160]LogTemp: Warning: Enemies left: 1
[2020.04.20-00.13.12:255][269]LogTemp: Warning: Current Health: 20.000000
[2020.04.20-00.13.13:046][364]LogTemp: Warning: Current Health: 10.000000
[2020.04.20-00.13.13:864][462]LogTemp: Warning: Current Health: 0.000000
[2020.04.20-00.13.14:955][593]LogTemp: Warning: Enemies left: 0
[2020.04.20-00.13.14:963][594]LogTemp: Warning: All Enemies defeated
[2020.04.20-00.13.14:972][595]LogTemp: Warning: Number of Workers: 4
[2020.04.20-00.13.14:972][595]LogTemp: Warning: Enemy wave preparing
[2020.04.20-00.13.14:981][596]LogTemp: Warning: Time has come
[2020.04.20-00.13.24:974][795]LogTemp: Warning: Enemy wave begun
[2020.04.20-00.13.24:982][796]LogTemp: Warning: Number of enemies: 11
[2020.04.20-00.13.24:982][796]LogTemp: Warning: Battle begin!
[2020.04.20-00.13.26:984][ 36]LogTemp: Warning: Time has come
[2020.04.20-00.13.29:986][396]LogTemp: Warning: Time has come
[2020.04.20-00.13.30:485][456]LogTemp: Warning: Current Health: 20.000000
[2020.04.20-00.13.31:311][555]LogTemp: Warning: Current Health: 10.000000
[2020.04.20-00.13.32:128][653]LogTemp: Warning: Current Health: 0.000000
[2020.04.20-00.13.32:987][756]LogTemp: Warning: Time has come
[2020.04.20-00.13.35:288][757]LogWindows: Error: === Critical error: ===
[2020.04.20-00.13.35:288][757]LogWindows: Error: 
[2020.04.20-00.13.35:288][757]LogWindows: Error: Fatal error!
[2020.04.20-00.13.35:288][757]LogWindows: Error: 
[2020.04.20-00.13.35:288][757]LogWindows: Error: Unhandled Exception: EXCEPTION_ACCESS_VIOLATION reading address 0x00000748
[2020.04.20-00.13.35:288][757]LogWindows: Error: 
[2020.04.20-00.13.35:288][757]LogWindows: Error: [Callstack] 0x00007ff956159e9a UE4Editor-KeepItAlive-0015.dll!UEnemyAttackingState::HandleSwitching() [C:\Users\Admin\Documents\Repos\Keep It Alive\KeepItAlive\Source\KeepItAlive\EnemyStateMachine.cpp:82]
[2020.04.20-00.13.35:288][757]LogWindows: Error: [Callstack] 0x00007ff95615478d UE4Editor-KeepItAlive-0015.dll!ABaseEnemy::Tick() [C:\Users\Admin\Documents\Repos\Keep It Alive\KeepItAlive\Source\KeepItAlive\BaseEnemy.cpp:32]
[2020.04.20-00.13.35:289][757]LogWindows: Error: [Callstack] 0x00007ff96cf2f402 UE4Editor-Engine.dll!UnknownFunction []
[2020.04.20-00.13.35:289][757]LogWindows: Error: [Callstack] 0x00007ff96cef7866 UE4Editor-Engine.dll!UnknownFunction []
[2020.04.20-00.13.35:289][757]LogWindows: Error: [Callstack] 0x00007ff96e037223 UE4Editor-Engine.dll!UnknownFunction []
[2020.04.20-00.13.35:289][757]LogWindows: Error: [Callstack] 0x00007ff96e045256 UE4Editor-Engine.dll!UnknownFunction []
[2020.04.20-00.13.35:289][757]LogWindows: Error: [Callstack] 0x00007ff96fcb9ff2 UE4Editor-Core.dll!UnknownFunction []
[2020.04.20-00.13.35:289][757]LogWindows: Error: [Callstack] 0x00007ff96fcba393 UE4Editor-Core.dll!UnknownFunction []
[2020.04.20-00.13.35:289][757]LogWindows: Error: [Callstack] 0x00007ff96fccaa68 UE4Editor-Core.dll!UnknownFunction []
[2020.04.20-00.13.35:289][757]LogWindows: Error: [Callstack] 0x00007ff96e0638b0 UE4Editor-Engine.dll!UnknownFunction []
[2020.04.20-00.13.35:289][757]LogWindows: Error: [Callstack] 0x00007ff96e0697c2 UE4Editor-Engine.dll!UnknownFunction []
[2020.04.20-00.13.35:289][757]LogWindows: Error: [Callstack] 0x00007ff96d7ea25f UE4Editor-Engine.dll!UnknownFunction []
[2020.04.20-00.13.35:289][757]LogWindows: Error: [Callstack] 0x00007ff96d7f5127 UE4Editor-Engine.dll!UnknownFunction []
[2020.04.20-00.13.35:289][757]LogWindows: Error: [Callstack] 0x00007ff9689dad60 UE4Editor-UnrealEd.dll!UnknownFunction []
[2020.04.20-00.13.35:289][757]LogWindows: Error: [Callstack] 0x00007ff96923e476 UE4Editor-UnrealEd.dll!UnknownFunction []
[2020.04.20-00.13.35:289][757]LogWindows: Error: [Callstack] 0x00007ff71db07f62 UE4Editor.exe!UnknownFunction []
[2020.04.20-00.13.35:289][757]LogWindows: Error: [Callstack] 0x00007ff71db1c3ec UE4Editor.exe!UnknownFunction []
[2020.04.20-00.13.35:289][757]LogWindows: Error: [Callstack] 0x00007ff71db1c4ca UE4Editor.exe!UnknownFunction []
[2020.04.20-00.13.35:289][757]LogWindows: Error: [Callstack] 0x00007ff71db2ceae UE4Editor.exe!UnknownFunction []
[2020.04.20-00.13.35:289][757]LogWindows: Error: [Callstack] 0x00007ff71db2fcbe UE4Editor.exe!UnknownFunction []
[2020.04.20-00.13.35:289][757]LogWindows: Error: [Callstack] 0x00007ff9b5f57bd4 KERNEL32.DLL!UnknownFunction []
[2020.04.20-00.13.35:289][757]LogWindows: Error: [Callstack] 0x00007ff9b618ce71 ntdll.dll!UnknownFunction []
[2020.04.20-00.13.35:289][757]LogWindows: Error: 
[2020.04.20-00.13.35:310][757]LogExit: Executing StaticShutdownAfterError
[2020.04.20-00.13.35:315][757]LogWindows: FPlatformMisc::RequestExit(1)
[2020.04.20-00.13.35:315][757]LogCore: Engine exit requested (reason: Win RequestExit)
[2020.04.20-00.13.35:323][757]Log file closed, 04/20/20 03:13:35
