Log file open, 04/20/20 07:56:13
LogWindows: Failed to load 'aqProf.dll' (GetLastError=126)
LogWindows: File 'aqProf.dll' does not exist
LogWindows: Failed to load 'VtuneApi.dll' (GetLastError=126)
LogWindows: File 'VtuneApi.dll' does not exist
LogWindows: Failed to load 'VtuneApi32e.dll' (GetLastError=126)
LogWindows: File 'VtuneApi32e.dll' does not exist
LogConsoleResponse: Display: Failed to find resolution value strings in scalability ini. Falling back to default.
LogInit: Display: Running engine for game: KeepItAlive
LogPlatformFile: Not using cached read wrapper
LogTaskGraph: Started task graph with 5 named threads and 14 total threads with 3 sets of task threads.
LogStats: Stats thread started at 0.915006
LogD3D11RHI: Loaded GFSDK_Aftermath_Lib.x64.dll
LogICUInternationalization: ICU TimeZone Detection - Raw Offset: +3:00, Platform Override: ''
LogPluginManager: Mounting plugin Paper2D
LogPluginManager: Mounting plugin AISupport
LogPluginManager: Mounting plugin LightPropagationVolume
LogPluginManager: Mounting plugin ActorLayerUtilities
LogPluginManager: Mounting plugin AnimationSharing
LogPluginManager: Mounting plugin CLionSourceCodeAccess
LogPluginManager: Mounting plugin CodeLiteSourceCodeAccess
LogPluginManager: Mounting plugin GitSourceControl
LogPluginManager: Mounting plugin KDevelopSourceCodeAccess
LogPluginManager: Mounting plugin NullSourceCodeAccess
LogPluginManager: Mounting plugin PerforceSourceControl
LogPluginManager: Mounting plugin PlasticSourceControl
LogPluginManager: Mounting plugin SubversionSourceControl
LogPluginManager: Mounting plugin UObjectPlugin
LogPluginManager: Mounting plugin VisualStudioCodeSourceCodeAccess
LogPluginManager: Mounting plugin VisualStudioSourceCodeAccess
LogPluginManager: Mounting plugin XCodeSourceCodeAccess
LogPluginManager: Mounting plugin AssetManagerEditor
LogPluginManager: Mounting plugin CryptoKeys
LogPluginManager: Mounting plugin CurveEditorTools
LogPluginManager: Mounting plugin DataValidation
LogPluginManager: Mounting plugin FacialAnimation
LogPluginManager: Mounting plugin GameplayTagsEditor
LogPluginManager: Mounting plugin MacGraphicsSwitching
LogPluginManager: Mounting plugin MaterialAnalyzer
LogPluginManager: Mounting plugin MobileLauncherProfileWizard
LogPluginManager: Mounting plugin PluginBrowser
LogPluginManager: Mounting plugin SpeedTreeImporter
LogPluginManager: Mounting plugin DatasmithContent
LogPluginManager: Mounting plugin VariantManagerContent
LogPluginManager: Mounting plugin AlembicImporter
LogPluginManager: Mounting plugin AutomationUtils
LogPluginManager: Mounting plugin BackChannel
LogPluginManager: Mounting plugin CharacterAI
LogPluginManager: Mounting plugin GeometryCache
LogPluginManager: Mounting plugin PlatformCrypto
LogPluginManager: Mounting plugin ProxyLODPlugin
LogPluginManager: Mounting plugin SkeletalReduction
LogPluginManager: Mounting plugin MagicLeap
LogPluginManager: Mounting plugin MagicLeapMedia
LogPluginManager: Mounting plugin MLSDK
LogPluginManager: Mounting plugin AndroidMedia
LogPluginManager: Mounting plugin AvfMedia
LogPluginManager: Mounting plugin ImgMedia
LogPluginManager: Mounting plugin MediaCompositing
LogPluginManager: Mounting plugin MediaPlayerEditor
LogPluginManager: Mounting plugin WebMMedia
LogPluginManager: Mounting plugin WmfMedia
LogPluginManager: Mounting plugin TcpMessaging
LogPluginManager: Mounting plugin UdpMessaging
LogPluginManager: Mounting plugin ActorSequence
LogPluginManager: Mounting plugin LevelSequenceEditor
LogPluginManager: Mounting plugin MatineeToLevelSequence
LogPluginManager: Mounting plugin NetcodeUnitTest
LogPluginManager: Mounting plugin NUTUnrealEngine4
LogPluginManager: Mounting plugin OnlineSubsystemGooglePlay
LogPluginManager: Mounting plugin OnlineSubsystemIOS
LogPluginManager: Mounting plugin OnlineSubsystem
LogPluginManager: Mounting plugin OnlineSubsystemNull
LogPluginManager: Mounting plugin OnlineSubsystemUtils
LogPluginManager: Mounting plugin LauncherChunkInstaller
LogPluginManager: Mounting plugin AndroidDeviceProfileSelector
LogPluginManager: Mounting plugin AndroidMoviePlayer
LogPluginManager: Mounting plugin AndroidPermission
LogPluginManager: Mounting plugin AppleImageUtils
LogPluginManager: Mounting plugin AppleMoviePlayer
LogPluginManager: Mounting plugin ArchVisCharacter
LogPluginManager: Mounting plugin AssetTags
LogPluginManager: Mounting plugin AudioCapture
LogPluginManager: Mounting plugin CableComponent
LogPluginManager: Mounting plugin CustomMeshComponent
LogPluginManager: Mounting plugin EditableMesh
LogPluginManager: Mounting plugin ExampleDeviceProfileSelector
LogPluginManager: Mounting plugin GoogleCloudMessaging
LogPluginManager: Mounting plugin IOSDeviceProfileSelector
LogPluginManager: Mounting plugin LinuxDeviceProfileSelector
LogPluginManager: Mounting plugin LocationServicesBPLibrary
LogPluginManager: Mounting plugin MobilePatchingUtils
LogPluginManager: Mounting plugin OculusVR
LogPluginManager: Mounting plugin PhysXVehicles
LogPluginManager: Mounting plugin PostSplashScreen
LogPluginManager: Mounting plugin ProceduralMeshComponent
LogPluginManager: Mounting plugin RuntimePhysXCooking
LogPluginManager: Mounting plugin SignificanceManager
LogPluginManager: Mounting plugin SteamVR
LogPluginManager: Mounting plugin WebMMoviePlayer
LogPluginManager: Mounting plugin WindowsMoviePlayer
LogPluginManager: Mounting plugin ScreenshotTools
LogInit: Using libcurl 7.55.1-DEV
LogInit:  - built for x86_64-pc-win32
LogInit:  - supports SSL with OpenSSL/1.1.1
LogInit:  - supports HTTP deflate (compression) using libz 1.2.8
LogInit:  - other features:
LogInit:      CURL_VERSION_SSL
LogInit:      CURL_VERSION_LIBZ
LogInit:      CURL_VERSION_IPV6
LogInit:      CURL_VERSION_ASYNCHDNS
LogInit:      CURL_VERSION_LARGEFILE
LogInit:      CURL_VERSION_IDN
LogInit:  CurlRequestOptions (configurable via config and command line):
LogInit:  - bVerifyPeer = true  - Libcurl will verify peer certificate
LogInit:  - bUseHttpProxy = false  - Libcurl will NOT use HTTP proxy
LogInit:  - bDontReuseConnections = false  - Libcurl will reuse connections
LogInit:  - MaxHostConnections = 16  - Libcurl will limit the number of connections to a host
LogInit:  - LocalHostAddr = Default
LogInit:  - BufferSize = 65536
LogOnline: OSS: Creating online subsystem instance for: NULL
LogInit: WinSock: version 1.1 (2.2), MaxSocks=32767, MaxUdp=65467
LogOnline: OSS: TryLoadSubsystemAndSetDefault: Loaded subsystem for module [NULL]
LogInit: Build: ++UE4+Release-4.24-CL-11590370
LogInit: Engine Version: 4.24.3-11590370+++UE4+Release-4.24
LogInit: Compatible Engine Version: 4.24.0-10570792+++UE4+Release-4.24
LogInit: Net CL: 10570792
LogInit: OS: Windows 10 (Release 1903) (), CPU:         Intel(R) Core(TM) i5-3450 CPU @ 3.10GHz, GPU: NVIDIA GeForce GTX 1060 6GB
LogInit: Compiled (64-bit): Feb 24 2020 15:39:18
LogInit: Compiled with Visual C++: 19.16.27032.01
LogInit: Build Configuration: Development
LogInit: Branch Name: ++UE4+Release-4.24
LogInit: Command Line: 
LogInit: Base Directory: C:/UnrealEngine/UE_4.24/Engine/Binaries/Win64/
LogInit: Installed Engine Build: 1
LogDevObjectVersion: Number of dev versions registered: 25
LogDevObjectVersion:   Dev-Blueprints (B0D832E4-1F89-4F0D-ACCF-7EB736FD4AA2): 10
LogDevObjectVersion:   Dev-Build (E1C64328-A22C-4D53-A36C-8E866417BD8C): 0
LogDevObjectVersion:   Dev-Core (375EC13C-06E4-48FB-B500-84F0262A717E): 3
LogDevObjectVersion:   Dev-Editor (E4B068ED-F494-42E9-A231-DA0B2E46BB41): 37
LogDevObjectVersion:   Dev-Framework (CFFC743F-43B0-4480-9391-14DF171D2073): 36
LogDevObjectVersion:   Dev-Mobile (B02B49B5-BB20-44E9-A304-32B752E40360): 2
LogDevObjectVersion:   Dev-Networking (A4E4105C-59A1-49B5-A7C5-40C4547EDFEE): 0
LogDevObjectVersion:   Dev-Online (39C831C9-5AE6-47DC-9A44-9C173E1C8E7C): 0
LogDevObjectVersion:   Dev-Physics (78F01B33-EBEA-4F98-B9B4-84EACCB95AA2): 2
LogDevObjectVersion:   Dev-Platform (6631380F-2D4D-43E0-8009-CF276956A95A): 0
LogDevObjectVersion:   Dev-Rendering (12F88B9F-8875-4AFC-A67C-D90C383ABD29): 36
LogDevObjectVersion:   Dev-Sequencer (7B5AE74C-D270-4C10-A958-57980B212A5A): 11
LogDevObjectVersion:   Dev-VR (D7296918-1DD6-4BDD-9DE2-64A83CC13884): 2
LogDevObjectVersion:   Dev-LoadTimes (C2A15278-BFE7-4AFE-6C17-90FF531DF755): 1
LogDevObjectVersion:   Private-Geometry (6EACA3D4-40EC-4CC1-B786-8BED09428FC5): 3
LogDevObjectVersion:   Dev-AnimPhys (29E575DD-E0A3-4627-9D10-D276232CDCEA): 17
LogDevObjectVersion:   Dev-Anim (AF43A65D-7FD3-4947-9873-3E8ED9C1BB05): 2
LogDevObjectVersion:   Dev-ReflectionCapture (6B266CEC-1EC7-4B8F-A30B-E4D90942FC07): 1
LogDevObjectVersion:   Dev-Automation (0DF73D61-A23F-47EA-B727-89E90C41499A): 1
LogDevObjectVersion:   FortniteMain (601D1886-AC64-4F84-AA16-D3DE0DEAC7D6): 31
LogDevObjectVersion:   Dev-Enterprise (9DFFBCD6-494F-0158-E221-12823C92A888): 8
LogDevObjectVersion:   Dev-Niagara (F2AED0AC-9AFE-416F-8664-AA7FFA26D6FC): 1
LogDevObjectVersion:   Dev-Destruction (174F1F0B-B4C6-45A5-B13F-2EE8D0FB917D): 9
LogDevObjectVersion:   Dev-Physics-Ext (35F94A83-E258-406C-A318-09F59610247C): 8
LogDevObjectVersion:   Dev-CineCamera (B2E18506-4273-CFC2-A54E-F4BB758BBA07): 1
LogInit: Presizing for max 25165824 objects, including 0 objects not considered by GC, pre-allocating 0 bytes for permanent pool.
LogInit: Object subsystem initialized
LogConfig: Setting CVar [[con.DebugEarlyDefault:1]]
LogConfig: Setting CVar [[r.setres:1280x720]]
[2020.04.20-04.56.14:277][  0]LogConfig: Setting CVar [[r.VSync:0]]
[2020.04.20-04.56.14:277][  0]LogConfig: Setting CVar [[r.RHICmdBypass:0]]
[2020.04.20-04.56.14:278][  0]LogConfig: Applying CVar settings from Section [/Script/Engine.RendererSettings] File [C:/Users/Admin/Documents/Repos/Keep It Alive/KeepItAlive/Saved/Config/Windows/Engine.ini]
[2020.04.20-04.56.14:278][  0]LogConfig: Setting CVar [[r.GPUCrashDebugging:0]]
[2020.04.20-04.56.14:278][  0]LogConfig: Applying CVar settings from Section [/Script/Engine.RendererOverrideSettings] File [C:/Users/Admin/Documents/Repos/Keep It Alive/KeepItAlive/Saved/Config/Windows/Engine.ini]
[2020.04.20-04.56.14:278][  0]LogConfig: Applying CVar settings from Section [/Script/Engine.StreamingSettings] File [C:/Users/Admin/Documents/Repos/Keep It Alive/KeepItAlive/Saved/Config/Windows/Engine.ini]
[2020.04.20-04.56.14:278][  0]LogConfig: Setting CVar [[s.MinBulkDataSizeForAsyncLoading:131072]]
[2020.04.20-04.56.14:278][  0]LogConfig: Setting CVar [[s.AsyncLoadingThreadEnabled:0]]
[2020.04.20-04.56.14:278][  0]LogConfig: Setting CVar [[s.EventDrivenLoaderEnabled:1]]
[2020.04.20-04.56.14:278][  0]LogConfig: Setting CVar [[s.WarnIfTimeLimitExceeded:0]]
[2020.04.20-04.56.14:278][  0]LogConfig: Setting CVar [[s.TimeLimitExceededMultiplier:1.5]]
[2020.04.20-04.56.14:278][  0]LogConfig: Setting CVar [[s.TimeLimitExceededMinTime:0.005]]
[2020.04.20-04.56.14:278][  0]LogConfig: Setting CVar [[s.UseBackgroundLevelStreaming:1]]
[2020.04.20-04.56.14:278][  0]LogConfig: Setting CVar [[s.PriorityAsyncLoadingExtraTime:15.0]]
[2020.04.20-04.56.14:278][  0]LogConfig: Setting CVar [[s.LevelStreamingActorsUpdateTimeLimit:5.0]]
[2020.04.20-04.56.14:278][  0]LogConfig: Setting CVar [[s.PriorityLevelStreamingActorsUpdateExtraTime:5.0]]
[2020.04.20-04.56.14:278][  0]LogConfig: Setting CVar [[s.LevelStreamingComponentsRegistrationGranularity:10]]
[2020.04.20-04.56.14:278][  0]LogConfig: Setting CVar [[s.UnregisterComponentsTimeLimit:1.0]]
[2020.04.20-04.56.14:278][  0]LogConfig: Setting CVar [[s.LevelStreamingComponentsUnregistrationGranularity:5]]
[2020.04.20-04.56.14:278][  0]LogConfig: Setting CVar [[s.FlushStreamingOnExit:1]]
[2020.04.20-04.56.14:278][  0]LogConfig: Applying CVar settings from Section [/Script/Engine.GarbageCollectionSettings] File [C:/Users/Admin/Documents/Repos/Keep It Alive/KeepItAlive/Saved/Config/Windows/Engine.ini]
[2020.04.20-04.56.14:278][  0]LogConfig: Setting CVar [[gc.MaxObjectsNotConsideredByGC:1]]
[2020.04.20-04.56.14:278][  0]LogConfig: Setting CVar [[gc.SizeOfPermanentObjectPool:0]]
[2020.04.20-04.56.14:278][  0]LogConfig: Setting CVar [[gc.FlushStreamingOnGC:0]]
[2020.04.20-04.56.14:278][  0]LogConfig: Setting CVar [[gc.NumRetriesBeforeForcingGC:10]]
[2020.04.20-04.56.14:278][  0]LogConfig: Setting CVar [[gc.AllowParallelGC:1]]
[2020.04.20-04.56.14:278][  0]LogConfig: Setting CVar [[gc.TimeBetweenPurgingPendingKillObjects:61.1]]
[2020.04.20-04.56.14:278][  0]LogConfig: Setting CVar [[gc.MaxObjectsInEditor:25165824]]
[2020.04.20-04.56.14:278][  0]LogConfig: Setting CVar [[gc.IncrementalBeginDestroyEnabled:1]]
[2020.04.20-04.56.14:278][  0]LogConfig: Setting CVar [[gc.CreateGCClusters:1]]
[2020.04.20-04.56.14:278][  0]LogConfig: Setting CVar [[gc.MinGCClusterSize:5]]
[2020.04.20-04.56.14:278][  0]LogConfig: Setting CVar [[gc.ActorClusteringEnabled:0]]
[2020.04.20-04.56.14:278][  0]LogConfig: Setting CVar [[gc.BlueprintClusteringEnabled:0]]
[2020.04.20-04.56.14:278][  0]LogConfig: Setting CVar [[gc.UseDisregardForGCOnDedicatedServers:0]]
[2020.04.20-04.56.14:278][  0]LogConfig: Applying CVar settings from Section [/Script/Engine.NetworkSettings] File [C:/Users/Admin/Documents/Repos/Keep It Alive/KeepItAlive/Saved/Config/Windows/Engine.ini]
[2020.04.20-04.56.14:278][  0]LogConfig: Applying CVar settings from Section [/Script/UnrealEd.CookerSettings] File [C:/Users/Admin/Documents/Repos/Keep It Alive/KeepItAlive/Saved/Config/Windows/Engine.ini]
[2020.04.20-04.56.14:286][  0]LogConfig: Applying CVar settings from Section [ViewDistanceQuality@3] File [C:/Users/Admin/Documents/Repos/Keep It Alive/KeepItAlive/Saved/Config/Windows/Scalability.ini]
[2020.04.20-04.56.14:286][  0]LogConfig: Setting CVar [[r.SkeletalMeshLODBias:0]]
[2020.04.20-04.56.14:286][  0]LogConfig: Setting CVar [[r.ViewDistanceScale:1.0]]
[2020.04.20-04.56.14:286][  0]LogConfig: Applying CVar settings from Section [AntiAliasingQuality@3] File [C:/Users/Admin/Documents/Repos/Keep It Alive/KeepItAlive/Saved/Config/Windows/Scalability.ini]
[2020.04.20-04.56.14:286][  0]LogConfig: Setting CVar [[r.PostProcessAAQuality:4]]
[2020.04.20-04.56.14:286][  0]LogConfig: Applying CVar settings from Section [ShadowQuality@3] File [C:/Users/Admin/Documents/Repos/Keep It Alive/KeepItAlive/Saved/Config/Windows/Scalability.ini]
[2020.04.20-04.56.14:286][  0]LogConfig: Setting CVar [[r.LightFunctionQuality:1]]
[2020.04.20-04.56.14:286][  0]LogConfig: Setting CVar [[r.ShadowQuality:5]]
[2020.04.20-04.56.14:286][  0]LogConfig: Setting CVar [[r.Shadow.CSM.MaxCascades:10]]
[2020.04.20-04.56.14:286][  0]LogConfig: Setting CVar [[r.Shadow.MaxResolution:2048]]
[2020.04.20-04.56.14:286][  0]LogConfig: Setting CVar [[r.Shadow.MaxCSMResolution:2048]]
[2020.04.20-04.56.14:286][  0]LogConfig: Setting CVar [[r.Shadow.RadiusThreshold:0.01]]
[2020.04.20-04.56.14:286][  0]LogConfig: Setting CVar [[r.Shadow.DistanceScale:1.0]]
[2020.04.20-04.56.14:286][  0]LogConfig: Setting CVar [[r.Shadow.CSM.TransitionScale:1.0]]
[2020.04.20-04.56.14:286][  0]LogConfig: Setting CVar [[r.Shadow.PreShadowResolutionFactor:1.0]]
[2020.04.20-04.56.14:286][  0]LogConfig: Setting CVar [[r.DistanceFieldShadowing:1]]
[2020.04.20-04.56.14:286][  0]LogConfig: Setting CVar [[r.DistanceFieldAO:1]]
[2020.04.20-04.56.14:286][  0]LogConfig: Setting CVar [[r.AOQuality:2]]
[2020.04.20-04.56.14:286][  0]LogConfig: Setting CVar [[r.VolumetricFog:1]]
[2020.04.20-04.56.14:286][  0]LogConfig: Setting CVar [[r.VolumetricFog.GridPixelSize:8]]
[2020.04.20-04.56.14:286][  0]LogConfig: Setting CVar [[r.VolumetricFog.GridSizeZ:128]]
[2020.04.20-04.56.14:286][  0]LogConfig: Setting CVar [[r.VolumetricFog.HistoryMissSupersampleCount:4]]
[2020.04.20-04.56.14:286][  0]LogConfig: Setting CVar [[r.LightMaxDrawDistanceScale:1]]
[2020.04.20-04.56.14:286][  0]LogConfig: Setting CVar [[r.CapsuleShadows:1]]
[2020.04.20-04.56.14:286][  0]LogConfig: Applying CVar settings from Section [PostProcessQuality@3] File [C:/Users/Admin/Documents/Repos/Keep It Alive/KeepItAlive/Saved/Config/Windows/Scalability.ini]
[2020.04.20-04.56.14:286][  0]LogConfig: Setting CVar [[r.MotionBlurQuality:4]]
[2020.04.20-04.56.14:286][  0]LogConfig: Setting CVar [[r.AmbientOcclusionMipLevelFactor:0.4]]
[2020.04.20-04.56.14:286][  0]LogConfig: Setting CVar [[r.AmbientOcclusionMaxQuality:100]]
[2020.04.20-04.56.14:287][  0]LogConfig: Setting CVar [[r.AmbientOcclusionLevels:-1]]
[2020.04.20-04.56.14:287][  0]LogConfig: Setting CVar [[r.AmbientOcclusionRadiusScale:1.0]]
[2020.04.20-04.56.14:287][  0]LogConfig: Setting CVar [[r.DepthOfFieldQuality:2]]
[2020.04.20-04.56.14:287][  0]LogConfig: Setting CVar [[r.RenderTargetPoolMin:400]]
[2020.04.20-04.56.14:287][  0]LogConfig: Setting CVar [[r.LensFlareQuality:2]]
[2020.04.20-04.56.14:287][  0]LogConfig: Setting CVar [[r.SceneColorFringeQuality:1]]
[2020.04.20-04.56.14:287][  0]LogConfig: Setting CVar [[r.EyeAdaptationQuality:2]]
[2020.04.20-04.56.14:287][  0]LogConfig: Setting CVar [[r.BloomQuality:5]]
[2020.04.20-04.56.14:287][  0]LogConfig: Setting CVar [[r.FastBlurThreshold:100]]
[2020.04.20-04.56.14:287][  0]LogConfig: Setting CVar [[r.Upscale.Quality:3]]
[2020.04.20-04.56.14:287][  0]LogConfig: Setting CVar [[r.Tonemapper.GrainQuantization:1]]
[2020.04.20-04.56.14:287][  0]LogConfig: Setting CVar [[r.LightShaftQuality:1]]
[2020.04.20-04.56.14:287][  0]LogConfig: Setting CVar [[r.Filter.SizeScale:1]]
[2020.04.20-04.56.14:287][  0]LogConfig: Setting CVar [[r.Tonemapper.Quality:5]]
[2020.04.20-04.56.14:287][  0]LogConfig: Setting CVar [[r.DOF.Gather.AccumulatorQuality:1        ; higher gathering accumulator quality]]
[2020.04.20-04.56.14:287][  0]LogConfig: Setting CVar [[r.DOF.Gather.PostfilterMethod:1          ; Median3x3 postfilering method]]
[2020.04.20-04.56.14:287][  0]LogConfig: Setting CVar [[r.DOF.Gather.EnableBokehSettings:0       ; no bokeh simulation when gathering]]
[2020.04.20-04.56.14:287][  0]LogConfig: Setting CVar [[r.DOF.Gather.RingCount:4                 ; medium number of samples when gathering]]
[2020.04.20-04.56.14:287][  0]LogConfig: Setting CVar [[r.DOF.Scatter.ForegroundCompositing:1    ; additive foreground scattering]]
[2020.04.20-04.56.14:287][  0]LogConfig: Setting CVar [[r.DOF.Scatter.BackgroundCompositing:2    ; additive background scattering]]
[2020.04.20-04.56.14:287][  0]LogConfig: Setting CVar [[r.DOF.Scatter.EnableBokehSettings:1      ; bokeh simulation when scattering]]
[2020.04.20-04.56.14:287][  0]LogConfig: Setting CVar [[r.DOF.Scatter.MaxSpriteRatio:0.1         ; only a maximum of 10% of scattered bokeh]]
[2020.04.20-04.56.14:287][  0]LogConfig: Setting CVar [[r.DOF.Recombine.Quality:1                ; cheap slight out of focus]]
[2020.04.20-04.56.14:287][  0]LogConfig: Setting CVar [[r.DOF.Recombine.EnableBokehSettings:0    ; no bokeh simulation on slight out of focus]]
[2020.04.20-04.56.14:287][  0]LogConfig: Setting CVar [[r.DOF.TemporalAAQuality:1                ; more stable temporal accumulation]]
[2020.04.20-04.56.14:287][  0]LogConfig: Setting CVar [[r.DOF.Kernel.MaxForegroundRadius:0.025]]
[2020.04.20-04.56.14:287][  0]LogConfig: Setting CVar [[r.DOF.Kernel.MaxBackgroundRadius:0.025]]
[2020.04.20-04.56.14:287][  0]LogConfig: Applying CVar settings from Section [TextureQuality@3] File [C:/Users/Admin/Documents/Repos/Keep It Alive/KeepItAlive/Saved/Config/Windows/Scalability.ini]
[2020.04.20-04.56.14:287][  0]LogConfig: Setting CVar [[r.Streaming.MipBias:0]]
[2020.04.20-04.56.14:287][  0]LogConfig: Setting CVar [[r.Streaming.AmortizeCPUToGPUCopy:0]]
[2020.04.20-04.56.14:287][  0]LogConfig: Setting CVar [[r.Streaming.MaxNumTexturesToStreamPerFrame:0]]
[2020.04.20-04.56.14:287][  0]LogConfig: Setting CVar [[r.Streaming.Boost:1]]
[2020.04.20-04.56.14:287][  0]LogConfig: Setting CVar [[r.MaxAnisotropy:8]]
[2020.04.20-04.56.14:287][  0]LogConfig: Setting CVar [[r.VT.MaxAnisotropy:8]]
[2020.04.20-04.56.14:287][  0]LogConfig: Setting CVar [[r.Streaming.LimitPoolSizeToVRAM:0]]
[2020.04.20-04.56.14:287][  0]LogConfig: Setting CVar [[r.Streaming.PoolSize:1000]]
[2020.04.20-04.56.14:287][  0]LogConfig: Setting CVar [[r.Streaming.MaxEffectiveScreenSize:0]]
[2020.04.20-04.56.14:287][  0]LogConfig: Applying CVar settings from Section [EffectsQuality@3] File [C:/Users/Admin/Documents/Repos/Keep It Alive/KeepItAlive/Saved/Config/Windows/Scalability.ini]
[2020.04.20-04.56.14:287][  0]LogConfig: Setting CVar [[r.TranslucencyLightingVolumeDim:64]]
[2020.04.20-04.56.14:287][  0]LogConfig: Setting CVar [[r.RefractionQuality:2]]
[2020.04.20-04.56.14:287][  0]LogConfig: Setting CVar [[r.SSR.Quality:3]]
[2020.04.20-04.56.14:287][  0]LogConfig: Setting CVar [[r.SSR.HalfResSceneColor:0]]
[2020.04.20-04.56.14:287][  0]LogConfig: Setting CVar [[r.SceneColorFormat:4]]
[2020.04.20-04.56.14:287][  0]LogConfig: Setting CVar [[r.DetailMode:2]]
[2020.04.20-04.56.14:287][  0]LogConfig: Setting CVar [[r.TranslucencyVolumeBlur:1]]
[2020.04.20-04.56.14:287][  0]LogConfig: Setting CVar [[r.MaterialQualityLevel:1 ; High quality]]
[2020.04.20-04.56.14:287][  0]LogConfig: Setting CVar [[r.SSS.Scale:1]]
[2020.04.20-04.56.14:287][  0]LogConfig: Setting CVar [[r.SSS.SampleSet:2]]
[2020.04.20-04.56.14:287][  0]LogConfig: Setting CVar [[r.SSS.Quality:1]]
[2020.04.20-04.56.14:287][  0]LogConfig: Setting CVar [[r.SSS.HalfRes:1]]
[2020.04.20-04.56.14:287][  0]LogConfig: Setting CVar [[r.SSGI.Quality:3]]
[2020.04.20-04.56.14:287][  0]LogConfig: Setting CVar [[r.EmitterSpawnRateScale:1.0]]
[2020.04.20-04.56.14:287][  0]LogConfig: Setting CVar [[r.ParticleLightQuality:2]]
[2020.04.20-04.56.14:287][  0]LogConfig: Setting CVar [[r.SkyAtmosphere.AerialPerspectiveLUT.FastApplyOnOpaque:1 ; Always have FastSkyLUT 1 in this case to avoid wrong sky]]
[2020.04.20-04.56.14:287][  0]LogConfig: Setting CVar [[r.SkyAtmosphere.AerialPerspectiveLUT.SampleCountPerSlice:1]]
[2020.04.20-04.56.14:287][  0]LogConfig: Setting CVar [[r.SkyAtmosphere.AerialPerspectiveLUT.DepthResolution:16.0]]
[2020.04.20-04.56.14:287][  0]LogConfig: Setting CVar [[r.SkyAtmosphere.FastSkyLUT:1]]
[2020.04.20-04.56.14:287][  0]LogConfig: Setting CVar [[r.SkyAtmosphere.FastSkyLUT.SampleCountMin:4.0]]
[2020.04.20-04.56.14:287][  0]LogConfig: Setting CVar [[r.SkyAtmosphere.FastSkyLUT.SampleCountMax:32.0]]
[2020.04.20-04.56.14:288][  0]LogConfig: Setting CVar [[r.SkyAtmosphere.SampleCountMin:4.0]]
[2020.04.20-04.56.14:288][  0]LogConfig: Setting CVar [[r.SkyAtmosphere.SampleCountMax:32.0]]
[2020.04.20-04.56.14:288][  0]LogConfig: Setting CVar [[r.SkyAtmosphere.TransmittanceLUT.UseSmallFormat:0]]
[2020.04.20-04.56.14:288][  0]LogConfig: Setting CVar [[r.SkyAtmosphere.TransmittanceLUT.SampleCount:10.0]]
[2020.04.20-04.56.14:288][  0]LogConfig: Setting CVar [[r.SkyAtmosphere.MultiScatteringLUT.SampleCount:15.0]]
[2020.04.20-04.56.14:288][  0]LogConfig: Applying CVar settings from Section [FoliageQuality@3] File [C:/Users/Admin/Documents/Repos/Keep It Alive/KeepItAlive/Saved/Config/Windows/Scalability.ini]
[2020.04.20-04.56.14:288][  0]LogConfig: Setting CVar [[foliage.DensityScale:1.0]]
[2020.04.20-04.56.14:288][  0]LogConfig: Setting CVar [[grass.DensityScale:1.0]]
[2020.04.20-04.56.14:288][  0]LogConfig: Applying CVar settings from Section [ShadingQuality@3] File [C:/Users/Admin/Documents/Repos/Keep It Alive/KeepItAlive/Saved/Config/Windows/Scalability.ini]
[2020.04.20-04.56.14:288][  0]LogConfig: Setting CVar [[r.HairStrands.SkyLighting.SampleCount:16]]
[2020.04.20-04.56.14:288][  0]LogConfig: Setting CVar [[r.HairStrands.SkyLighting.JitterIntegration:0]]
[2020.04.20-04.56.14:288][  0]LogConfig: Setting CVar [[r.HairStrands.SkyAO.SampleCount:16]]
[2020.04.20-04.56.14:288][  0]LogInit: Selected Device Profile: [Windows]
[2020.04.20-04.56.14:288][  0]LogInit: Applying CVar settings loaded from the selected device profile: [Windows]
[2020.04.20-04.56.14:294][  0]LogHAL: Display: Platform has ~ 8 GB [8554160128 / 8589934592 / 8], which maps to Default [LargestMinGB=32, LargerMinGB=12, DefaultMinGB=8, SmallerMinGB=6, SmallestMinGB=0)
[2020.04.20-04.56.14:294][  0]LogInit: Going up to parent DeviceProfile []
[2020.04.20-04.56.14:294][  0]LogConfig: Applying CVar settings from Section [ViewDistanceQuality@3] File [C:/Users/Admin/Documents/Repos/Keep It Alive/KeepItAlive/Saved/Config/Windows/Scalability.ini]
[2020.04.20-04.56.14:294][  0]LogConfig: Setting CVar [[r.SkeletalMeshLODBias:0]]
[2020.04.20-04.56.14:294][  0]LogConfig: Setting CVar [[r.ViewDistanceScale:1.0]]
[2020.04.20-04.56.14:294][  0]LogConfig: Applying CVar settings from Section [AntiAliasingQuality@3] File [C:/Users/Admin/Documents/Repos/Keep It Alive/KeepItAlive/Saved/Config/Windows/Scalability.ini]
[2020.04.20-04.56.14:294][  0]LogConfig: Setting CVar [[r.PostProcessAAQuality:4]]
[2020.04.20-04.56.14:294][  0]LogConfig: Applying CVar settings from Section [ShadowQuality@3] File [C:/Users/Admin/Documents/Repos/Keep It Alive/KeepItAlive/Saved/Config/Windows/Scalability.ini]
[2020.04.20-04.56.14:294][  0]LogConfig: Setting CVar [[r.LightFunctionQuality:1]]
[2020.04.20-04.56.14:294][  0]LogConfig: Setting CVar [[r.ShadowQuality:5]]
[2020.04.20-04.56.14:294][  0]LogConfig: Setting CVar [[r.Shadow.CSM.MaxCascades:10]]
[2020.04.20-04.56.14:294][  0]LogConfig: Setting CVar [[r.Shadow.MaxResolution:2048]]
[2020.04.20-04.56.14:294][  0]LogConfig: Setting CVar [[r.Shadow.MaxCSMResolution:2048]]
[2020.04.20-04.56.14:294][  0]LogConfig: Setting CVar [[r.Shadow.RadiusThreshold:0.01]]
[2020.04.20-04.56.14:294][  0]LogConfig: Setting CVar [[r.Shadow.DistanceScale:1.0]]
[2020.04.20-04.56.14:294][  0]LogConfig: Setting CVar [[r.Shadow.CSM.TransitionScale:1.0]]
[2020.04.20-04.56.14:294][  0]LogConfig: Setting CVar [[r.Shadow.PreShadowResolutionFactor:1.0]]
[2020.04.20-04.56.14:294][  0]LogConfig: Setting CVar [[r.DistanceFieldShadowing:1]]
[2020.04.20-04.56.14:294][  0]LogConfig: Setting CVar [[r.DistanceFieldAO:1]]
[2020.04.20-04.56.14:294][  0]LogConfig: Setting CVar [[r.AOQuality:2]]
[2020.04.20-04.56.14:294][  0]LogConfig: Setting CVar [[r.VolumetricFog:1]]
[2020.04.20-04.56.14:294][  0]LogConfig: Setting CVar [[r.VolumetricFog.GridPixelSize:8]]
[2020.04.20-04.56.14:294][  0]LogConfig: Setting CVar [[r.VolumetricFog.GridSizeZ:128]]
[2020.04.20-04.56.14:294][  0]LogConfig: Setting CVar [[r.VolumetricFog.HistoryMissSupersampleCount:4]]
[2020.04.20-04.56.14:294][  0]LogConfig: Setting CVar [[r.LightMaxDrawDistanceScale:1]]
[2020.04.20-04.56.14:294][  0]LogConfig: Setting CVar [[r.CapsuleShadows:1]]
[2020.04.20-04.56.14:294][  0]LogConfig: Applying CVar settings from Section [PostProcessQuality@3] File [C:/Users/Admin/Documents/Repos/Keep It Alive/KeepItAlive/Saved/Config/Windows/Scalability.ini]
[2020.04.20-04.56.14:294][  0]LogConfig: Setting CVar [[r.MotionBlurQuality:4]]
[2020.04.20-04.56.14:294][  0]LogConfig: Setting CVar [[r.AmbientOcclusionMipLevelFactor:0.4]]
[2020.04.20-04.56.14:294][  0]LogConfig: Setting CVar [[r.AmbientOcclusionMaxQuality:100]]
[2020.04.20-04.56.14:294][  0]LogConfig: Setting CVar [[r.AmbientOcclusionLevels:-1]]
[2020.04.20-04.56.14:294][  0]LogConfig: Setting CVar [[r.AmbientOcclusionRadiusScale:1.0]]
[2020.04.20-04.56.14:294][  0]LogConfig: Setting CVar [[r.DepthOfFieldQuality:2]]
[2020.04.20-04.56.14:294][  0]LogConfig: Setting CVar [[r.RenderTargetPoolMin:400]]
[2020.04.20-04.56.14:294][  0]LogConfig: Setting CVar [[r.LensFlareQuality:2]]
[2020.04.20-04.56.14:294][  0]LogConfig: Setting CVar [[r.SceneColorFringeQuality:1]]
[2020.04.20-04.56.14:294][  0]LogConfig: Setting CVar [[r.EyeAdaptationQuality:2]]
[2020.04.20-04.56.14:294][  0]LogConfig: Setting CVar [[r.BloomQuality:5]]
[2020.04.20-04.56.14:294][  0]LogConfig: Setting CVar [[r.FastBlurThreshold:100]]
[2020.04.20-04.56.14:294][  0]LogConfig: Setting CVar [[r.Upscale.Quality:3]]
[2020.04.20-04.56.14:294][  0]LogConfig: Setting CVar [[r.Tonemapper.GrainQuantization:1]]
[2020.04.20-04.56.14:294][  0]LogConfig: Setting CVar [[r.LightShaftQuality:1]]
[2020.04.20-04.56.14:294][  0]LogConfig: Setting CVar [[r.Filter.SizeScale:1]]
[2020.04.20-04.56.14:294][  0]LogConfig: Setting CVar [[r.Tonemapper.Quality:5]]
[2020.04.20-04.56.14:294][  0]LogConfig: Setting CVar [[r.DOF.Gather.AccumulatorQuality:1        ; higher gathering accumulator quality]]
[2020.04.20-04.56.14:294][  0]LogConfig: Setting CVar [[r.DOF.Gather.PostfilterMethod:1          ; Median3x3 postfilering method]]
[2020.04.20-04.56.14:294][  0]LogConfig: Setting CVar [[r.DOF.Gather.EnableBokehSettings:0       ; no bokeh simulation when gathering]]
[2020.04.20-04.56.14:294][  0]LogConfig: Setting CVar [[r.DOF.Gather.RingCount:4                 ; medium number of samples when gathering]]
[2020.04.20-04.56.14:294][  0]LogConfig: Setting CVar [[r.DOF.Scatter.ForegroundCompositing:1    ; additive foreground scattering]]
[2020.04.20-04.56.14:294][  0]LogConfig: Setting CVar [[r.DOF.Scatter.BackgroundCompositing:2    ; additive background scattering]]
[2020.04.20-04.56.14:294][  0]LogConfig: Setting CVar [[r.DOF.Scatter.EnableBokehSettings:1      ; bokeh simulation when scattering]]
[2020.04.20-04.56.14:294][  0]LogConfig: Setting CVar [[r.DOF.Scatter.MaxSpriteRatio:0.1         ; only a maximum of 10% of scattered bokeh]]
[2020.04.20-04.56.14:295][  0]LogConfig: Setting CVar [[r.DOF.Recombine.Quality:1                ; cheap slight out of focus]]
[2020.04.20-04.56.14:295][  0]LogConfig: Setting CVar [[r.DOF.Recombine.EnableBokehSettings:0    ; no bokeh simulation on slight out of focus]]
[2020.04.20-04.56.14:295][  0]LogConfig: Setting CVar [[r.DOF.TemporalAAQuality:1                ; more stable temporal accumulation]]
[2020.04.20-04.56.14:295][  0]LogConfig: Setting CVar [[r.DOF.Kernel.MaxForegroundRadius:0.025]]
[2020.04.20-04.56.14:295][  0]LogConfig: Setting CVar [[r.DOF.Kernel.MaxBackgroundRadius:0.025]]
[2020.04.20-04.56.14:295][  0]LogConfig: Applying CVar settings from Section [TextureQuality@3] File [C:/Users/Admin/Documents/Repos/Keep It Alive/KeepItAlive/Saved/Config/Windows/Scalability.ini]
[2020.04.20-04.56.14:295][  0]LogConfig: Setting CVar [[r.Streaming.MipBias:0]]
[2020.04.20-04.56.14:295][  0]LogConfig: Setting CVar [[r.Streaming.AmortizeCPUToGPUCopy:0]]
[2020.04.20-04.56.14:295][  0]LogConfig: Setting CVar [[r.Streaming.MaxNumTexturesToStreamPerFrame:0]]
[2020.04.20-04.56.14:295][  0]LogConfig: Setting CVar [[r.Streaming.Boost:1]]
[2020.04.20-04.56.14:295][  0]LogConfig: Setting CVar [[r.MaxAnisotropy:8]]
[2020.04.20-04.56.14:295][  0]LogConfig: Setting CVar [[r.VT.MaxAnisotropy:8]]
[2020.04.20-04.56.14:295][  0]LogConfig: Setting CVar [[r.Streaming.LimitPoolSizeToVRAM:0]]
[2020.04.20-04.56.14:295][  0]LogConfig: Setting CVar [[r.Streaming.PoolSize:1000]]
[2020.04.20-04.56.14:295][  0]LogConfig: Setting CVar [[r.Streaming.MaxEffectiveScreenSize:0]]
[2020.04.20-04.56.14:295][  0]LogConfig: Applying CVar settings from Section [EffectsQuality@3] File [C:/Users/Admin/Documents/Repos/Keep It Alive/KeepItAlive/Saved/Config/Windows/Scalability.ini]
[2020.04.20-04.56.14:295][  0]LogConfig: Setting CVar [[r.TranslucencyLightingVolumeDim:64]]
[2020.04.20-04.56.14:295][  0]LogConfig: Setting CVar [[r.RefractionQuality:2]]
[2020.04.20-04.56.14:295][  0]LogConfig: Setting CVar [[r.SSR.Quality:3]]
[2020.04.20-04.56.14:295][  0]LogConfig: Setting CVar [[r.SSR.HalfResSceneColor:0]]
[2020.04.20-04.56.14:295][  0]LogConfig: Setting CVar [[r.SceneColorFormat:4]]
[2020.04.20-04.56.14:295][  0]LogConfig: Setting CVar [[r.DetailMode:2]]
[2020.04.20-04.56.14:295][  0]LogConfig: Setting CVar [[r.TranslucencyVolumeBlur:1]]
[2020.04.20-04.56.14:295][  0]LogConfig: Setting CVar [[r.MaterialQualityLevel:1 ; High quality]]
[2020.04.20-04.56.14:295][  0]LogConfig: Setting CVar [[r.SSS.Scale:1]]
[2020.04.20-04.56.14:295][  0]LogConfig: Setting CVar [[r.SSS.SampleSet:2]]
[2020.04.20-04.56.14:295][  0]LogConfig: Setting CVar [[r.SSS.Quality:1]]
[2020.04.20-04.56.14:295][  0]LogConfig: Setting CVar [[r.SSS.HalfRes:1]]
[2020.04.20-04.56.14:295][  0]LogConfig: Setting CVar [[r.SSGI.Quality:3]]
[2020.04.20-04.56.14:295][  0]LogConfig: Setting CVar [[r.EmitterSpawnRateScale:1.0]]
[2020.04.20-04.56.14:295][  0]LogConfig: Setting CVar [[r.ParticleLightQuality:2]]
[2020.04.20-04.56.14:295][  0]LogConfig: Setting CVar [[r.SkyAtmosphere.AerialPerspectiveLUT.FastApplyOnOpaque:1 ; Always have FastSkyLUT 1 in this case to avoid wrong sky]]
[2020.04.20-04.56.14:295][  0]LogConfig: Setting CVar [[r.SkyAtmosphere.AerialPerspectiveLUT.SampleCountPerSlice:1]]
[2020.04.20-04.56.14:295][  0]LogConfig: Setting CVar [[r.SkyAtmosphere.AerialPerspectiveLUT.DepthResolution:16.0]]
[2020.04.20-04.56.14:295][  0]LogConfig: Setting CVar [[r.SkyAtmosphere.FastSkyLUT:1]]
[2020.04.20-04.56.14:295][  0]LogConfig: Setting CVar [[r.SkyAtmosphere.FastSkyLUT.SampleCountMin:4.0]]
[2020.04.20-04.56.14:295][  0]LogConfig: Setting CVar [[r.SkyAtmosphere.FastSkyLUT.SampleCountMax:32.0]]
[2020.04.20-04.56.14:295][  0]LogConfig: Setting CVar [[r.SkyAtmosphere.SampleCountMin:4.0]]
[2020.04.20-04.56.14:295][  0]LogConfig: Setting CVar [[r.SkyAtmosphere.SampleCountMax:32.0]]
[2020.04.20-04.56.14:295][  0]LogConfig: Setting CVar [[r.SkyAtmosphere.TransmittanceLUT.UseSmallFormat:0]]
[2020.04.20-04.56.14:295][  0]LogConfig: Setting CVar [[r.SkyAtmosphere.TransmittanceLUT.SampleCount:10.0]]
[2020.04.20-04.56.14:295][  0]LogConfig: Setting CVar [[r.SkyAtmosphere.MultiScatteringLUT.SampleCount:15.0]]
[2020.04.20-04.56.14:295][  0]LogConfig: Applying CVar settings from Section [FoliageQuality@3] File [C:/Users/Admin/Documents/Repos/Keep It Alive/KeepItAlive/Saved/Config/Windows/Scalability.ini]
[2020.04.20-04.56.14:295][  0]LogConfig: Setting CVar [[foliage.DensityScale:1.0]]
[2020.04.20-04.56.14:295][  0]LogConfig: Setting CVar [[grass.DensityScale:1.0]]
[2020.04.20-04.56.14:295][  0]LogConfig: Applying CVar settings from Section [ShadingQuality@3] File [C:/Users/Admin/Documents/Repos/Keep It Alive/KeepItAlive/Saved/Config/Windows/Scalability.ini]
[2020.04.20-04.56.14:295][  0]LogConfig: Setting CVar [[r.HairStrands.SkyLighting.SampleCount:16]]
[2020.04.20-04.56.14:295][  0]LogConfig: Setting CVar [[r.HairStrands.SkyLighting.JitterIntegration:0]]
[2020.04.20-04.56.14:295][  0]LogConfig: Setting CVar [[r.HairStrands.SkyAO.SampleCount:16]]
[2020.04.20-04.56.14:295][  0]LogConfig: Applying CVar settings from Section [Startup] File [../../../Engine/Config/ConsoleVariables.ini]
[2020.04.20-04.56.14:296][  0]LogConfig: Setting CVar [[net.UseAdaptiveNetUpdateFrequency:0]]
[2020.04.20-04.56.14:296][  0]LogConfig: Setting CVar [[p.chaos.AllowCreatePhysxBodies:1]]
[2020.04.20-04.56.14:296][  0]LogConfig: Applying CVar settings from Section [ConsoleVariables] File [C:/Users/Admin/Documents/Repos/Keep It Alive/KeepItAlive/Saved/Config/Windows/Engine.ini]
[2020.04.20-04.56.14:298][  0]LogInit: Computer: WIN-H8OU5S8TNS7
[2020.04.20-04.56.14:298][  0]LogInit: User: Admin
[2020.04.20-04.56.14:298][  0]LogInit: CPU Page size=4096, Cores=4
[2020.04.20-04.56.14:298][  0]LogInit: High frequency timer resolution =10.000000 MHz
[2020.04.20-04.56.14:298][  0]LogMemory: Memory total: Physical=8.0GB (8GB approx)
[2020.04.20-04.56.14:298][  0]LogMemory: Platform Memory Stats for Windows
[2020.04.20-04.56.14:298][  0]LogMemory: Process Physical Memory: 104.74 MB used, 104.75 MB peak
[2020.04.20-04.56.14:298][  0]LogMemory: Process Virtual Memory: 99.67 MB used, 99.67 MB peak
[2020.04.20-04.56.14:298][  0]LogMemory: Physical Memory: 2472.35 MB used,  5685.53 MB free, 8157.88 MB total
[2020.04.20-04.56.14:298][  0]LogMemory: Virtual Memory: 5121.08 MB used,  134212608.00 MB free, 134217728.00 MB total
[2020.04.20-04.56.14:305][  0]LogWindows: WindowsPlatformFeatures enabled
[2020.04.20-04.56.14:493][  0]LogInit: Using OS detected language (ru-RU).
[2020.04.20-04.56.14:493][  0]LogInit: Using OS detected locale (ru-RU).
[2020.04.20-04.56.14:496][  0]LogTextLocalizationManager: No specific localization for 'ru-RU' exists, so the 'ru' localization will be used.
[2020.04.20-04.56.14:497][  0]LogTextLocalizationResource: LocRes '../../../Engine/Content/Localization/Editor/ru/Editor.locres' could not be opened for reading!
[2020.04.20-04.56.14:497][  0]LogTextLocalizationResource: LocRes '../../../Engine/Content/Localization/EditorTutorials/ru/EditorTutorials.locres' could not be opened for reading!
[2020.04.20-04.56.14:497][  0]LogTextLocalizationResource: LocRes '../../../Engine/Content/Localization/Keywords/ru/Keywords.locres' could not be opened for reading!
[2020.04.20-04.56.14:498][  0]LogTextLocalizationResource: LocRes '../../../Engine/Content/Localization/Category/ru/Category.locres' could not be opened for reading!
[2020.04.20-04.56.14:498][  0]LogTextLocalizationResource: LocRes '../../../Engine/Content/Localization/ToolTips/ru/ToolTips.locres' could not be opened for reading!
[2020.04.20-04.56.14:499][  0]LogTextLocalizationResource: LocRes '../../../Engine/Content/Localization/PropertyNames/ru/PropertyNames.locres' could not be opened for reading!
[2020.04.20-04.56.14:499][  0]LogTextLocalizationResource: LocRes '../../../Engine/Content/Localization/Engine/ru/Engine.locres' could not be opened for reading!
[2020.04.20-04.56.14:504][  0]LogInit: Setting process to per monitor DPI aware
[2020.04.20-04.56.14:576][  0]LogSlate: New Slate User Created.  User Index 0, Is Virtual User: 0
[2020.04.20-04.56.14:576][  0]LogSlate: Slate User Registered.  User Index 0, Is Virtual User: 0
[2020.04.20-04.56.14:927][  0]LogHMD: Failed to initialize OpenVR with code 110
[2020.04.20-04.56.14:927][  0]LogD3D11RHI: D3D11 min allowed feature level: 11_0
[2020.04.20-04.56.14:927][  0]LogD3D11RHI: D3D11 max allowed feature level: 11_0
[2020.04.20-04.56.14:927][  0]LogD3D11RHI: D3D11 adapters:
[2020.04.20-04.56.14:967][  0]LogD3D11RHI:    0. 'NVIDIA GeForce GTX 1060 6GB' (Feature Level 11_0)
[2020.04.20-04.56.14:967][  0]LogD3D11RHI:       6081/0/4078 MB DedicatedVideo/DedicatedSystem/SharedSystem, Outputs:1, VendorId:0x10de
[2020.04.20-04.56.14:971][  0]LogD3D11RHI:    1. 'Microsoft Basic Render Driver' (Feature Level 11_0)
[2020.04.20-04.56.14:971][  0]LogD3D11RHI:       0/0/4078 MB DedicatedVideo/DedicatedSystem/SharedSystem, Outputs:0, VendorId:0x1414
[2020.04.20-04.56.14:971][  0]LogD3D11RHI: Chosen D3D11 Adapter: 0
[2020.04.20-04.56.14:977][  0]LogD3D11RHI: Creating new Direct3DDevice
[2020.04.20-04.56.14:977][  0]LogD3D11RHI:     GPU DeviceId: 0x1c03 (for the marketing name, search the web for "GPU Device Id")
[2020.04.20-04.56.14:977][  0]LogWindows: EnumDisplayDevices:
[2020.04.20-04.56.14:978][  0]LogWindows:    0. 'NVIDIA GeForce GTX 1060 6GB' (P:1 D:1)
[2020.04.20-04.56.14:978][  0]LogWindows:    1. 'NVIDIA GeForce GTX 1060 6GB' (P:0 D:0)
[2020.04.20-04.56.14:979][  0]LogWindows:    2. 'NVIDIA GeForce GTX 1060 6GB' (P:0 D:0)
[2020.04.20-04.56.14:979][  0]LogWindows:    3. 'NVIDIA GeForce GTX 1060 6GB' (P:0 D:0)
[2020.04.20-04.56.14:979][  0]LogWindows: DebugString: FoundDriverCount:4 
[2020.04.20-04.56.14:979][  0]LogD3D11RHI:     Adapter Name: NVIDIA GeForce GTX 1060 6GB
[2020.04.20-04.56.14:979][  0]LogD3D11RHI:   Driver Version: 378.66 (internal:21.21.13.7866, unified:378.66)
[2020.04.20-04.56.14:979][  0]LogD3D11RHI:      Driver Date: 2-9-2017
[2020.04.20-04.56.14:979][  0]LogRHI: Texture pool is 4256 MB (70% of 6081 MB)
[2020.04.20-04.56.15:003][  0]LogD3D11RHI: RHI does not have support for 64 bit atomics
[2020.04.20-04.56.15:005][  0]LogD3D11RHI: Async texture creation enabled
[2020.04.20-04.56.15:033][  0]LogD3D11RHI: GPU Timing Frequency: 1000.000000 (Debug: 2 1)
[2020.04.20-04.56.15:576][  0]LogTargetPlatformManager: Display: Loaded TargetPlatform 'AllDesktop'
[2020.04.20-04.56.15:621][  0]LogTargetPlatformManager: Display: Loaded TargetPlatform 'Android'
[2020.04.20-04.56.15:622][  0]LogTargetPlatformManager: Display: Loaded TargetPlatform 'Android_ASTC'
[2020.04.20-04.56.15:622][  0]LogTargetPlatformManager: Display: Loaded TargetPlatform 'Android_ATC'
[2020.04.20-04.56.15:622][  0]LogTargetPlatformManager: Display: Loaded TargetPlatform 'Android_DXT'
[2020.04.20-04.56.15:622][  0]LogTargetPlatformManager: Display: Loaded TargetPlatform 'Android_ETC1'
[2020.04.20-04.56.15:622][  0]LogTargetPlatformManager: Display: Loaded TargetPlatform 'Android_ETC1a'
[2020.04.20-04.56.15:622][  0]LogTargetPlatformManager: Display: Loaded TargetPlatform 'Android_ETC2'
[2020.04.20-04.56.15:622][  0]LogTargetPlatformManager: Display: Loaded TargetPlatform 'Android_PVRTC'
[2020.04.20-04.56.15:622][  0]LogTargetPlatformManager: Display: Loaded TargetPlatform 'AndroidClient'
[2020.04.20-04.56.15:622][  0]LogTargetPlatformManager: Display: Loaded TargetPlatform 'Android_ASTCClient'
[2020.04.20-04.56.15:622][  0]LogTargetPlatformManager: Display: Loaded TargetPlatform 'Android_ATCClient'
[2020.04.20-04.56.15:622][  0]LogTargetPlatformManager: Display: Loaded TargetPlatform 'Android_DXTClient'
[2020.04.20-04.56.15:622][  0]LogTargetPlatformManager: Display: Loaded TargetPlatform 'Android_ETC1Client'
[2020.04.20-04.56.15:622][  0]LogTargetPlatformManager: Display: Loaded TargetPlatform 'Android_ETC1aClient'
[2020.04.20-04.56.15:622][  0]LogTargetPlatformManager: Display: Loaded TargetPlatform 'Android_ETC2Client'
[2020.04.20-04.56.15:622][  0]LogTargetPlatformManager: Display: Loaded TargetPlatform 'Android_PVRTCClient'
[2020.04.20-04.56.15:622][  0]LogTargetPlatformManager: Display: Loaded TargetPlatform 'Android_Multi'
[2020.04.20-04.56.15:622][  0]LogTargetPlatformManager: Display: Loaded TargetPlatform 'Android_MultiClient'
[2020.04.20-04.56.15:655][  0]LogTargetPlatformManager: Display: Loaded TargetPlatform 'IOSClient'
[2020.04.20-04.56.15:655][  0]LogTargetPlatformManager: Display: Loaded TargetPlatform 'IOS'
[2020.04.20-04.56.15:666][  0]LogTargetPlatformManager: Display: Loaded TargetPlatform 'LinuxNoEditor'
[2020.04.20-04.56.15:678][  0]LogTargetPlatformManager: Display: Loaded TargetPlatform 'LinuxClient'
[2020.04.20-04.56.15:690][  0]LogTargetPlatformManager: Display: Loaded TargetPlatform 'LinuxServer'
[2020.04.20-04.56.15:702][  0]LogTargetPlatformManager: Display: Loaded TargetPlatform 'LinuxAArch64NoEditor'
[2020.04.20-04.56.15:714][  0]LogTargetPlatformManager: Display: Loaded TargetPlatform 'LinuxAArch64Client'
[2020.04.20-04.56.15:727][  0]LogTargetPlatformManager: Display: Loaded TargetPlatform 'LinuxAArch64Server'
[2020.04.20-04.56.15:762][  0]LogTargetPlatformManager: Display: Loaded TargetPlatform 'Lumin'
[2020.04.20-04.56.15:762][  0]LogTargetPlatformManager: Display: Loaded TargetPlatform 'LuminClient'
[2020.04.20-04.56.15:782][  0]LogTargetPlatformManager: Display: Loaded TargetPlatform 'TVOSClient'
[2020.04.20-04.56.15:782][  0]LogTargetPlatformManager: Display: Loaded TargetPlatform 'TVOS'
[2020.04.20-04.56.15:795][  0]LogTargetPlatformManager: Display: Loaded TargetPlatform 'WindowsNoEditor'
[2020.04.20-04.56.15:807][  0]LogTargetPlatformManager: Display: Loaded TargetPlatform 'Windows'
[2020.04.20-04.56.15:818][  0]LogTargetPlatformManager: Display: Loaded TargetPlatform 'WindowsClient'
[2020.04.20-04.56.15:829][  0]LogTargetPlatformManager: Display: Loaded TargetPlatform 'WindowsServer'
[2020.04.20-04.56.15:829][  0]LogTargetPlatformManager: Display: Building Assets For Windows
[2020.04.20-04.56.15:839][  0]LogAudioDebug: Display: Lib vorbis DLL was dynamically loaded.
[2020.04.20-04.56.15:981][  0]LogShaderCompilers: Guid format shader working directory is -23 characters bigger than the processId version (../../../../../Users/Admin/Documents/Repos/Keep It Alive/KeepItAlive/Intermediate/Shaders/WorkingDirectory/12648/).
[2020.04.20-04.56.15:981][  0]LogShaderCompilers: Cleaned the shader compiler working directory 'C:/Users/Admin/AppData/Local/Temp/UnrealShaderWorkingDir/C008150A4E1A431904DBB3ABE6070965/'.
[2020.04.20-04.56.15:983][  0]LogXGEController: Cleaning working directory: C:/Users/Admin/AppData/Local/Temp/UnrealXGEWorkingDir/
[2020.04.20-04.56.15:984][  0]LogShaderCompilers: Display: Using XGE Shader Compiler (Interception Interface).
[2020.04.20-04.56.17:113][  0]LogDerivedDataCache: Display: Max Cache Size: 512 MB
[2020.04.20-04.56.17:505][  0]LogDerivedDataCache: Loaded boot cache 0.39s 78MB C:/Users/Admin/AppData/Local/UnrealEngine/4.24/DerivedDataCache/Boot.ddc.
[2020.04.20-04.56.17:505][  0]LogDerivedDataCache: Display: Loaded Boot cache: C:/Users/Admin/AppData/Local/UnrealEngine/4.24/DerivedDataCache/Boot.ddc
[2020.04.20-04.56.17:505][  0]LogDerivedDataCache: FDerivedDataBackendGraph:  Pak pak cache file ../../../../../Users/Admin/Documents/Repos/Keep It Alive/KeepItAlive/DerivedDataCache/DDC.ddp not found, will not use a pak cache.
[2020.04.20-04.56.17:505][  0]LogDerivedDataCache: Unable to find inner node Pak for hierarchical cache Hierarchy.
[2020.04.20-04.56.17:505][  0]LogDerivedDataCache: FDerivedDataBackendGraph:  CompressedPak pak cache file ../../../../../Users/Admin/Documents/Repos/Keep It Alive/KeepItAlive/DerivedDataCache/Compressed.ddp not found, will not use a pak cache.
[2020.04.20-04.56.17:505][  0]LogDerivedDataCache: Unable to find inner node CompressedPak for hierarchical cache Hierarchy.
[2020.04.20-04.56.17:525][  0]LogDerivedDataCache: Display: Pak cache opened for reading ../../../Engine/DerivedDataCache/Compressed.ddp.
[2020.04.20-04.56.17:525][  0]LogDerivedDataCache: FDerivedDataBackendGraph:  EnterprisePak pak cache file ../../../Enterprise/DerivedDataCache/Compressed.ddp not found, will not use a pak cache.
[2020.04.20-04.56.17:525][  0]LogDerivedDataCache: Unable to find inner node EnterprisePak for hierarchical cache Hierarchy.
[2020.04.20-04.56.17:527][  0]LogDerivedDataCache: Using Local data cache path C:/Users/Admin/AppData/Local/UnrealEngine/Common/DerivedDataCache: Writable
[2020.04.20-04.56.17:527][  0]LogDerivedDataCache: Shared data cache path not found in *engine.ini, will not use an Shared cache.
[2020.04.20-04.56.17:527][  0]LogDerivedDataCache: Unable to find inner node Shared for hierarchical cache Hierarchy.
[2020.04.20-04.56.17:562][  0]LogMaterial: Verifying Global Shaders for PCD3D_SM5
[2020.04.20-04.56.17:574][  0]LogSlate: Using FreeType 2.10.0
[2020.04.20-04.56.17:580][  0]LogSlate: SlateFontServices - WITH_FREETYPE: 1, WITH_HARFBUZZ: 1
[2020.04.20-04.56.17:728][  0]LogAssetRegistry: FAssetRegistry took 0.0067 seconds to start up
[2020.04.20-04.56.18:303][  0]LogInit: Selected Device Profile: [Windows]
[2020.04.20-04.56.18:650][  0]LogMeshReduction: Using QuadricMeshReduction for automatic static mesh reduction
[2020.04.20-04.56.18:650][  0]LogMeshReduction: Using SimplygonMeshReduction for automatic skeletal mesh reduction
[2020.04.20-04.56.18:650][  0]LogMeshReduction: Using ProxyLODMeshReduction for automatic mesh merging
[2020.04.20-04.56.18:650][  0]LogMeshReduction: No distributed automatic mesh merging module available
[2020.04.20-04.56.18:650][  0]LogMeshMerging: No distributed automatic mesh merging module available
[2020.04.20-04.56.18:694][  0]LogNetVersion: KeepItAlive 1.0.0, NetCL: 10570792, EngineNetVer: 13, GameNetVer: 0 (Checksum: 3291726500)
[2020.04.20-04.56.21:042][  0]LogPackageLocalizationCache: Processed 10 localized package path(s) for 1 prioritized culture(s) in 0.031971 seconds
[2020.04.20-04.56.21:050][  0]LogUObjectArray: 46750 objects as part of root set at end of initial load.
[2020.04.20-04.56.21:051][  0]LogUObjectAllocator: 8137160 out of 0 bytes used by permanent object pool.
[2020.04.20-04.56.21:051][  0]LogUObjectArray: CloseDisregardForGC: 0/0 objects in disregard for GC pool
[2020.04.20-04.56.22:003][  0]LogTcpMessaging: Initializing TcpMessaging bridge
[2020.04.20-04.56.22:012][  0]LogUdpMessaging: Initializing bridge on interface 0.0.0.0:0 to multicast group 230.0.0.1:6666.
[2020.04.20-04.56.22:162][  0]SourceControl: Source control is disabled
[2020.04.20-04.56.22:163][  0]SourceControl: Source control is disabled
[2020.04.20-04.56.22:179][  0]SourceControl: Source control is disabled
[2020.04.20-04.56.22:187][  0]SourceControl: Source control is disabled
[2020.04.20-04.56.22:193][  0]SourceControl: Source control is disabled
[2020.04.20-04.56.22:461][  0]LogAndroidPermission: UAndroidPermissionCallbackProxy::GetInstance
[2020.04.20-04.56.22:484][  0]LogAudioCaptureCore: Display: No Audio Capture implementations found. Audio input will be silent.
[2020.04.20-04.56.22:484][  0]LogAudioCaptureCore: Display: No Audio Capture implementations found. Audio input will be silent.
[2020.04.20-04.56.22:656][  0]LogOcInput: OculusInput pre-init called
[2020.04.20-04.56.22:676][  0]LogWindows: Failed to load 'OVRPlugin.dll' (GetLastError=126)
[2020.04.20-04.56.22:676][  0]LogWindows: File 'OVRPlugin.dll' does not exist
[2020.04.20-04.56.22:833][  0]LogEngine: Initializing Engine...
[2020.04.20-04.56.22:835][  0]LogHMD: Failed to initialize OpenVR with code 110
[2020.04.20-04.56.22:840][  0]LogStats: UGameplayTagsManager::InitializeManager -  0.003 s
[2020.04.20-04.56.23:268][  0]LogInit: Initializing FReadOnlyCVARCache
[2020.04.20-04.56.23:320][  0]LogAIModule: Creating AISystem for world Untitled
[2020.04.20-04.56.23:336][  0]LogAudioMixer: Display: Audio Mixer Platform Settings:
[2020.04.20-04.56.23:336][  0]LogAudioMixer: Display: 	Sample Rate:						  48000
[2020.04.20-04.56.23:336][  0]LogAudioMixer: Display: 	Callback Buffer Frame Size Requested: 1024
[2020.04.20-04.56.23:336][  0]LogAudioMixer: Display: 	Callback Buffer Frame Size To Use:	  1024
[2020.04.20-04.56.23:336][  0]LogAudioMixer: Display: 	Number of buffers to queue:			  2
[2020.04.20-04.56.23:336][  0]LogAudioMixer: Display: 	Max Channels (voices):				  32
[2020.04.20-04.56.23:336][  0]LogAudioMixer: Display: 	Number of Async Source Workers:		  0
[2020.04.20-04.56.23:336][  0]LogAudio: Display: AudioDevice MaxSources: 32
[2020.04.20-04.56.23:338][  0]LogAudio: Display: Using built-in audio occlusion.
[2020.04.20-04.56.23:338][  0]LogAudioMixer: Display: Initializing audio mixer.
[2020.04.20-04.56.23:381][  0]LogAudioMixer: Display: Audio Device Output Speaker Info:
[2020.04.20-04.56.23:381][  0]LogAudioMixer: Display: Name: Динамики (Realtek High Definition Audio)
[2020.04.20-04.56.23:381][  0]LogAudioMixer: Display: Is Default: Yes
[2020.04.20-04.56.23:381][  0]LogAudioMixer: Display: Sample Rate: 48000
[2020.04.20-04.56.23:381][  0]LogAudioMixer: Display: Channel Count Used: 2
[2020.04.20-04.56.23:381][  0]LogAudioMixer: Display: Device Channel Count: 2
[2020.04.20-04.56.23:381][  0]LogAudioMixer: Display: Channel Order:
[2020.04.20-04.56.23:381][  0]LogAudioMixer: Display: 0: FrontLeft
[2020.04.20-04.56.23:381][  0]LogAudioMixer: Display: 1: FrontRight
[2020.04.20-04.56.23:411][  0]LogAudioMixer: Display: Using Audio Device Динамики (Realtek High Definition Audio)
[2020.04.20-04.56.23:417][  0]LogInit: FAudioDevice initialized.
[2020.04.20-04.56.23:418][  0]LogNetVersion: Set ProjectVersion to 1.0.0.0. Version Checksum will be recalculated on next use.
[2020.04.20-04.56.23:531][  0]LogDerivedDataCache: Saved boot cache 0.11s 78MB C:/Users/Admin/AppData/Local/UnrealEngine/4.24/DerivedDataCache/Boot.ddc.
[2020.04.20-04.56.23:533][  0]LogInit: Texture streaming: Enabled
[2020.04.20-04.56.23:561][  0]LogEngineSessionManager: EngineSessionManager initialized
[2020.04.20-04.56.23:562][  0]LogEngineSessionManager: EngineSessionManager sent abnormal shutdown report. Type=Crashed, SessionId={D5D7AE4B-4DB6-09E3-F903-B094776F7C58}
[2020.04.20-04.56.23:562][  0]LogEditorSessionSummary: Verbose: Initializing EditorSessionSummaryWriter for editor session tracking
[2020.04.20-04.56.23:565][  0]LogEditorSessionSummary: EditorSessionSummaryWriter initialized
[2020.04.20-04.56.23:654][  0]LogInit: Transaction tracking system initialized
[2020.04.20-04.56.23:721][  0]BlueprintLog: New page: Editor Load
[2020.04.20-04.56.23:895][  0]LocalizationService: Localization service is disabled
[2020.04.20-04.56.24:407][  0]LogFileCache: Scanning file cache for directory 'C:/Users/Admin/Documents/Repos/Keep It Alive/KeepItAlive/Content/' took 0.01s
[2020.04.20-04.56.24:407][  0]LogCook: Display: Max memory allowance for cook 16384mb min free memory 0mb
[2020.04.20-04.56.24:407][  0]LogCook: Display: Mobile HDR setting 1
[2020.04.20-04.56.25:308][  0]SourceControl: Source control is disabled
[2020.04.20-04.56.25:310][  0]Cmd: MAP LOAD FILE="../../../../../Users/Admin/Documents/Repos/Keep It Alive/KeepItAlive/Content/2DSideScrollerCPP/Maps/2DSideScrollerExampleMap.umap" TEMPLATE=0 SHOWPROGRESS=1 FEATURELEVEL=3
[2020.04.20-04.56.25:311][  0]LogEditorServer: Warning: Can't find file '../../../../../Users/Admin/Documents/Repos/Keep It Alive/KeepItAlive/Content/2DSideScrollerCPP/Maps/2DSideScrollerExampleMap.umap'
[2020.04.20-04.56.25:311][  0]Cmd: MAP CHECKDEP NOCLEARLOG
[2020.04.20-04.56.25:312][  0]MapCheck: Map check complete: 0 Error(s), 0 Warning(s), took 0,97ms to complete.
[2020.04.20-04.56.25:312][  0]LogFileHelpers: Loading map '2DSideScrollerExampleMap' took 0.003
[2020.04.20-04.56.25:599][  0]LogCollectionManager: Loaded 0 collections in 0.001981 seconds
[2020.04.20-04.56.25:643][  0]LogFileCache: Scanning file cache for directory 'C:/Users/Admin/Documents/Repos/Keep It Alive/KeepItAlive/Saved/Collections/' took 0.00s
[2020.04.20-04.56.25:644][  0]LogFileCache: Scanning file cache for directory 'C:/Users/Admin/Documents/Repos/Keep It Alive/KeepItAlive/Content/Developers/Admin/Collections/' took 0.00s
[2020.04.20-04.56.25:644][  0]LogFileCache: Scanning file cache for directory 'C:/Users/Admin/Documents/Repos/Keep It Alive/KeepItAlive/Content/Collections/' took 0.00s
[2020.04.20-04.56.25:644][  0]LogContentBrowser: Native class hierarchy populated in 0.0114 seconds. Added 3041 classes and 719 folders.
[2020.04.20-04.56.25:657][  0]LogContentBrowser: Native class hierarchy updated for 'WidgetCarousel' in 0.0004 seconds. Added 0 classes and 0 folders.
[2020.04.20-04.56.25:883][  0]LogContentBrowser: Native class hierarchy updated for 'AddContentDialog' in 0.0004 seconds. Added 0 classes and 0 folders.
[2020.04.20-04.56.26:033][  0]LogSlate: Updating window title bar state: overlay mode, drag disabled, window buttons hidden, title bar hidden
[2020.04.20-04.56.26:043][  0]LogSlate: Updating window title bar state: overlay mode, drag disabled, window buttons hidden, title bar hidden
[2020.04.20-04.56.26:052][  0]LogSlate: Updating window title bar state: overlay mode, drag disabled, window buttons hidden, title bar hidden
[2020.04.20-04.56.26:060][  0]LogSlate: Updating window title bar state: overlay mode, drag disabled, window buttons hidden, title bar hidden
[2020.04.20-04.56.26:077][  0]LogContentBrowser: Native class hierarchy updated for 'SceneOutliner' in 0.0005 seconds. Added 2 classes and 3 folders.
[2020.04.20-04.56.26:145][  0]LogSlate: Took 0.002020 seconds to synchronously load lazily loaded font '../../../Engine/Content/Slate/Fonts/Roboto-Regular.ttf' (155K)
[2020.04.20-04.56.26:150][  0]LogSlate: Took 0.001083 seconds to synchronously load lazily loaded font '../../../Engine/Content/Editor/Slate/Fonts/FontAwesome.ttf' (139K)
[2020.04.20-04.56.26:152][  0]LogSlate: Took 0.001408 seconds to synchronously load lazily loaded font '../../../Engine/Content/Slate/Fonts/Roboto-Bold.ttf' (160K)
[2020.04.20-04.56.26:161][  0]LogSlate: Took 0.001222 seconds to synchronously load lazily loaded font '../../../Engine/Content/Slate/Fonts/DroidSansMono.ttf' (77K)
[2020.04.20-04.56.26:220][  0]LogSlate: Took 0.001235 seconds to synchronously load lazily loaded font '../../../Engine/Content/Slate/Fonts/Roboto-Light.ttf' (167K)
[2020.04.20-04.56.26:323][  0]LogRenderer: Reallocating scene render targets to support 972x332 Format 10 NumSamples 1 (Frame:1).
[2020.04.20-04.56.26:439][  0]LogContentBrowser: Native class hierarchy updated for 'HierarchicalLODOutliner' in 0.0005 seconds. Added 0 classes and 0 folders.
[2020.04.20-04.56.26:439][  0]LogLoad: (Engine Initialization) Total time: 17.10 seconds
[2020.04.20-04.56.26:439][  0]LogLoad: (Engine Initialization) Total Blueprint compile time: 0.00 seconds
[2020.04.20-04.56.26:506][  0]LogContentStreaming: Texture pool size now 1000 MB
[2020.04.20-04.56.26:634][  2]LogAssetRegistry: Asset discovery search completed in 8.9063 seconds
[2020.04.20-04.56.26:638][  2]LogCollectionManager: Fixed up redirectors for 0 collections in 0.000009 seconds (updated 0 objects)
[2020.04.20-05.04.18:962][971]LogHotReload: New module detected: UE4Editor-KeepItAlive-0003.dll
[2020.04.20-05.04.20:019][976]LogHotReload: Starting Hot-Reload from IDE
[2020.04.20-05.04.20:135][976]LogSlate: Took 0.011231 seconds to synchronously load lazily loaded font '../../../Engine/Content/Slate/Fonts/Roboto-Light.ttf' (167K)
[2020.04.20-05.04.20:862][976]LogUObjectHash: Compacting FUObjectHashTables data took  41.58ms
[2020.04.20-05.04.21:209][976]LogClass: EInGameState HotReload.
[2020.04.20-05.04.21:209][976]LogClass: SpawnableCharacter HotReload.
[2020.04.20-05.04.21:242][976]LogHotReload: Re-instancing BaseEnemy after hot-reload.
[2020.04.20-05.04.21:710][976]LogContentBrowser: Native class hierarchy updated for 'KeepItAlive' in 0.0133 seconds. Added 26 classes and 2 folders.
[2020.04.20-05.04.21:715][976]Display: HotReload successful (10 functions remapped  1 scriptstructs remapped)
[2020.04.20-05.04.21:813][976]LogUObjectHash: Compacting FUObjectHashTables data took   1.55ms
[2020.04.20-05.04.21:849][976]LogContentBrowser: Native class hierarchy populated in 0.0354 seconds. Added 3043 classes and 722 folders.
[2020.04.20-05.04.21:885][976]Display: HotReload took  1.9s.
[2020.04.20-05.11.20:097][229]LogAudioMixer: Display: Audio Buffer Underrun detected.
[2020.04.20-05.19.21:942][671]LogHotReload: New module detected: UE4Editor-KeepItAlive-0004.dll
[2020.04.20-05.19.23:294][676]LogHotReload: Starting Hot-Reload from IDE
[2020.04.20-05.19.23:368][676]LogUObjectHash: Compacting FUObjectHashTables data took   0.95ms
[2020.04.20-05.19.23:377][676]LogClass: Could not find existing class BaseSpawnActor in package /Script/KeepItAlive for HotReload, assuming new class
[2020.04.20-05.19.23:415][676]LogClass: EInGameState HotReload.
[2020.04.20-05.19.23:415][676]LogClass: SpawnableCharacter HotReload.
[2020.04.20-05.19.23:433][676]LogHotReload: Re-instancing BaseSpawnActor after hot-reload.
[2020.04.20-05.19.23:564][676]LogContentBrowser: Native class hierarchy updated for 'KeepItAlive' in 0.0006 seconds. Added 26 classes and 2 folders.
[2020.04.20-05.19.23:566][676]Display: HotReload successful (10 functions remapped  1 scriptstructs remapped)
[2020.04.20-05.19.23:655][676]LogUObjectHash: Compacting FUObjectHashTables data took   1.62ms
[2020.04.20-05.19.23:667][676]LogContentBrowser: Native class hierarchy populated in 0.0118 seconds. Added 3043 classes and 722 folders.
[2020.04.20-05.19.23:677][676]Display: HotReload took  0.4s.
[2020.04.20-05.19.30:282][ 36]LogAIModule: Creating AISystem for world MainLevel
[2020.04.20-05.19.30:359][ 36]LogAssetEditorSubsystem: Opening Asset editor for World /Game/2DSideScrollerCPP/Maps/MainLevel.MainLevel
[2020.04.20-05.19.30:403][ 36]LogUObjectHash: Compacting FUObjectHashTables data took   3.23ms
[2020.04.20-05.19.30:431][ 36]Cmd: MAP LOAD FILE="../../../../../Users/Admin/Documents/Repos/Keep It Alive/KeepItAlive/Content/2DSideScrollerCPP/Maps/MainLevel.umap" TEMPLATE=0 SHOWPROGRESS=1 FEATURELEVEL=3
[2020.04.20-05.19.30:432][ 36]LightingResults: New page: Lighting Build
[2020.04.20-05.19.30:488][ 36]LogContentBrowser: Native class hierarchy updated for 'StatsViewer' in 0.0005 seconds. Added 5 classes and 0 folders.
[2020.04.20-05.19.30:516][ 36]LoadErrors: New page: Loading map: MainLevel.umap
[2020.04.20-05.19.30:521][ 36]LogWorld: UWorld::CleanupWorld for Untitled, bSessionEnded=true, bCleanupResources=true
[2020.04.20-05.19.30:524][ 36]LogSlate: InvalidateAllWidgets triggered.  All widgets were invalidated
[2020.04.20-05.19.30:528][ 36]MapCheck: New page: Map Check
[2020.04.20-05.19.30:529][ 36]LightingResults: New page: Lighting Build
[2020.04.20-05.19.30:638][ 36]LogUObjectHash: Compacting FUObjectHashTables data took   4.12ms
[2020.04.20-05.19.30:989][ 36]LogEditorServer: Finished looking for orphan Actors (0.001 secs)
[2020.04.20-05.19.31:056][ 36]LogUObjectHash: Compacting FUObjectHashTables data took   1.81ms
[2020.04.20-05.19.31:105][ 36]Cmd: MAP CHECKDEP NOCLEARLOG
[2020.04.20-05.19.31:106][ 36]MapCheck: Map check complete: 0 Error(s), 0 Warning(s), took 0,474ms to complete.
[2020.04.20-05.19.31:106][ 36]LogFileHelpers: Loading map 'MainLevel' took 0.701
[2020.04.20-05.19.36:346][633]LogTemp: Repeating last play command: Selected Viewport
[2020.04.20-05.19.36:376][633]LogBlueprintUserMessages: Early PlayInEditor Detection: Level '/Game/2DSideScrollerCPP/Maps/MainLevel.MainLevel:PersistentLevel' has LevelScriptBlueprint '/Game/2DSideScrollerCPP/Maps/MainLevel.MainLevel:PersistentLevel.MainLevel' with GeneratedClass '/Game/2DSideScrollerCPP/Maps/MainLevel.MainLevel_C' with ClassGeneratedBy '/Game/2DSideScrollerCPP/Maps/MainLevel.MainLevel:PersistentLevel.MainLevel'
[2020.04.20-05.19.36:380][633]LogPlayLevel: PlayLevel: No blueprints needed recompiling
[2020.04.20-05.19.36:381][633]PIE: New page: PIE session: MainLevel (20 апр. 2020 г., 11:19:36)
[2020.04.20-05.19.36:402][633]LogOnline: OSS: Creating online subsystem instance for: NULL
[2020.04.20-05.19.36:409][633]LogOnline: OSS: TryLoadSubsystemAndSetDefault: Loaded subsystem for module [NULL]
[2020.04.20-05.19.36:410][633]LogPlayLevel: Creating play world package: /Game/2DSideScrollerCPP/Maps/UEDPIE_0_MainLevel
[2020.04.20-05.19.36:423][633]LogPlayLevel: PIE: StaticDuplicateObject took: (0.012318s)
[2020.04.20-05.19.36:429][633]LogAIModule: Creating AISystem for world MainLevel
[2020.04.20-05.19.36:431][633]LogPlayLevel: PIE: World Init took: (0.008103s)
[2020.04.20-05.19.36:432][633]LogPlayLevel: PIE: Created PIE world by copying editor world from /Game/2DSideScrollerCPP/Maps/MainLevel.MainLevel to /Game/2DSideScrollerCPP/Maps/UEDPIE_0_MainLevel.MainLevel (0.021507s)
[2020.04.20-05.19.36:466][633]LogUObjectHash: Compacting FUObjectHashTables data took   1.97ms
[2020.04.20-05.19.36:477][633]LogAudioMixer: Display: Audio Mixer Platform Settings:
[2020.04.20-05.19.36:478][633]LogAudioMixer: Display: 	Sample Rate:						  48000
[2020.04.20-05.19.36:478][633]LogAudioMixer: Display: 	Callback Buffer Frame Size Requested: 1024
[2020.04.20-05.19.36:478][633]LogAudioMixer: Display: 	Callback Buffer Frame Size To Use:	  1024
[2020.04.20-05.19.36:478][633]LogAudioMixer: Display: 	Number of buffers to queue:			  2
[2020.04.20-05.19.36:478][633]LogAudioMixer: Display: 	Max Channels (voices):				  32
[2020.04.20-05.19.36:478][633]LogAudioMixer: Display: 	Number of Async Source Workers:		  0
[2020.04.20-05.19.36:478][633]LogAudio: Display: AudioDevice MaxSources: 32
[2020.04.20-05.19.36:480][633]LogAudio: Display: Using built-in audio occlusion.
[2020.04.20-05.19.36:480][633]LogAudioMixer: Display: Initializing audio mixer.
[2020.04.20-05.19.36:512][633]LogAudioMixer: Display: Audio Device Output Speaker Info:
[2020.04.20-05.19.36:512][633]LogAudioMixer: Display: Name: Динамики (Realtek High Definition Audio)
[2020.04.20-05.19.36:512][633]LogAudioMixer: Display: Is Default: Yes
[2020.04.20-05.19.36:512][633]LogAudioMixer: Display: Sample Rate: 48000
[2020.04.20-05.19.36:512][633]LogAudioMixer: Display: Channel Count Used: 2
[2020.04.20-05.19.36:512][633]LogAudioMixer: Display: Device Channel Count: 2
[2020.04.20-05.19.36:512][633]LogAudioMixer: Display: Channel Order:
[2020.04.20-05.19.36:512][633]LogAudioMixer: Display: 0: FrontLeft
[2020.04.20-05.19.36:512][633]LogAudioMixer: Display: 1: FrontRight
[2020.04.20-05.19.36:534][633]LogAudioMixer: Display: Using Audio Device Динамики (Realtek High Definition Audio)
[2020.04.20-05.19.36:569][633]LogInit: FAudioDevice initialized.
[2020.04.20-05.19.36:664][633]LogLoad: Game class is 'BP_KeepItAliveGameMode_C'
[2020.04.20-05.19.36:676][633]LogWorld: Bringing World /Game/2DSideScrollerCPP/Maps/UEDPIE_0_MainLevel.MainLevel up for play (max tick rate 0) at 2020.04.20-08.19.36
[2020.04.20-05.19.36:681][633]LogWorld: Bringing up level for play took: 0.009296
[2020.04.20-05.19.36:683][633]LogOnline: OSS: Creating online subsystem instance for: :Context_1
[2020.04.20-05.19.36:708][633]LogContentBrowser: Native class hierarchy updated for 'MovieSceneCapture' in 0.0010 seconds. Added 20 classes and 0 folders.
[2020.04.20-05.19.36:716][633]PIE: Play in editor start time for /Game/2DSideScrollerCPP/Maps/UEDPIE_0_MainLevel 1,333
[2020.04.20-05.19.36:716][633]LogBlueprintUserMessages: Late PlayInEditor Detection: Level '/Game/2DSideScrollerCPP/Maps/MainLevel.MainLevel:PersistentLevel' has LevelScriptBlueprint '/Game/2DSideScrollerCPP/Maps/MainLevel.MainLevel:PersistentLevel.MainLevel' with GeneratedClass '/Game/2DSideScrollerCPP/Maps/MainLevel.MainLevel_C' with ClassGeneratedBy '/Game/2DSideScrollerCPP/Maps/MainLevel.MainLevel:PersistentLevel.MainLevel'
[2020.04.20-05.19.36:720][633]LogTemp: Warning: Number of Workers: 2
[2020.04.20-05.19.36:720][633]LogTemp: Warning: Enemy wave preparing
[2020.04.20-05.19.36:785][634]LogTemp: Warning: Time has come
[2020.04.20-05.19.46:383][784]LogTemp: Warning: Enemy wave begun
[2020.04.20-05.19.46:389][785]LogTemp: Warning: Number of enemies: 6
[2020.04.20-05.19.46:389][785]LogTemp: Warning: Battle begin!
[2020.04.20-05.19.47:391][905]LogTemp: Warning: Time has come
[2020.04.20-05.19.50:391][265]LogTemp: Warning: Time has come
[2020.04.20-05.19.50:883][324]LogTemp: Warning: Current Health: 20.000000
[2020.04.20-05.19.51:699][422]LogTemp: Warning: Current Health: 10.000000
[2020.04.20-05.19.52:391][505]LogTemp: Warning: Time has come
[2020.04.20-05.19.52:490][517]LogTemp: Warning: Current Health: 0.000000
[2020.04.20-05.19.53:583][648]LogTemp: Warning: Enemies left: 5
[2020.04.20-05.19.54:616][772]LogTemp: Warning: Current Health: 20.000000
[2020.04.20-05.19.55:374][863]LogTemp: Warning: Current Health: 10.000000
[2020.04.20-05.19.55:391][865]LogTemp: Warning: Time has come
[2020.04.20-05.19.56:274][971]LogTemp: Warning: Current Health: 0.000000
[2020.04.20-05.19.57:367][102]LogTemp: Warning: Enemies left: 4
[2020.04.20-05.19.57:825][157]LogTemp: Warning: Current Health: 20.000000
[2020.04.20-05.19.58:393][225]LogTemp: Warning: Time has come
[2020.04.20-05.19.58:641][255]LogTemp: Warning: Current Health: 10.000000
[2020.04.20-05.19.59:476][355]LogTemp: Warning: Current Health: 0.000000
[2020.04.20-05.20.00:567][486]LogTemp: Warning: Enemies left: 3
[2020.04.20-05.20.01:158][557]LogTemp: Warning: Current Health: 20.000000
[2020.04.20-05.20.01:984][656]LogTemp: Warning: Current Health: 10.000000
[2020.04.20-05.20.02:863][761]LogTemp: Warning: Current Health: 0.000000
[2020.04.20-05.20.03:963][893]LogTemp: Warning: Enemies left: 2
[2020.04.20-05.20.04:638][974]LogTemp: Warning: Current Health: 20.000000
[2020.04.20-05.20.05:447][ 71]LogTemp: Warning: Current Health: 10.000000
[2020.04.20-05.20.06:280][171]LogTemp: Warning: Current Health: 0.000000
[2020.04.20-05.20.07:381][303]LogTemp: Warning: Enemies left: 1
[2020.04.20-05.20.08:339][418]LogTemp: Warning: Current Health: 20.000000
[2020.04.20-05.20.09:148][515]LogTemp: Warning: Current Health: 10.000000
[2020.04.20-05.20.10:190][640]LogTemp: Warning: Current Health: 0.000000
[2020.04.20-05.20.11:282][771]LogTemp: Warning: Enemies left: 0
[2020.04.20-05.20.11:290][772]LogTemp: Warning: All Enemies defeated
[2020.04.20-05.20.11:299][773]LogTemp: Warning: Number of Workers: 4
[2020.04.20-05.20.11:299][773]LogTemp: Warning: Enemy wave preparing
[2020.04.20-05.20.11:307][774]LogTemp: Warning: Time has come
[2020.04.20-05.20.21:300][973]LogTemp: Warning: Enemy wave begun
[2020.04.20-05.20.21:308][974]LogTemp: Warning: Number of enemies: 11
[2020.04.20-05.20.21:308][974]LogTemp: Warning: Battle begin!
[2020.04.20-05.20.23:311][214]LogTemp: Warning: Time has come
[2020.04.20-05.20.26:311][574]LogTemp: Warning: Time has come
[2020.04.20-05.20.26:777][630]LogTemp: Warning: Current Health: 20.000000
[2020.04.20-05.20.27:518][719]LogTemp: Warning: Current Health: 10.000000
[2020.04.20-05.20.28:276][810]LogTemp: Warning: Current Health: 0.000000
[2020.04.20-05.20.29:312][934]LogTemp: Warning: Time has come
[2020.04.20-05.20.34:970][935]LogWindows: Error: === Critical error: ===
[2020.04.20-05.20.34:970][935]LogWindows: Error: 
[2020.04.20-05.20.34:970][935]LogWindows: Error: Fatal error!
[2020.04.20-05.20.34:970][935]LogWindows: Error: 
[2020.04.20-05.20.34:970][935]LogWindows: Error: Unhandled Exception: EXCEPTION_ACCESS_VIOLATION reading address 0x00000748
[2020.04.20-05.20.34:970][935]LogWindows: Error: 
[2020.04.20-05.20.34:970][935]LogWindows: Error: [Callstack] 0x00007ff9a0759e7a UE4Editor-KeepItAlive-0004.dll!UEnemyAttackingState::HandleSwitching() [C:\Users\Admin\Documents\Repos\Keep It Alive\KeepItAlive\Source\KeepItAlive\EnemyStateMachine.cpp:82]
[2020.04.20-05.20.34:970][935]LogWindows: Error: [Callstack] 0x00007ff9a07547ad UE4Editor-KeepItAlive-0004.dll!ABaseEnemy::Tick() [C:\Users\Admin\Documents\Repos\Keep It Alive\KeepItAlive\Source\KeepItAlive\BaseEnemy.cpp:37]
[2020.04.20-05.20.34:970][935]LogWindows: Error: [Callstack] 0x00007ff96dcef402 UE4Editor-Engine.dll!UnknownFunction []
[2020.04.20-05.20.34:970][935]LogWindows: Error: [Callstack] 0x00007ff96dcb7866 UE4Editor-Engine.dll!UnknownFunction []
[2020.04.20-05.20.34:970][935]LogWindows: Error: [Callstack] 0x00007ff96edf7223 UE4Editor-Engine.dll!UnknownFunction []
[2020.04.20-05.20.34:970][935]LogWindows: Error: [Callstack] 0x00007ff96ee05256 UE4Editor-Engine.dll!UnknownFunction []
[2020.04.20-05.20.34:970][935]LogWindows: Error: [Callstack] 0x00007ff970a79ff2 UE4Editor-Core.dll!UnknownFunction []
[2020.04.20-05.20.34:970][935]LogWindows: Error: [Callstack] 0x00007ff970a7a393 UE4Editor-Core.dll!UnknownFunction []
[2020.04.20-05.20.34:970][935]LogWindows: Error: [Callstack] 0x00007ff970a8aa68 UE4Editor-Core.dll!UnknownFunction []
[2020.04.20-05.20.34:970][935]LogWindows: Error: [Callstack] 0x00007ff96ee238b0 UE4Editor-Engine.dll!UnknownFunction []
[2020.04.20-05.20.34:970][935]LogWindows: Error: [Callstack] 0x00007ff96ee297c2 UE4Editor-Engine.dll!UnknownFunction []
[2020.04.20-05.20.34:970][935]LogWindows: Error: [Callstack] 0x00007ff96e5aa25f UE4Editor-Engine.dll!UnknownFunction []
[2020.04.20-05.20.34:970][935]LogWindows: Error: [Callstack] 0x00007ff96e5b5127 UE4Editor-Engine.dll!UnknownFunction []
[2020.04.20-05.20.34:970][935]LogWindows: Error: [Callstack] 0x00007ff96bbaad60 UE4Editor-UnrealEd.dll!UnknownFunction []
[2020.04.20-05.20.34:970][935]LogWindows: Error: [Callstack] 0x00007ff96c40e476 UE4Editor-UnrealEd.dll!UnknownFunction []
[2020.04.20-05.20.34:970][935]LogWindows: Error: [Callstack] 0x00007ff6c9327f62 UE4Editor.exe!UnknownFunction []
[2020.04.20-05.20.34:970][935]LogWindows: Error: [Callstack] 0x00007ff6c933c3ec UE4Editor.exe!UnknownFunction []
[2020.04.20-05.20.34:970][935]LogWindows: Error: [Callstack] 0x00007ff6c933c4ca UE4Editor.exe!UnknownFunction []
[2020.04.20-05.20.34:970][935]LogWindows: Error: [Callstack] 0x00007ff6c934ceae UE4Editor.exe!UnknownFunction []
[2020.04.20-05.20.34:970][935]LogWindows: Error: [Callstack] 0x00007ff6c934fcbe UE4Editor.exe!UnknownFunction []
[2020.04.20-05.20.34:970][935]LogWindows: Error: [Callstack] 0x00007ff9b5f57bd4 KERNEL32.DLL!UnknownFunction []
[2020.04.20-05.20.34:970][935]LogWindows: Error: [Callstack] 0x00007ff9b618ce71 ntdll.dll!UnknownFunction []
[2020.04.20-05.20.34:970][935]LogWindows: Error: 
[2020.04.20-05.20.35:009][935]LogExit: Executing StaticShutdownAfterError
[2020.04.20-05.20.35:127][935]LogWindows: FPlatformMisc::RequestExit(1)
[2020.04.20-05.20.35:127][935]LogCore: Engine exit requested (reason: Win RequestExit)
[2020.04.20-05.20.35:141][935]Log file closed, 04/20/20 08:20:35
