  Using 'git status' to determine working set for adaptive non-unity build (C:\Users\Admin\Documents\Repos\Keep It Alive).
  Building KeepItAliveEditor...
  Using Visual Studio 2019 14.24.28315 toolchain (C:\VisualStudio\VC\Tools\MSVC\14.24.28314) and Windows 10.0.18362.0 SDK (C:\Program Files (x86)\Windows Kits\10).
  Distributing 4 actions to XGE
  --------------------Build System Warning---------------------------------------
  License is invalid:
      License information is invalid. Please try reloading your license file using the Coordinator Monitor application on the Coordinator machine, or reinstall IncrediBuild.
      This build will run in standalone mode.
  
  -------------------------------------------------------------------------------
  --------------------Project: Default-------------------------------------------
  BaseSpawnActor.cpp (0:00.78 at +0:00)
  UE4Editor-KeepItAlive-0076.dll (0:00.82 at +0:00)
     Creating library C:\Users\Admin\Documents\Repos\Keep It Alive\KeepItAlive\Intermediate\Build\Win64\UE4Editor\Development\KeepItAlive\UE4Editor-KeepItAlive-0076.suppressed.lib and object C:\Users\Admin\Documents\Repos\Keep It Alive\KeepItAlive\Intermediate\Build\Win64\UE4Editor\Development\KeepItAlive\UE4Editor-KeepItAlive-0076.suppressed.exp
  UE4Editor-KeepItAlive-0076.lib (0:00.11 at +0:01)
     Creating library C:\Users\Admin\Documents\Repos\Keep It Alive\KeepItAlive\Intermediate\Build\Win64\UE4Editor\Development\KeepItAlive\UE4Editor-KeepItAlive-0076.lib and object C:\Users\Admin\Documents\Repos\Keep It Alive\KeepItAlive\Intermediate\Build\Win64\UE4Editor\Development\KeepItAlive\UE4Editor-KeepItAlive-0076.exp
  KeepItAliveEditor.target (0:00.21 at +0:01)
  ---------------------- Done ----------------------
  
      Rebuild All: 1 succeeded, 0 failed, 0 skipped
  
  1 build system warning(s):
     - License is invalid
  
  Total time in XGE executor: 2,08 seconds
  Total execution time: 2,88 seconds
