"../../../../../Users/Admin/Documents/Repos/Keep It Alive/KeepItAlive/Content/Sprites/Dungeon2/Dungeon_Tileset.uasset" 0
"../../../../../Users/Admin/Documents/Repos/Keep It Alive/KeepItAlive/Content/Blueprints/Projectiles/Test_Sprite.uasset" 1
"../../../../../Users/Admin/Documents/Repos/Keep It Alive/KeepItAlive/Content/Blueprints/Projectiles/BP_BasicMissile.uasset" 2
"../../../../../Users/Admin/Documents/Repos/Keep It Alive/KeepItAlive/Content/Sprites/Workers/miner_death10_Sprite.uasset" 3
"../../../../../Users/Admin/Documents/Repos/Keep It Alive/KeepItAlive/Content/Sprites/Workers/miner_death11_Sprite.uasset" 4
"../../../../../Users/Admin/Documents/Repos/Keep It Alive/KeepItAlive/Content/Sprites/Workers/miner_death12_Sprite.uasset" 5
"../../../../../Users/Admin/Documents/Repos/Keep It Alive/KeepItAlive/Content/Sprites/Workers/miner_death13_Sprite.uasset" 6
"../../../../../Users/Admin/Documents/Repos/Keep It Alive/KeepItAlive/Content/Sprites/Workers/miner_death1_Sprite.uasset" 7
"../../../../../Users/Admin/Documents/Repos/Keep It Alive/KeepItAlive/Content/Sprites/Workers/miner_death2_Sprite.uasset" 8
"../../../../../Users/Admin/Documents/Repos/Keep It Alive/KeepItAlive/Content/Sprites/Workers/miner_death3_Sprite.uasset" 9
"../../../../../Users/Admin/Documents/Repos/Keep It Alive/KeepItAlive/Content/Sprites/Workers/miner_death4_Sprite.uasset" 10
"../../../../../Users/Admin/Documents/Repos/Keep It Alive/KeepItAlive/Content/Sprites/Workers/miner_death5_Sprite.uasset" 11
"../../../../../Users/Admin/Documents/Repos/Keep It Alive/KeepItAlive/Content/Sprites/Workers/miner_death6_Sprite.uasset" 12
"../../../../../Users/Admin/Documents/Repos/Keep It Alive/KeepItAlive/Content/Sprites/Workers/miner_death7_Sprite.uasset" 13
"../../../../../Users/Admin/Documents/Repos/Keep It Alive/KeepItAlive/Content/Sprites/Workers/miner_death8_Sprite.uasset" 14
"../../../../../Users/Admin/Documents/Repos/Keep It Alive/KeepItAlive/Content/Sprites/Workers/miner_death9_Sprite.uasset" 15
"../../../../../Users/Admin/Documents/Repos/Keep It Alive/KeepItAlive/Content/Sprites/Workers/FlipBooks/Worker_death.uasset" 16
"../../../../../Users/Admin/Documents/Repos/Keep It Alive/KeepItAlive/Content/Sprites/Workers/idle10_Sprite.uasset" 17
"../../../../../Users/Admin/Documents/Repos/Keep It Alive/KeepItAlive/Content/Sprites/Workers/idle1_Sprite.uasset" 18
"../../../../../Users/Admin/Documents/Repos/Keep It Alive/KeepItAlive/Content/Sprites/Workers/idle2_Sprite.uasset" 19
"../../../../../Users/Admin/Documents/Repos/Keep It Alive/KeepItAlive/Content/Sprites/Workers/idle3_Sprite.uasset" 20
"../../../../../Users/Admin/Documents/Repos/Keep It Alive/KeepItAlive/Content/Sprites/Workers/idle4_Sprite.uasset" 21
"../../../../../Users/Admin/Documents/Repos/Keep It Alive/KeepItAlive/Content/Sprites/Workers/idle5_Sprite.uasset" 22
"../../../../../Users/Admin/Documents/Repos/Keep It Alive/KeepItAlive/Content/Sprites/Workers/idle6_Sprite.uasset" 23
"../../../../../Users/Admin/Documents/Repos/Keep It Alive/KeepItAlive/Content/Sprites/Workers/idle7_Sprite.uasset" 24
"../../../../../Users/Admin/Documents/Repos/Keep It Alive/KeepItAlive/Content/Sprites/Workers/idle8_Sprite.uasset" 25
"../../../../../Users/Admin/Documents/Repos/Keep It Alive/KeepItAlive/Content/Sprites/Workers/idle9_Sprite.uasset" 26
"../../../../../Users/Admin/Documents/Repos/Keep It Alive/KeepItAlive/Content/Sprites/Workers/FlipBooks/Worker_idle.uasset" 27
"../../../../../Users/Admin/Documents/Repos/Keep It Alive/KeepItAlive/Content/Blueprints/SuperPowers/BP_Scarecrow.uasset" 28
"../../../../../Users/Admin/Documents/Repos/Keep It Alive/KeepItAlive/Content/Sprites/MainCharacter/FirstAttack/head_attack1_Sprite.uasset" 29
"../../../../../Users/Admin/Documents/Repos/Keep It Alive/KeepItAlive/Content/Sprites/MainCharacter/FirstAttack/head_attack2_Sprite.uasset" 30
"../../../../../Users/Admin/Documents/Repos/Keep It Alive/KeepItAlive/Content/Sprites/MainCharacter/FirstAttack/head_attack3_Sprite.uasset" 31
"../../../../../Users/Admin/Documents/Repos/Keep It Alive/KeepItAlive/Content/Sprites/MainCharacter/FirstAttack/head_attack4_Sprite.uasset" 32
"../../../../../Users/Admin/Documents/Repos/Keep It Alive/KeepItAlive/Content/Sprites/MainCharacter/FirstAttack/head_attack5_Sprite.uasset" 33
"../../../../../Users/Admin/Documents/Repos/Keep It Alive/KeepItAlive/Content/Sprites/MainCharacter/FirstAttack/head_attack6_Sprite.uasset" 34
"../../../../../Users/Admin/Documents/Repos/Keep It Alive/KeepItAlive/Content/Sprites/MainCharacter/FirstAttack/head_attack7_Sprite.uasset" 35
"../../../../../Users/Admin/Documents/Repos/Keep It Alive/KeepItAlive/Content/Sprites/MainCharacter/FirstAttack/head_attack8_Sprite.uasset" 36
"../../../../../Users/Admin/Documents/Repos/Keep It Alive/KeepItAlive/Content/Sprites/MainCharacter/FirstAttack/First_attack.uasset" 37
"../../../../../Users/Admin/Documents/Repos/Keep It Alive/KeepItAlive/Content/Sprites/MainCharacter/Idle/idle1.uasset" 38
"../../../../../Users/Admin/Documents/Repos/Keep It Alive/KeepItAlive/Content/Sprites/MainCharacter/Idle/idle1_Sprite.uasset" 39
"../../../../../Users/Admin/Documents/Repos/Keep It Alive/KeepItAlive/Content/Sprites/MainCharacter/Idle/idle2.uasset" 40
"../../../../../Users/Admin/Documents/Repos/Keep It Alive/KeepItAlive/Content/Sprites/MainCharacter/Idle/idle2_Sprite.uasset" 41
"../../../../../Users/Admin/Documents/Repos/Keep It Alive/KeepItAlive/Content/Sprites/MainCharacter/Idle/idle3.uasset" 42
"../../../../../Users/Admin/Documents/Repos/Keep It Alive/KeepItAlive/Content/Sprites/MainCharacter/MoveBackward/move_b1_Sprite.uasset" 43
"../../../../../Users/Admin/Documents/Repos/Keep It Alive/KeepItAlive/Content/Sprites/MainCharacter/MoveBackward/move_b2_Sprite.uasset" 44
"../../../../../Users/Admin/Documents/Repos/Keep It Alive/KeepItAlive/Content/Sprites/MainCharacter/MoveBackward/move_b3_Sprite.uasset" 45
"../../../../../Users/Admin/Documents/Repos/Keep It Alive/KeepItAlive/Content/Sprites/MainCharacter/MoveBackward/move_b4_Sprite.uasset" 46
"../../../../../Users/Admin/Documents/Repos/Keep It Alive/KeepItAlive/Content/Sprites/MainCharacter/MoveBackward/move_backward.uasset" 47
"../../../../../Users/Admin/Documents/Repos/Keep It Alive/KeepItAlive/Content/Sprites/MainCharacter/MoveForward/move_f1_Sprite.uasset" 48
"../../../../../Users/Admin/Documents/Repos/Keep It Alive/KeepItAlive/Content/Sprites/MainCharacter/MoveForward/move_f2_Sprite.uasset" 49
"../../../../../Users/Admin/Documents/Repos/Keep It Alive/KeepItAlive/Content/Sprites/MainCharacter/MoveForward/move_f3_Sprite.uasset" 50
"../../../../../Users/Admin/Documents/Repos/Keep It Alive/KeepItAlive/Content/Sprites/MainCharacter/MoveForward/move_f4_Sprite.uasset" 51
"../../../../../Users/Admin/Documents/Repos/Keep It Alive/KeepItAlive/Content/Sprites/MainCharacter/MoveForward/move_forward.uasset" 52
"../../../../../Users/Admin/Documents/Repos/Keep It Alive/KeepItAlive/Content/Sprites/MainCharacter/MoveRight/run1_Sprite.uasset" 53
"../../../../../Users/Admin/Documents/Repos/Keep It Alive/KeepItAlive/Content/Sprites/MainCharacter/MoveRight/run2_Sprite.uasset" 54
"../../../../../Users/Admin/Documents/Repos/Keep It Alive/KeepItAlive/Content/Sprites/MainCharacter/MoveRight/run3_Sprite.uasset" 55
"../../../../../Users/Admin/Documents/Repos/Keep It Alive/KeepItAlive/Content/Sprites/MainCharacter/MoveRight/run4_Sprite.uasset" 56
"../../../../../Users/Admin/Documents/Repos/Keep It Alive/KeepItAlive/Content/Sprites/MainCharacter/MoveRight/run5_Sprite.uasset" 57
"../../../../../Users/Admin/Documents/Repos/Keep It Alive/KeepItAlive/Content/Sprites/MainCharacter/MoveRight/run6_Sprite.uasset" 58
"../../../../../Users/Admin/Documents/Repos/Keep It Alive/KeepItAlive/Content/Sprites/MainCharacter/MoveRight/Move_right.uasset" 59
"../../../../../Users/Admin/Documents/Repos/Keep It Alive/KeepItAlive/Content/2DSideScrollerCPP/Blueprints/BP_2DSideScrollerCharacter.uasset" 60
"../../../../../Users/Admin/Documents/Repos/Keep It Alive/KeepItAlive/Content/Sprites/Enemies/Imps/imp_attack_fireball1_Sprite.uasset" 61
"../../../../../Users/Admin/Documents/Repos/Keep It Alive/KeepItAlive/Content/Sprites/Enemies/Imps/imp_attack_fireball2_Sprite.uasset" 62
"../../../../../Users/Admin/Documents/Repos/Keep It Alive/KeepItAlive/Content/Sprites/Enemies/Imps/imp_attack_fireball3_Sprite.uasset" 63
"../../../../../Users/Admin/Documents/Repos/Keep It Alive/KeepItAlive/Content/Sprites/Enemies/Imps/imp_attack_fireball4_Sprite.uasset" 64
"../../../../../Users/Admin/Documents/Repos/Keep It Alive/KeepItAlive/Content/Sprites/Enemies/Imps/imp_attack_fireball5_Sprite.uasset" 65
"../../../../../Users/Admin/Documents/Repos/Keep It Alive/KeepItAlive/Content/Sprites/Enemies/Imps/imp_attack_fireball6_Sprite.uasset" 66
"../../../../../Users/Admin/Documents/Repos/Keep It Alive/KeepItAlive/Content/Sprites/Enemies/Imps/imp_attack_fireball7_Sprite.uasset" 67
"../../../../../Users/Admin/Documents/Repos/Keep It Alive/KeepItAlive/Content/Sprites/Enemies/Imps/Flipbooks/imp_attack_fireball.uasset" 68
"../../../../../Users/Admin/Documents/Repos/Keep It Alive/KeepItAlive/Content/Sprites/Enemies/Imps/imp_death1_Sprite.uasset" 69
"../../../../../Users/Admin/Documents/Repos/Keep It Alive/KeepItAlive/Content/Sprites/Enemies/Imps/imp_death2_Sprite.uasset" 70
"../../../../../Users/Admin/Documents/Repos/Keep It Alive/KeepItAlive/Content/Sprites/Enemies/Imps/imp_death3_Sprite.uasset" 71
"../../../../../Users/Admin/Documents/Repos/Keep It Alive/KeepItAlive/Content/Sprites/Enemies/Imps/imp_death4_Sprite.uasset" 72
"../../../../../Users/Admin/Documents/Repos/Keep It Alive/KeepItAlive/Content/Sprites/Enemies/Imps/imp_death5_Sprite.uasset" 73
"../../../../../Users/Admin/Documents/Repos/Keep It Alive/KeepItAlive/Content/Sprites/Enemies/Imps/imp_death6_Sprite.uasset" 74
"../../../../../Users/Admin/Documents/Repos/Keep It Alive/KeepItAlive/Content/Sprites/Enemies/Imps/Flipbooks/imp_death.uasset" 75
"../../../../../Users/Admin/Documents/Repos/Keep It Alive/KeepItAlive/Content/Sprites/Enemies/Imps/imp_idle1_Sprite.uasset" 76
"../../../../../Users/Admin/Documents/Repos/Keep It Alive/KeepItAlive/Content/Sprites/Enemies/Imps/imp_idle2_Sprite.uasset" 77
"../../../../../Users/Admin/Documents/Repos/Keep It Alive/KeepItAlive/Content/Sprites/Enemies/Imps/imp_idle3_Sprite.uasset" 78
"../../../../../Users/Admin/Documents/Repos/Keep It Alive/KeepItAlive/Content/Sprites/Enemies/Imps/imp_idle4_Sprite.uasset" 79
"../../../../../Users/Admin/Documents/Repos/Keep It Alive/KeepItAlive/Content/Sprites/Enemies/Imps/imp_idle5_Sprite.uasset" 80
"../../../../../Users/Admin/Documents/Repos/Keep It Alive/KeepItAlive/Content/Sprites/Enemies/Imps/imp_idle6_Sprite.uasset" 81
"../../../../../Users/Admin/Documents/Repos/Keep It Alive/KeepItAlive/Content/Sprites/Enemies/Imps/imp_idle7_Sprite.uasset" 82
"../../../../../Users/Admin/Documents/Repos/Keep It Alive/KeepItAlive/Content/Sprites/Enemies/Imps/Flipbooks/imp_idle.uasset" 83
"../../../../../Users/Admin/Documents/Repos/Keep It Alive/KeepItAlive/Content/Sprites/Enemies/Imps/imp_move1_Sprite.uasset" 84
"../../../../../Users/Admin/Documents/Repos/Keep It Alive/KeepItAlive/Content/Sprites/Enemies/Imps/imp_move2_Sprite.uasset" 85
"../../../../../Users/Admin/Documents/Repos/Keep It Alive/KeepItAlive/Content/Sprites/Enemies/Imps/imp_move3_Sprite.uasset" 86
"../../../../../Users/Admin/Documents/Repos/Keep It Alive/KeepItAlive/Content/Sprites/Enemies/Imps/imp_move4_Sprite.uasset" 87
"../../../../../Users/Admin/Documents/Repos/Keep It Alive/KeepItAlive/Content/Sprites/Enemies/Imps/imp_move5_Sprite.uasset" 88
"../../../../../Users/Admin/Documents/Repos/Keep It Alive/KeepItAlive/Content/Sprites/Enemies/Imps/imp_move6_Sprite.uasset" 89
"../../../../../Users/Admin/Documents/Repos/Keep It Alive/KeepItAlive/Content/Sprites/Enemies/Imps/imp_move7_Sprite.uasset" 90
"../../../../../Users/Admin/Documents/Repos/Keep It Alive/KeepItAlive/Content/Sprites/Enemies/Imps/imp_move8_Sprite.uasset" 91
"../../../../../Users/Admin/Documents/Repos/Keep It Alive/KeepItAlive/Content/Sprites/Enemies/Imps/Flipbooks/imp_move.uasset" 92
"../../../../../Users/Admin/Documents/Repos/Keep It Alive/KeepItAlive/Content/Blueprints/Enemies/BP_Imp.uasset" 93
"../../../../../Users/Admin/Documents/Repos/Keep It Alive/KeepItAlive/Content/Sprites/Enemies/Witch/Witch_Sprite_Sheet_Sprite_20.uasset" 94
"../../../../../Users/Admin/Documents/Repos/Keep It Alive/KeepItAlive/Content/Sprites/Enemies/Witch/Witch_Sprite_Sheet_Sprite_21.uasset" 95
"../../../../../Users/Admin/Documents/Repos/Keep It Alive/KeepItAlive/Content/Sprites/Enemies/Witch/Witch_Sprite_Sheet_Sprite_22.uasset" 96
"../../../../../Users/Admin/Documents/Repos/Keep It Alive/KeepItAlive/Content/Sprites/Enemies/Witch/Witch_Sprite_Sheet_Sprite_23.uasset" 97
"../../../../../Users/Admin/Documents/Repos/Keep It Alive/KeepItAlive/Content/Sprites/Enemies/Witch/Witch_Sprite_Sheet_Sprite_24.uasset" 98
"../../../../../Users/Admin/Documents/Repos/Keep It Alive/KeepItAlive/Content/Sprites/Enemies/Witch/Witch_Sprite_Sheet_Sprite_25.uasset" 99
"../../../../../Users/Admin/Documents/Repos/Keep It Alive/KeepItAlive/Content/Sprites/Enemies/Witch/Witch_Sprite_Sheet_Sprite_26.uasset" 100
"../../../../../Users/Admin/Documents/Repos/Keep It Alive/KeepItAlive/Content/Sprites/Enemies/Witch/Witch_Sprite_Sheet_Sprite_27.uasset" 101
"../../../../../Users/Admin/Documents/Repos/Keep It Alive/KeepItAlive/Content/Sprites/Enemies/Witch/Flipbooks/Witch_Attack.uasset" 102
"../../../../../Users/Admin/Documents/Repos/Keep It Alive/KeepItAlive/Content/Sprites/Enemies/Witch/Witch_Sprite_Sheet_Sprite_40.uasset" 103
"../../../../../Users/Admin/Documents/Repos/Keep It Alive/KeepItAlive/Content/Sprites/Enemies/Witch/Witch_Sprite_Sheet_Sprite_41.uasset" 104
"../../../../../Users/Admin/Documents/Repos/Keep It Alive/KeepItAlive/Content/Sprites/Enemies/Witch/Witch_Sprite_Sheet_Sprite_42.uasset" 105
"../../../../../Users/Admin/Documents/Repos/Keep It Alive/KeepItAlive/Content/Sprites/Enemies/Witch/Witch_Sprite_Sheet_Sprite_43.uasset" 106
"../../../../../Users/Admin/Documents/Repos/Keep It Alive/KeepItAlive/Content/Sprites/Enemies/Witch/Witch_Sprite_Sheet_Sprite_44.uasset" 107
"../../../../../Users/Admin/Documents/Repos/Keep It Alive/KeepItAlive/Content/Sprites/Enemies/Witch/Witch_Sprite_Sheet_Sprite_45.uasset" 108
"../../../../../Users/Admin/Documents/Repos/Keep It Alive/KeepItAlive/Content/Sprites/Enemies/Witch/Witch_Sprite_Sheet_Sprite_46.uasset" 109
"../../../../../Users/Admin/Documents/Repos/Keep It Alive/KeepItAlive/Content/Sprites/Enemies/Witch/Witch_Sprite_Sheet_Sprite_47.uasset" 110
"../../../../../Users/Admin/Documents/Repos/Keep It Alive/KeepItAlive/Content/Sprites/Enemies/Witch/Witch_Sprite_Sheet_Sprite_48.uasset" 111
"../../../../../Users/Admin/Documents/Repos/Keep It Alive/KeepItAlive/Content/Sprites/Enemies/Witch/Witch_Sprite_Sheet_Sprite_49.uasset" 112
"../../../../../Users/Admin/Documents/Repos/Keep It Alive/KeepItAlive/Content/Sprites/Enemies/Witch/Flipbooks/Witch_DeathFlipbook.uasset" 113
"../../../../../Users/Admin/Documents/Repos/Keep It Alive/KeepItAlive/Content/Sprites/Enemies/Witch/Witch_Sprite_Sheet_Sprite_0.uasset" 114
"../../../../../Users/Admin/Documents/Repos/Keep It Alive/KeepItAlive/Content/Sprites/Enemies/Witch/Witch_Sprite_Sheet_Sprite_1.uasset" 115
"../../../../../Users/Admin/Documents/Repos/Keep It Alive/KeepItAlive/Content/Sprites/Enemies/Witch/Witch_Sprite_Sheet_Sprite_2.uasset" 116
"../../../../../Users/Admin/Documents/Repos/Keep It Alive/KeepItAlive/Content/Sprites/Enemies/Witch/Witch_Sprite_Sheet_Sprite_3.uasset" 117
"../../../../../Users/Admin/Documents/Repos/Keep It Alive/KeepItAlive/Content/Sprites/Enemies/Witch/Flipbooks/Witch_Idle.uasset" 118
"../../../../../Users/Admin/Documents/Repos/Keep It Alive/KeepItAlive/Content/Sprites/Enemies/Witch/Witch_Sprite_Sheet_Sprite_50.uasset" 119
"../../../../../Users/Admin/Documents/Repos/Keep It Alive/KeepItAlive/Content/Sprites/Enemies/Witch/Witch_Sprite_Sheet_Sprite_51.uasset" 120
"../../../../../Users/Admin/Documents/Repos/Keep It Alive/KeepItAlive/Content/Sprites/Enemies/Witch/Witch_Sprite_Sheet_Sprite_52.uasset" 121
"../../../../../Users/Admin/Documents/Repos/Keep It Alive/KeepItAlive/Content/Sprites/Enemies/Witch/Witch_Sprite_Sheet_Sprite_53.uasset" 122
"../../../../../Users/Admin/Documents/Repos/Keep It Alive/KeepItAlive/Content/Sprites/Enemies/Witch/Flipbooks/Witch_MovingSide.uasset" 123
"../../../../../Users/Admin/Documents/Repos/Keep It Alive/KeepItAlive/Content/Blueprints/Enemies/BP_WitchEnemy.uasset" 124
"../../../../../Users/Admin/Documents/Repos/Keep It Alive/KeepItAlive/Content/Blueprints/Spawners/Enemies/BP_FirstWave.uasset" 125
"../../../../../Users/Admin/Documents/Repos/Keep It Alive/KeepItAlive/Content/Blueprints/Spawners/Enemies/BP_SecondWave.uasset" 126
"../../../../../Users/Admin/Documents/Repos/Keep It Alive/KeepItAlive/Content/Sprites/Workers/miner_work1_Sprite.uasset" 127
"../../../../../Users/Admin/Documents/Repos/Keep It Alive/KeepItAlive/Content/Sprites/Workers/miner_work2_Sprite.uasset" 128
"../../../../../Users/Admin/Documents/Repos/Keep It Alive/KeepItAlive/Content/Sprites/Workers/miner_work3_Sprite.uasset" 129
"../../../../../Users/Admin/Documents/Repos/Keep It Alive/KeepItAlive/Content/Sprites/Workers/miner_work4_Sprite.uasset" 130
"../../../../../Users/Admin/Documents/Repos/Keep It Alive/KeepItAlive/Content/Sprites/Workers/miner_work5_Sprite.uasset" 131
"../../../../../Users/Admin/Documents/Repos/Keep It Alive/KeepItAlive/Content/Sprites/Workers/miner_work6_Sprite.uasset" 132
"../../../../../Users/Admin/Documents/Repos/Keep It Alive/KeepItAlive/Content/Sprites/Workers/miner_work7_Sprite.uasset" 133
"../../../../../Users/Admin/Documents/Repos/Keep It Alive/KeepItAlive/Content/Sprites/Workers/miner_work8_Sprite.uasset" 134
"../../../../../Users/Admin/Documents/Repos/Keep It Alive/KeepItAlive/Content/Sprites/Workers/FlipBooks/Worker_action.uasset" 135
"../../../../../Users/Admin/Documents/Repos/Keep It Alive/KeepItAlive/Content/Sprites/Workers/move_forward1_Sprite.uasset" 136
"../../../../../Users/Admin/Documents/Repos/Keep It Alive/KeepItAlive/Content/Sprites/Workers/move_forward2_Sprite.uasset" 137
"../../../../../Users/Admin/Documents/Repos/Keep It Alive/KeepItAlive/Content/Sprites/Workers/move_forward3_Sprite.uasset" 138
"../../../../../Users/Admin/Documents/Repos/Keep It Alive/KeepItAlive/Content/Sprites/Workers/move_forward4_Sprite.uasset" 139
"../../../../../Users/Admin/Documents/Repos/Keep It Alive/KeepItAlive/Content/Sprites/Workers/move_forward5_Sprite.uasset" 140
"../../../../../Users/Admin/Documents/Repos/Keep It Alive/KeepItAlive/Content/Sprites/Workers/move_forward6_Sprite.uasset" 141
"../../../../../Users/Admin/Documents/Repos/Keep It Alive/KeepItAlive/Content/Sprites/Workers/move_forward7_Sprite.uasset" 142
"../../../../../Users/Admin/Documents/Repos/Keep It Alive/KeepItAlive/Content/Sprites/Workers/move_forward8_Sprite.uasset" 143
"../../../../../Users/Admin/Documents/Repos/Keep It Alive/KeepItAlive/Content/Sprites/Workers/move_forward9_Sprite.uasset" 144
"../../../../../Users/Admin/Documents/Repos/Keep It Alive/KeepItAlive/Content/Sprites/Workers/FlipBooks/Worker_move.uasset" 145
"../../../../../Users/Admin/Documents/Repos/Keep It Alive/KeepItAlive/Content/Blueprints/Workers/BP_Worker.uasset" 146
"../../../../../Users/Admin/Documents/Repos/Keep It Alive/KeepItAlive/Content/Blueprints/Spawners/Workers/BP_WorkersFirstWave.uasset" 147
"../../../../../Users/Admin/Documents/Repos/Keep It Alive/KeepItAlive/Content/Blueprints/Spawners/Workers/BP_WorkersSecondWave.uasset" 148
"../../../../../Users/Admin/Documents/Repos/Keep It Alive/KeepItAlive/Content/Blueprints/GameModes/BP_KeepItAliveGameMode.uasset" 149
"../../../../../Users/Admin/Documents/Repos/Keep It Alive/KeepItAlive/Content/BP_KeepItAliveGameMode.uasset" 150
"../../../../../Users/Admin/Documents/Repos/Keep It Alive/KeepItAlive/Content/2dSideScroller/Textures/2DCharacter_IdleAnimAtlas.uasset" 151
"../../../../../Users/Admin/Documents/Repos/Keep It Alive/KeepItAlive/Content/2dSideScroller/Sprites/IdleFrames/IdleCycle1.uasset" 152
"../../../../../Users/Admin/Documents/Repos/Keep It Alive/KeepItAlive/Content/2dSideScroller/Sprites/IdleFrames/IdleCycle2.uasset" 153
"../../../../../Users/Admin/Documents/Repos/Keep It Alive/KeepItAlive/Content/2dSideScroller/Sprites/IdleFrames/IdleCycle3.uasset" 154
"../../../../../Users/Admin/Documents/Repos/Keep It Alive/KeepItAlive/Content/2dSideScroller/Sprites/IdleFrames/IdleCycle4.uasset" 155
"../../../../../Users/Admin/Documents/Repos/Keep It Alive/KeepItAlive/Content/2dSideScroller/Sprites/IdleFrames/IdleCycle5.uasset" 156
"../../../../../Users/Admin/Documents/Repos/Keep It Alive/KeepItAlive/Content/2dSideScroller/Sprites/IdleFrames/IdleCycle6.uasset" 157
"../../../../../Users/Admin/Documents/Repos/Keep It Alive/KeepItAlive/Content/2dSideScroller/Sprites/IdleFrames/IdleCycle7.uasset" 158
"../../../../../Users/Admin/Documents/Repos/Keep It Alive/KeepItAlive/Content/2dSideScroller/Sprites/IdleFrames/IdleCycle8.uasset" 159
"../../../../../Users/Admin/Documents/Repos/Keep It Alive/KeepItAlive/Content/2DSideScroller/Sprites/IdleAnimation.uasset" 160
"../../../../../Users/Admin/Documents/Repos/Keep It Alive/KeepItAlive/Content/2dSideScroller/Textures/2DBackgroundBlockAtlas.uasset" 161
"../../../../../Users/Admin/Documents/Repos/Keep It Alive/KeepItAlive/Content/2DSideScroller/Sprites/Ledge.uasset" 162
"../../../../../Users/Admin/Documents/Repos/Keep It Alive/KeepItAlive/Content/2dSideScroller/Textures/2DBackgroundTile.uasset" 163
"../../../../../Users/Admin/Documents/Repos/Keep It Alive/KeepItAlive/Content/2DSideScroller/Materials/PrototypingSpriteMaterial.uasset" 164
"../../../../../Users/Admin/Documents/Repos/Keep It Alive/KeepItAlive/Content/2DSideScroller/Sprites/PrototypingSprite.uasset" 165
"../../../../../Users/Admin/Documents/Repos/Keep It Alive/KeepItAlive/Content/2dSideScroller/Textures/2DCharacter_RunAnimAtlas.uasset" 166
"../../../../../Users/Admin/Documents/Repos/Keep It Alive/KeepItAlive/Content/2dSideScroller/Sprites/RunFrames/RunCycle_1.uasset" 167
"../../../../../Users/Admin/Documents/Repos/Keep It Alive/KeepItAlive/Content/2dSideScroller/Sprites/RunFrames/RunCycle_10.uasset" 168
"../../../../../Users/Admin/Documents/Repos/Keep It Alive/KeepItAlive/Content/2dSideScroller/Sprites/RunFrames/RunCycle_11.uasset" 169
"../../../../../Users/Admin/Documents/Repos/Keep It Alive/KeepItAlive/Content/2dSideScroller/Sprites/RunFrames/RunCycle_12.uasset" 170
"../../../../../Users/Admin/Documents/Repos/Keep It Alive/KeepItAlive/Content/2dSideScroller/Sprites/RunFrames/RunCycle_13.uasset" 171
"../../../../../Users/Admin/Documents/Repos/Keep It Alive/KeepItAlive/Content/2dSideScroller/Sprites/RunFrames/RunCycle_14.uasset" 172
"../../../../../Users/Admin/Documents/Repos/Keep It Alive/KeepItAlive/Content/2dSideScroller/Sprites/RunFrames/RunCycle_15.uasset" 173
"../../../../../Users/Admin/Documents/Repos/Keep It Alive/KeepItAlive/Content/2dSideScroller/Sprites/RunFrames/RunCycle_16.uasset" 174
"../../../../../Users/Admin/Documents/Repos/Keep It Alive/KeepItAlive/Content/2dSideScroller/Sprites/RunFrames/RunCycle_2.uasset" 175
"../../../../../Users/Admin/Documents/Repos/Keep It Alive/KeepItAlive/Content/2dSideScroller/Sprites/RunFrames/RunCycle_3.uasset" 176
"../../../../../Users/Admin/Documents/Repos/Keep It Alive/KeepItAlive/Content/2dSideScroller/Sprites/RunFrames/RunCycle_4.uasset" 177
"../../../../../Users/Admin/Documents/Repos/Keep It Alive/KeepItAlive/Content/2dSideScroller/Sprites/RunFrames/RunCycle_5.uasset" 178
"../../../../../Users/Admin/Documents/Repos/Keep It Alive/KeepItAlive/Content/2dSideScroller/Sprites/RunFrames/RunCycle_6.uasset" 179
"../../../../../Users/Admin/Documents/Repos/Keep It Alive/KeepItAlive/Content/2dSideScroller/Sprites/RunFrames/RunCycle_7.uasset" 180
"../../../../../Users/Admin/Documents/Repos/Keep It Alive/KeepItAlive/Content/2dSideScroller/Sprites/RunFrames/RunCycle_8.uasset" 181
"../../../../../Users/Admin/Documents/Repos/Keep It Alive/KeepItAlive/Content/2dSideScroller/Sprites/RunFrames/RunCycle_9.uasset" 182
"../../../../../Users/Admin/Documents/Repos/Keep It Alive/KeepItAlive/Content/2DSideScroller/Sprites/RunningAnimation.uasset" 183
"../../../../../Users/Admin/Documents/Repos/Keep It Alive/KeepItAlive/Content/Blueprints/Spawners/Enemies/BP_EnemySpawner.uasset" 184
"../../../../../Users/Admin/Documents/Repos/Keep It Alive/KeepItAlive/Content/Blueprints/BP_EnemySpawner.uasset" 185
"../../../../../Users/Admin/Documents/Repos/Keep It Alive/KeepItAlive/Content/Sprites/Dungeon1/Minifantasy_DungeonTileset.uasset" 186
"../../../../../Users/Admin/Documents/Repos/Keep It Alive/KeepItAlive/Content/Sprites/Dungeon1/Minifantasy_DungeonTileset_TileSet.uasset" 187
"../../../../../Users/Admin/Documents/Repos/Keep It Alive/KeepItAlive/Content/Sprites/Dungeon1/DungeonTilemap.uasset" 188
"../../../../../Users/Admin/Documents/Repos/Keep It Alive/KeepItAlive/Content/Sprites/Dungeon2/Dungeon_Tileset_Sprite_0.uasset" 189
"../../../../../Users/Admin/Documents/Repos/Keep It Alive/KeepItAlive/Content/Sprites/Dungeon2/Dungeon_Tileset_Sprite_1.uasset" 190
"../../../../../Users/Admin/Documents/Repos/Keep It Alive/KeepItAlive/Content/Sprites/Dungeon2/Dungeon_Tileset_Sprite_10.uasset" 191
"../../../../../Users/Admin/Documents/Repos/Keep It Alive/KeepItAlive/Content/Sprites/Dungeon2/Dungeon_Tileset_Sprite_100.uasset" 192
"../../../../../Users/Admin/Documents/Repos/Keep It Alive/KeepItAlive/Content/Sprites/Dungeon2/Dungeon_Tileset_Sprite_101.uasset" 193
"../../../../../Users/Admin/Documents/Repos/Keep It Alive/KeepItAlive/Content/Sprites/Dungeon2/Dungeon_Tileset_Sprite_102.uasset" 194
"../../../../../Users/Admin/Documents/Repos/Keep It Alive/KeepItAlive/Content/Sprites/Dungeon2/Dungeon_Tileset_Sprite_103.uasset" 195
"../../../../../Users/Admin/Documents/Repos/Keep It Alive/KeepItAlive/Content/Sprites/Dungeon2/Dungeon_Tileset_Sprite_104.uasset" 196
"../../../../../Users/Admin/Documents/Repos/Keep It Alive/KeepItAlive/Content/Sprites/Dungeon2/Dungeon_Tileset_Sprite_105.uasset" 197
"../../../../../Users/Admin/Documents/Repos/Keep It Alive/KeepItAlive/Content/Sprites/Dungeon2/Dungeon_Tileset_Sprite_106.uasset" 198
"../../../../../Users/Admin/Documents/Repos/Keep It Alive/KeepItAlive/Content/Sprites/Dungeon2/Dungeon_Tileset_Sprite_107.uasset" 199
"../../../../../Users/Admin/Documents/Repos/Keep It Alive/KeepItAlive/Content/Sprites/Dungeon2/Dungeon_Tileset_Sprite_108.uasset" 200
"../../../../../Users/Admin/Documents/Repos/Keep It Alive/KeepItAlive/Content/Sprites/Dungeon2/Dungeon_Tileset_Sprite_109.uasset" 201
"../../../../../Users/Admin/Documents/Repos/Keep It Alive/KeepItAlive/Content/Sprites/Dungeon2/Dungeon_Tileset_Sprite_11.uasset" 202
"../../../../../Users/Admin/Documents/Repos/Keep It Alive/KeepItAlive/Content/Sprites/Dungeon2/Dungeon_Tileset_Sprite_110.uasset" 203
"../../../../../Users/Admin/Documents/Repos/Keep It Alive/KeepItAlive/Content/Sprites/Dungeon2/Dungeon_Tileset_Sprite_111.uasset" 204
"../../../../../Users/Admin/Documents/Repos/Keep It Alive/KeepItAlive/Content/Sprites/Dungeon2/Dungeon_Tileset_Sprite_112.uasset" 205
"../../../../../Users/Admin/Documents/Repos/Keep It Alive/KeepItAlive/Content/Sprites/Dungeon2/Dungeon_Tileset_Sprite_113.uasset" 206
"../../../../../Users/Admin/Documents/Repos/Keep It Alive/KeepItAlive/Content/Sprites/Dungeon2/Dungeon_Tileset_Sprite_114.uasset" 207
"../../../../../Users/Admin/Documents/Repos/Keep It Alive/KeepItAlive/Content/Sprites/Dungeon2/Dungeon_Tileset_Sprite_115.uasset" 208
"../../../../../Users/Admin/Documents/Repos/Keep It Alive/KeepItAlive/Content/Sprites/Dungeon2/Dungeon_Tileset_Sprite_116.uasset" 209
"../../../../../Users/Admin/Documents/Repos/Keep It Alive/KeepItAlive/Content/Sprites/Dungeon2/Dungeon_Tileset_Sprite_117.uasset" 210
"../../../../../Users/Admin/Documents/Repos/Keep It Alive/KeepItAlive/Content/Sprites/Dungeon2/Dungeon_Tileset_Sprite_118.uasset" 211
"../../../../../Users/Admin/Documents/Repos/Keep It Alive/KeepItAlive/Content/Sprites/Dungeon2/Dungeon_Tileset_Sprite_119.uasset" 212
"../../../../../Users/Admin/Documents/Repos/Keep It Alive/KeepItAlive/Content/Sprites/Dungeon2/Dungeon_Tileset_Sprite_12.uasset" 213
"../../../../../Users/Admin/Documents/Repos/Keep It Alive/KeepItAlive/Content/Sprites/Dungeon2/Dungeon_Tileset_Sprite_120.uasset" 214
"../../../../../Users/Admin/Documents/Repos/Keep It Alive/KeepItAlive/Content/Sprites/Dungeon2/Dungeon_Tileset_Sprite_121.uasset" 215
"../../../../../Users/Admin/Documents/Repos/Keep It Alive/KeepItAlive/Content/Sprites/Dungeon2/Dungeon_Tileset_Sprite_122.uasset" 216
"../../../../../Users/Admin/Documents/Repos/Keep It Alive/KeepItAlive/Content/Sprites/Dungeon2/Dungeon_Tileset_Sprite_123.uasset" 217
"../../../../../Users/Admin/Documents/Repos/Keep It Alive/KeepItAlive/Content/Sprites/Dungeon2/Dungeon_Tileset_Sprite_124.uasset" 218
"../../../../../Users/Admin/Documents/Repos/Keep It Alive/KeepItAlive/Content/Sprites/Dungeon2/Dungeon_Tileset_Sprite_125.uasset" 219
"../../../../../Users/Admin/Documents/Repos/Keep It Alive/KeepItAlive/Content/Sprites/Dungeon2/Dungeon_Tileset_Sprite_126.uasset" 220
"../../../../../Users/Admin/Documents/Repos/Keep It Alive/KeepItAlive/Content/Sprites/Dungeon2/Dungeon_Tileset_Sprite_127.uasset" 221
"../../../../../Users/Admin/Documents/Repos/Keep It Alive/KeepItAlive/Content/Sprites/Dungeon2/Dungeon_Tileset_Sprite_128.uasset" 222
"../../../../../Users/Admin/Documents/Repos/Keep It Alive/KeepItAlive/Content/Sprites/Dungeon2/Dungeon_Tileset_Sprite_129.uasset" 223
"../../../../../Users/Admin/Documents/Repos/Keep It Alive/KeepItAlive/Content/Sprites/Dungeon2/Dungeon_Tileset_Sprite_13.uasset" 224
"../../../../../Users/Admin/Documents/Repos/Keep It Alive/KeepItAlive/Content/Sprites/Dungeon2/Dungeon_Tileset_Sprite_130.uasset" 225
"../../../../../Users/Admin/Documents/Repos/Keep It Alive/KeepItAlive/Content/Sprites/Dungeon2/Dungeon_Tileset_Sprite_131.uasset" 226
"../../../../../Users/Admin/Documents/Repos/Keep It Alive/KeepItAlive/Content/Sprites/Dungeon2/Dungeon_Tileset_Sprite_132.uasset" 227
"../../../../../Users/Admin/Documents/Repos/Keep It Alive/KeepItAlive/Content/Sprites/Dungeon2/Dungeon_Tileset_Sprite_133.uasset" 228
"../../../../../Users/Admin/Documents/Repos/Keep It Alive/KeepItAlive/Content/Sprites/Dungeon2/Dungeon_Tileset_Sprite_134.uasset" 229
"../../../../../Users/Admin/Documents/Repos/Keep It Alive/KeepItAlive/Content/Sprites/Dungeon2/Dungeon_Tileset_Sprite_135.uasset" 230
"../../../../../Users/Admin/Documents/Repos/Keep It Alive/KeepItAlive/Content/Sprites/Dungeon2/Dungeon_Tileset_Sprite_136.uasset" 231
"../../../../../Users/Admin/Documents/Repos/Keep It Alive/KeepItAlive/Content/Sprites/Dungeon2/Dungeon_Tileset_Sprite_137.uasset" 232
"../../../../../Users/Admin/Documents/Repos/Keep It Alive/KeepItAlive/Content/Sprites/Dungeon2/Dungeon_Tileset_Sprite_138.uasset" 233
"../../../../../Users/Admin/Documents/Repos/Keep It Alive/KeepItAlive/Content/Sprites/Dungeon2/Dungeon_Tileset_Sprite_139.uasset" 234
"../../../../../Users/Admin/Documents/Repos/Keep It Alive/KeepItAlive/Content/Sprites/Dungeon2/Dungeon_Tileset_Sprite_14.uasset" 235
"../../../../../Users/Admin/Documents/Repos/Keep It Alive/KeepItAlive/Content/Sprites/Dungeon2/Dungeon_Tileset_Sprite_140.uasset" 236
"../../../../../Users/Admin/Documents/Repos/Keep It Alive/KeepItAlive/Content/Sprites/Dungeon2/Dungeon_Tileset_Sprite_141.uasset" 237
"../../../../../Users/Admin/Documents/Repos/Keep It Alive/KeepItAlive/Content/Sprites/Dungeon2/Dungeon_Tileset_Sprite_142.uasset" 238
"../../../../../Users/Admin/Documents/Repos/Keep It Alive/KeepItAlive/Content/Sprites/Dungeon2/Dungeon_Tileset_Sprite_143.uasset" 239
"../../../../../Users/Admin/Documents/Repos/Keep It Alive/KeepItAlive/Content/Sprites/Dungeon2/Dungeon_Tileset_Sprite_144.uasset" 240
"../../../../../Users/Admin/Documents/Repos/Keep It Alive/KeepItAlive/Content/Sprites/Dungeon2/Dungeon_Tileset_Sprite_145.uasset" 241
"../../../../../Users/Admin/Documents/Repos/Keep It Alive/KeepItAlive/Content/Sprites/Dungeon2/Dungeon_Tileset_Sprite_146.uasset" 242
"../../../../../Users/Admin/Documents/Repos/Keep It Alive/KeepItAlive/Content/Sprites/Dungeon2/Dungeon_Tileset_Sprite_147.uasset" 243
"../../../../../Users/Admin/Documents/Repos/Keep It Alive/KeepItAlive/Content/Sprites/Dungeon2/Dungeon_Tileset_Sprite_148.uasset" 244
"../../../../../Users/Admin/Documents/Repos/Keep It Alive/KeepItAlive/Content/Sprites/Dungeon2/Dungeon_Tileset_Sprite_149.uasset" 245
"../../../../../Users/Admin/Documents/Repos/Keep It Alive/KeepItAlive/Content/Sprites/Dungeon2/Dungeon_Tileset_Sprite_15.uasset" 246
"../../../../../Users/Admin/Documents/Repos/Keep It Alive/KeepItAlive/Content/Sprites/Dungeon2/Dungeon_Tileset_Sprite_150.uasset" 247
"../../../../../Users/Admin/Documents/Repos/Keep It Alive/KeepItAlive/Content/Sprites/Dungeon2/Dungeon_Tileset_Sprite_151.uasset" 248
"../../../../../Users/Admin/Documents/Repos/Keep It Alive/KeepItAlive/Content/Sprites/Dungeon2/Dungeon_Tileset_Sprite_152.uasset" 249
"../../../../../Users/Admin/Documents/Repos/Keep It Alive/KeepItAlive/Content/Sprites/Dungeon2/Dungeon_Tileset_Sprite_153.uasset" 250
"../../../../../Users/Admin/Documents/Repos/Keep It Alive/KeepItAlive/Content/Sprites/Dungeon2/Dungeon_Tileset_Sprite_154.uasset" 251
"../../../../../Users/Admin/Documents/Repos/Keep It Alive/KeepItAlive/Content/Sprites/Dungeon2/Dungeon_Tileset_Sprite_155.uasset" 252
"../../../../../Users/Admin/Documents/Repos/Keep It Alive/KeepItAlive/Content/Sprites/Dungeon2/Dungeon_Tileset_Sprite_156.uasset" 253
"../../../../../Users/Admin/Documents/Repos/Keep It Alive/KeepItAlive/Content/Sprites/Dungeon2/Dungeon_Tileset_Sprite_157.uasset" 254
"../../../../../Users/Admin/Documents/Repos/Keep It Alive/KeepItAlive/Content/Sprites/Dungeon2/Dungeon_Tileset_Sprite_158.uasset" 255
"../../../../../Users/Admin/Documents/Repos/Keep It Alive/KeepItAlive/Content/Sprites/Dungeon2/Dungeon_Tileset_Sprite_159.uasset" 256
"../../../../../Users/Admin/Documents/Repos/Keep It Alive/KeepItAlive/Content/Sprites/Dungeon2/Dungeon_Tileset_Sprite_16.uasset" 257
"../../../../../Users/Admin/Documents/Repos/Keep It Alive/KeepItAlive/Content/Sprites/Dungeon2/Dungeon_Tileset_Sprite_160.uasset" 258
"../../../../../Users/Admin/Documents/Repos/Keep It Alive/KeepItAlive/Content/Sprites/Dungeon2/Dungeon_Tileset_Sprite_161.uasset" 259
"../../../../../Users/Admin/Documents/Repos/Keep It Alive/KeepItAlive/Content/Sprites/Dungeon2/Dungeon_Tileset_Sprite_162.uasset" 260
"../../../../../Users/Admin/Documents/Repos/Keep It Alive/KeepItAlive/Content/Sprites/Dungeon2/Dungeon_Tileset_Sprite_163.uasset" 261
"../../../../../Users/Admin/Documents/Repos/Keep It Alive/KeepItAlive/Content/Sprites/Dungeon2/Dungeon_Tileset_Sprite_164.uasset" 262
"../../../../../Users/Admin/Documents/Repos/Keep It Alive/KeepItAlive/Content/Sprites/Dungeon2/Dungeon_Tileset_Sprite_165.uasset" 263
"../../../../../Users/Admin/Documents/Repos/Keep It Alive/KeepItAlive/Content/Sprites/Dungeon2/Dungeon_Tileset_Sprite_166.uasset" 264
"../../../../../Users/Admin/Documents/Repos/Keep It Alive/KeepItAlive/Content/Sprites/Dungeon2/Dungeon_Tileset_Sprite_167.uasset" 265
"../../../../../Users/Admin/Documents/Repos/Keep It Alive/KeepItAlive/Content/Sprites/Dungeon2/Dungeon_Tileset_Sprite_168.uasset" 266
"../../../../../Users/Admin/Documents/Repos/Keep It Alive/KeepItAlive/Content/Sprites/Dungeon2/Dungeon_Tileset_Sprite_169.uasset" 267
"../../../../../Users/Admin/Documents/Repos/Keep It Alive/KeepItAlive/Content/Sprites/Dungeon2/Dungeon_Tileset_Sprite_17.uasset" 268
"../../../../../Users/Admin/Documents/Repos/Keep It Alive/KeepItAlive/Content/Sprites/Dungeon2/Dungeon_Tileset_Sprite_170.uasset" 269
"../../../../../Users/Admin/Documents/Repos/Keep It Alive/KeepItAlive/Content/Sprites/Dungeon2/Dungeon_Tileset_Sprite_171.uasset" 270
"../../../../../Users/Admin/Documents/Repos/Keep It Alive/KeepItAlive/Content/Sprites/Dungeon2/Dungeon_Tileset_Sprite_172.uasset" 271
"../../../../../Users/Admin/Documents/Repos/Keep It Alive/KeepItAlive/Content/Sprites/Dungeon2/Dungeon_Tileset_Sprite_173.uasset" 272
"../../../../../Users/Admin/Documents/Repos/Keep It Alive/KeepItAlive/Content/Sprites/Dungeon2/Dungeon_Tileset_Sprite_174.uasset" 273
"../../../../../Users/Admin/Documents/Repos/Keep It Alive/KeepItAlive/Content/Sprites/Dungeon2/Dungeon_Tileset_Sprite_175.uasset" 274
"../../../../../Users/Admin/Documents/Repos/Keep It Alive/KeepItAlive/Content/Sprites/Dungeon2/Dungeon_Tileset_Sprite_176.uasset" 275
"../../../../../Users/Admin/Documents/Repos/Keep It Alive/KeepItAlive/Content/Sprites/Dungeon2/Dungeon_Tileset_Sprite_177.uasset" 276
"../../../../../Users/Admin/Documents/Repos/Keep It Alive/KeepItAlive/Content/Sprites/Dungeon2/Dungeon_Tileset_Sprite_178.uasset" 277
"../../../../../Users/Admin/Documents/Repos/Keep It Alive/KeepItAlive/Content/Sprites/Dungeon2/Dungeon_Tileset_Sprite_179.uasset" 278
"../../../../../Users/Admin/Documents/Repos/Keep It Alive/KeepItAlive/Content/Sprites/Dungeon2/Dungeon_Tileset_Sprite_18.uasset" 279
"../../../../../Users/Admin/Documents/Repos/Keep It Alive/KeepItAlive/Content/Sprites/Dungeon2/Dungeon_Tileset_Sprite_180.uasset" 280
"../../../../../Users/Admin/Documents/Repos/Keep It Alive/KeepItAlive/Content/Sprites/Dungeon2/Dungeon_Tileset_Sprite_181.uasset" 281
"../../../../../Users/Admin/Documents/Repos/Keep It Alive/KeepItAlive/Content/Sprites/Dungeon2/Dungeon_Tileset_Sprite_182.uasset" 282
"../../../../../Users/Admin/Documents/Repos/Keep It Alive/KeepItAlive/Content/Sprites/Dungeon2/Dungeon_Tileset_Sprite_183.uasset" 283
"../../../../../Users/Admin/Documents/Repos/Keep It Alive/KeepItAlive/Content/Sprites/Dungeon2/Dungeon_Tileset_Sprite_184.uasset" 284
"../../../../../Users/Admin/Documents/Repos/Keep It Alive/KeepItAlive/Content/Sprites/Dungeon2/Dungeon_Tileset_Sprite_185.uasset" 285
"../../../../../Users/Admin/Documents/Repos/Keep It Alive/KeepItAlive/Content/Sprites/Dungeon2/Dungeon_Tileset_Sprite_186.uasset" 286
"../../../../../Users/Admin/Documents/Repos/Keep It Alive/KeepItAlive/Content/Sprites/Dungeon2/Dungeon_Tileset_Sprite_187.uasset" 287
"../../../../../Users/Admin/Documents/Repos/Keep It Alive/KeepItAlive/Content/Sprites/Dungeon2/Dungeon_Tileset_Sprite_188.uasset" 288
"../../../../../Users/Admin/Documents/Repos/Keep It Alive/KeepItAlive/Content/Sprites/Dungeon2/Dungeon_Tileset_Sprite_189.uasset" 289
"../../../../../Users/Admin/Documents/Repos/Keep It Alive/KeepItAlive/Content/Sprites/Dungeon2/Dungeon_Tileset_Sprite_19.uasset" 290
"../../../../../Users/Admin/Documents/Repos/Keep It Alive/KeepItAlive/Content/Sprites/Dungeon2/Dungeon_Tileset_Sprite_190.uasset" 291
"../../../../../Users/Admin/Documents/Repos/Keep It Alive/KeepItAlive/Content/Sprites/Dungeon2/Dungeon_Tileset_Sprite_191.uasset" 292
"../../../../../Users/Admin/Documents/Repos/Keep It Alive/KeepItAlive/Content/Sprites/Dungeon2/Dungeon_Tileset_Sprite_192.uasset" 293
"../../../../../Users/Admin/Documents/Repos/Keep It Alive/KeepItAlive/Content/Sprites/Dungeon2/Dungeon_Tileset_Sprite_193.uasset" 294
"../../../../../Users/Admin/Documents/Repos/Keep It Alive/KeepItAlive/Content/Sprites/Dungeon2/Dungeon_Tileset_Sprite_194.uasset" 295
"../../../../../Users/Admin/Documents/Repos/Keep It Alive/KeepItAlive/Content/Sprites/Dungeon2/Dungeon_Tileset_Sprite_195.uasset" 296
"../../../../../Users/Admin/Documents/Repos/Keep It Alive/KeepItAlive/Content/Sprites/Dungeon2/Dungeon_Tileset_Sprite_196.uasset" 297
"../../../../../Users/Admin/Documents/Repos/Keep It Alive/KeepItAlive/Content/Sprites/Dungeon2/Dungeon_Tileset_Sprite_197.uasset" 298
"../../../../../Users/Admin/Documents/Repos/Keep It Alive/KeepItAlive/Content/Sprites/Dungeon2/Dungeon_Tileset_Sprite_198.uasset" 299
"../../../../../Users/Admin/Documents/Repos/Keep It Alive/KeepItAlive/Content/Sprites/Dungeon2/Dungeon_Tileset_Sprite_199.uasset" 300
"../../../../../Users/Admin/Documents/Repos/Keep It Alive/KeepItAlive/Content/Sprites/Dungeon2/Dungeon_Tileset_Sprite_2.uasset" 301
"../../../../../Users/Admin/Documents/Repos/Keep It Alive/KeepItAlive/Content/Sprites/Dungeon2/Dungeon_Tileset_Sprite_20.uasset" 302
"../../../../../Users/Admin/Documents/Repos/Keep It Alive/KeepItAlive/Content/Sprites/Dungeon2/Dungeon_Tileset_Sprite_200.uasset" 303
"../../../../../Users/Admin/Documents/Repos/Keep It Alive/KeepItAlive/Content/Sprites/Dungeon2/Dungeon_Tileset_Sprite_201.uasset" 304
"../../../../../Users/Admin/Documents/Repos/Keep It Alive/KeepItAlive/Content/Sprites/Dungeon2/Dungeon_Tileset_Sprite_202.uasset" 305
"../../../../../Users/Admin/Documents/Repos/Keep It Alive/KeepItAlive/Content/Sprites/Dungeon2/Dungeon_Tileset_Sprite_203.uasset" 306
"../../../../../Users/Admin/Documents/Repos/Keep It Alive/KeepItAlive/Content/Sprites/Dungeon2/Dungeon_Tileset_Sprite_204.uasset" 307
"../../../../../Users/Admin/Documents/Repos/Keep It Alive/KeepItAlive/Content/Sprites/Dungeon2/Dungeon_Tileset_Sprite_205.uasset" 308
"../../../../../Users/Admin/Documents/Repos/Keep It Alive/KeepItAlive/Content/Sprites/Dungeon2/Dungeon_Tileset_Sprite_206.uasset" 309
"../../../../../Users/Admin/Documents/Repos/Keep It Alive/KeepItAlive/Content/Sprites/Dungeon2/Dungeon_Tileset_Sprite_207.uasset" 310
"../../../../../Users/Admin/Documents/Repos/Keep It Alive/KeepItAlive/Content/Sprites/Dungeon2/Dungeon_Tileset_Sprite_208.uasset" 311
"../../../../../Users/Admin/Documents/Repos/Keep It Alive/KeepItAlive/Content/Sprites/Dungeon2/Dungeon_Tileset_Sprite_209.uasset" 312
"../../../../../Users/Admin/Documents/Repos/Keep It Alive/KeepItAlive/Content/Sprites/Dungeon2/Dungeon_Tileset_Sprite_21.uasset" 313
"../../../../../Users/Admin/Documents/Repos/Keep It Alive/KeepItAlive/Content/Sprites/Dungeon2/Dungeon_Tileset_Sprite_210.uasset" 314
"../../../../../Users/Admin/Documents/Repos/Keep It Alive/KeepItAlive/Content/Sprites/Dungeon2/Dungeon_Tileset_Sprite_211.uasset" 315
"../../Plugins/2D/Paper2D/Content/PlaceholderTextures/DummySpriteTexture.uasset" 316
"../../Plugins/2D/Paper2D/Content/DummySpriteTexture.uasset" 317
"../../Plugins/2D/Paper2D/Content/DefaultSpriteMaterial.uasset" 318
"../../Plugins/2D/Paper2D/Content/TranslucentUnlitSpriteMaterial.uasset" 319
"../../../../../Users/Admin/Documents/Repos/Keep It Alive/KeepItAlive/Content/Sprites/Dungeon2/Dungeon_Tileset_Sprite_212.uasset" 320
"../../../../../Users/Admin/Documents/Repos/Keep It Alive/KeepItAlive/Content/Sprites/Dungeon2/Dungeon_Tileset_Sprite_213.uasset" 321
"../../../../../Users/Admin/Documents/Repos/Keep It Alive/KeepItAlive/Content/Sprites/Dungeon2/Dungeon_Tileset_Sprite_214.uasset" 322
"../../../../../Users/Admin/Documents/Repos/Keep It Alive/KeepItAlive/Content/Sprites/Dungeon2/Dungeon_Tileset_Sprite_215.uasset" 323
"../../../../../Users/Admin/Documents/Repos/Keep It Alive/KeepItAlive/Content/Sprites/Dungeon2/Dungeon_Tileset_Sprite_216.uasset" 324
"../../../../../Users/Admin/Documents/Repos/Keep It Alive/KeepItAlive/Content/Sprites/Dungeon2/Dungeon_Tileset_Sprite_217.uasset" 325
"../../../../../Users/Admin/Documents/Repos/Keep It Alive/KeepItAlive/Content/Sprites/Dungeon2/Dungeon_Tileset_Sprite_218.uasset" 326
"../../../../../Users/Admin/Documents/Repos/Keep It Alive/KeepItAlive/Content/Sprites/Dungeon2/Dungeon_Tileset_Sprite_219.uasset" 327
"../../../../../Users/Admin/Documents/Repos/Keep It Alive/KeepItAlive/Content/Sprites/Dungeon2/Dungeon_Tileset_Sprite_22.uasset" 328
"../../../../../Users/Admin/Documents/Repos/Keep It Alive/KeepItAlive/Content/Sprites/Dungeon2/Dungeon_Tileset_Sprite_220.uasset" 329
"../../../../../Users/Admin/Documents/Repos/Keep It Alive/KeepItAlive/Content/Sprites/Dungeon2/Dungeon_Tileset_Sprite_221.uasset" 330
"../../../../../Users/Admin/Documents/Repos/Keep It Alive/KeepItAlive/Content/Sprites/Dungeon2/Dungeon_Tileset_Sprite_222.uasset" 331
"../../../../../Users/Admin/Documents/Repos/Keep It Alive/KeepItAlive/Content/Sprites/Dungeon2/Dungeon_Tileset_Sprite_223.uasset" 332
"../../../../../Users/Admin/Documents/Repos/Keep It Alive/KeepItAlive/Content/Sprites/Dungeon2/Dungeon_Tileset_Sprite_224.uasset" 333
"../../../../../Users/Admin/Documents/Repos/Keep It Alive/KeepItAlive/Content/Sprites/Dungeon2/Dungeon_Tileset_Sprite_225.uasset" 334
"../../../../../Users/Admin/Documents/Repos/Keep It Alive/KeepItAlive/Content/Sprites/Dungeon2/Dungeon_Tileset_Sprite_226.uasset" 335
"../../../../../Users/Admin/Documents/Repos/Keep It Alive/KeepItAlive/Content/Sprites/Dungeon2/Dungeon_Tileset_Sprite_227.uasset" 336
"../../../../../Users/Admin/Documents/Repos/Keep It Alive/KeepItAlive/Content/Sprites/Dungeon2/Dungeon_Tileset_Sprite_228.uasset" 337
"../../../../../Users/Admin/Documents/Repos/Keep It Alive/KeepItAlive/Content/Sprites/Dungeon2/Dungeon_Tileset_Sprite_229.uasset" 338
"../../../../../Users/Admin/Documents/Repos/Keep It Alive/KeepItAlive/Content/Sprites/Dungeon2/Dungeon_Tileset_Sprite_23.uasset" 339
"../../../../../Users/Admin/Documents/Repos/Keep It Alive/KeepItAlive/Content/Sprites/Dungeon2/Dungeon_Tileset_Sprite_230.uasset" 340
"../../../../../Users/Admin/Documents/Repos/Keep It Alive/KeepItAlive/Content/Sprites/Dungeon2/Dungeon_Tileset_Sprite_231.uasset" 341
"../../../../../Users/Admin/Documents/Repos/Keep It Alive/KeepItAlive/Content/Sprites/Dungeon2/Dungeon_Tileset_Sprite_232.uasset" 342
"../../../../../Users/Admin/Documents/Repos/Keep It Alive/KeepItAlive/Content/Sprites/Dungeon2/Dungeon_Tileset_Sprite_233.uasset" 343
"../../../../../Users/Admin/Documents/Repos/Keep It Alive/KeepItAlive/Content/Sprites/Dungeon2/Dungeon_Tileset_Sprite_234.uasset" 344
"../../../../../Users/Admin/Documents/Repos/Keep It Alive/KeepItAlive/Content/Sprites/Dungeon2/Dungeon_Tileset_Sprite_235.uasset" 345
"../../../../../Users/Admin/Documents/Repos/Keep It Alive/KeepItAlive/Content/Sprites/Dungeon2/Dungeon_Tileset_Sprite_236.uasset" 346
"../../../../../Users/Admin/Documents/Repos/Keep It Alive/KeepItAlive/Content/Sprites/Dungeon2/Dungeon_Tileset_Sprite_237.uasset" 347
"../../../../../Users/Admin/Documents/Repos/Keep It Alive/KeepItAlive/Content/Sprites/Dungeon2/Dungeon_Tileset_Sprite_238.uasset" 348
"../../../../../Users/Admin/Documents/Repos/Keep It Alive/KeepItAlive/Content/Sprites/Dungeon2/Dungeon_Tileset_Sprite_239.uasset" 349
"../../../../../Users/Admin/Documents/Repos/Keep It Alive/KeepItAlive/Content/Sprites/Dungeon2/Dungeon_Tileset_Sprite_24.uasset" 350
"../../../../../Users/Admin/Documents/Repos/Keep It Alive/KeepItAlive/Content/Sprites/Dungeon2/Dungeon_Tileset_Sprite_240.uasset" 351
"../../../../../Users/Admin/Documents/Repos/Keep It Alive/KeepItAlive/Content/Sprites/Dungeon2/Dungeon_Tileset_Sprite_241.uasset" 352
"../../../../../Users/Admin/Documents/Repos/Keep It Alive/KeepItAlive/Content/Sprites/Dungeon2/Dungeon_Tileset_Sprite_242.uasset" 353
"../../../../../Users/Admin/Documents/Repos/Keep It Alive/KeepItAlive/Content/Sprites/Dungeon2/Dungeon_Tileset_Sprite_243.uasset" 354
"../../../../../Users/Admin/Documents/Repos/Keep It Alive/KeepItAlive/Content/Sprites/Dungeon2/Dungeon_Tileset_Sprite_244.uasset" 355
"../../../../../Users/Admin/Documents/Repos/Keep It Alive/KeepItAlive/Content/Sprites/Dungeon2/Dungeon_Tileset_Sprite_245.uasset" 356
"../../../../../Users/Admin/Documents/Repos/Keep It Alive/KeepItAlive/Content/Sprites/Dungeon2/Dungeon_Tileset_Sprite_246.uasset" 357
"../../../../../Users/Admin/Documents/Repos/Keep It Alive/KeepItAlive/Content/Sprites/Dungeon2/Dungeon_Tileset_Sprite_247.uasset" 358
"../../../../../Users/Admin/Documents/Repos/Keep It Alive/KeepItAlive/Content/Sprites/Dungeon2/Dungeon_Tileset_Sprite_248.uasset" 359
"../../../../../Users/Admin/Documents/Repos/Keep It Alive/KeepItAlive/Content/Sprites/Dungeon2/Dungeon_Tileset_Sprite_249.uasset" 360
"../../../../../Users/Admin/Documents/Repos/Keep It Alive/KeepItAlive/Content/Sprites/Dungeon2/Dungeon_Tileset_Sprite_25.uasset" 361
"../../../../../Users/Admin/Documents/Repos/Keep It Alive/KeepItAlive/Content/Sprites/Dungeon2/Dungeon_Tileset_Sprite_250.uasset" 362
"../../../../../Users/Admin/Documents/Repos/Keep It Alive/KeepItAlive/Content/Sprites/Dungeon2/Dungeon_Tileset_Sprite_251.uasset" 363
"../../../../../Users/Admin/Documents/Repos/Keep It Alive/KeepItAlive/Content/Sprites/Dungeon2/Dungeon_Tileset_Sprite_252.uasset" 364
"../../../../../Users/Admin/Documents/Repos/Keep It Alive/KeepItAlive/Content/Sprites/Dungeon2/Dungeon_Tileset_Sprite_253.uasset" 365
"../../../../../Users/Admin/Documents/Repos/Keep It Alive/KeepItAlive/Content/Sprites/Dungeon2/Dungeon_Tileset_Sprite_254.uasset" 366
"../../../../../Users/Admin/Documents/Repos/Keep It Alive/KeepItAlive/Content/Sprites/Dungeon2/Dungeon_Tileset_Sprite_255.uasset" 367
"../../../../../Users/Admin/Documents/Repos/Keep It Alive/KeepItAlive/Content/Sprites/Dungeon2/Dungeon_Tileset_Sprite_256.uasset" 368
"../../../../../Users/Admin/Documents/Repos/Keep It Alive/KeepItAlive/Content/Sprites/Dungeon2/Dungeon_Tileset_Sprite_257.uasset" 369
"../../../../../Users/Admin/Documents/Repos/Keep It Alive/KeepItAlive/Content/Sprites/Dungeon2/Dungeon_Tileset_Sprite_258.uasset" 370
"../../../../../Users/Admin/Documents/Repos/Keep It Alive/KeepItAlive/Content/Sprites/Dungeon2/Dungeon_Tileset_Sprite_259.uasset" 371
"../../../../../Users/Admin/Documents/Repos/Keep It Alive/KeepItAlive/Content/Sprites/Dungeon2/Dungeon_Tileset_Sprite_26.uasset" 372
"../../../../../Users/Admin/Documents/Repos/Keep It Alive/KeepItAlive/Content/Sprites/Dungeon2/Dungeon_Tileset_Sprite_260.uasset" 373
"../../../../../Users/Admin/Documents/Repos/Keep It Alive/KeepItAlive/Content/Sprites/Dungeon2/Dungeon_Tileset_Sprite_261.uasset" 374
"../../../../../Users/Admin/Documents/Repos/Keep It Alive/KeepItAlive/Content/Sprites/Dungeon2/Dungeon_Tileset_Sprite_262.uasset" 375
"../../../../../Users/Admin/Documents/Repos/Keep It Alive/KeepItAlive/Content/Sprites/Dungeon2/Dungeon_Tileset_Sprite_263.uasset" 376
"../../../../../Users/Admin/Documents/Repos/Keep It Alive/KeepItAlive/Content/Sprites/Dungeon2/Dungeon_Tileset_Sprite_264.uasset" 377
"../../../../../Users/Admin/Documents/Repos/Keep It Alive/KeepItAlive/Content/Sprites/Dungeon2/Dungeon_Tileset_Sprite_265.uasset" 378
"../../../../../Users/Admin/Documents/Repos/Keep It Alive/KeepItAlive/Content/Sprites/Dungeon2/Dungeon_Tileset_Sprite_266.uasset" 379
"../../../../../Users/Admin/Documents/Repos/Keep It Alive/KeepItAlive/Content/Sprites/Dungeon2/Dungeon_Tileset_Sprite_267.uasset" 380
"../../../../../Users/Admin/Documents/Repos/Keep It Alive/KeepItAlive/Content/Sprites/Dungeon2/Dungeon_Tileset_Sprite_268.uasset" 381
"../../../../../Users/Admin/Documents/Repos/Keep It Alive/KeepItAlive/Content/Sprites/Dungeon2/Dungeon_Tileset_Sprite_269.uasset" 382
"../../../../../Users/Admin/Documents/Repos/Keep It Alive/KeepItAlive/Content/Sprites/Dungeon2/Dungeon_Tileset_Sprite_27.uasset" 383
"../../../../../Users/Admin/Documents/Repos/Keep It Alive/KeepItAlive/Content/Sprites/Dungeon2/Dungeon_Tileset_Sprite_270.uasset" 384
"../../../../../Users/Admin/Documents/Repos/Keep It Alive/KeepItAlive/Content/Sprites/Dungeon2/Dungeon_Tileset_Sprite_271.uasset" 385
"../../../../../Users/Admin/Documents/Repos/Keep It Alive/KeepItAlive/Content/Sprites/Dungeon2/Dungeon_Tileset_Sprite_272.uasset" 386
"../../../../../Users/Admin/Documents/Repos/Keep It Alive/KeepItAlive/Content/Sprites/Dungeon2/Dungeon_Tileset_Sprite_273.uasset" 387
"../../../../../Users/Admin/Documents/Repos/Keep It Alive/KeepItAlive/Content/Sprites/Dungeon2/Dungeon_Tileset_Sprite_274.uasset" 388
"../../../../../Users/Admin/Documents/Repos/Keep It Alive/KeepItAlive/Content/Sprites/Dungeon2/Dungeon_Tileset_Sprite_275.uasset" 389
"../../../../../Users/Admin/Documents/Repos/Keep It Alive/KeepItAlive/Content/Sprites/Dungeon2/Dungeon_Tileset_Sprite_276.uasset" 390
"../../../../../Users/Admin/Documents/Repos/Keep It Alive/KeepItAlive/Content/Sprites/Dungeon2/Dungeon_Tileset_Sprite_277.uasset" 391
"../../../../../Users/Admin/Documents/Repos/Keep It Alive/KeepItAlive/Content/Sprites/Dungeon2/Dungeon_Tileset_Sprite_278.uasset" 392
"../../../../../Users/Admin/Documents/Repos/Keep It Alive/KeepItAlive/Content/Sprites/Dungeon2/Dungeon_Tileset_Sprite_279.uasset" 393
"../../../../../Users/Admin/Documents/Repos/Keep It Alive/KeepItAlive/Content/Sprites/Dungeon2/Dungeon_Tileset_Sprite_28.uasset" 394
"../../../../../Users/Admin/Documents/Repos/Keep It Alive/KeepItAlive/Content/Sprites/Dungeon2/Dungeon_Tileset_Sprite_280.uasset" 395
"../../../../../Users/Admin/Documents/Repos/Keep It Alive/KeepItAlive/Content/Sprites/Dungeon2/Dungeon_Tileset_Sprite_281.uasset" 396
"../../../../../Users/Admin/Documents/Repos/Keep It Alive/KeepItAlive/Content/Sprites/Dungeon2/Dungeon_Tileset_Sprite_282.uasset" 397
"../../../../../Users/Admin/Documents/Repos/Keep It Alive/KeepItAlive/Content/Sprites/Dungeon2/Dungeon_Tileset_Sprite_283.uasset" 398
"../../../../../Users/Admin/Documents/Repos/Keep It Alive/KeepItAlive/Content/Sprites/Dungeon2/Dungeon_Tileset_Sprite_284.uasset" 399
"../../../../../Users/Admin/Documents/Repos/Keep It Alive/KeepItAlive/Content/Sprites/Dungeon2/Dungeon_Tileset_Sprite_285.uasset" 400
"../../../../../Users/Admin/Documents/Repos/Keep It Alive/KeepItAlive/Content/Sprites/Dungeon2/Dungeon_Tileset_Sprite_286.uasset" 401
"../../../../../Users/Admin/Documents/Repos/Keep It Alive/KeepItAlive/Content/Sprites/Dungeon2/Dungeon_Tileset_Sprite_287.uasset" 402
"../../../../../Users/Admin/Documents/Repos/Keep It Alive/KeepItAlive/Content/Sprites/Dungeon2/Dungeon_Tileset_Sprite_288.uasset" 403
"../../../../../Users/Admin/Documents/Repos/Keep It Alive/KeepItAlive/Content/Sprites/Dungeon2/Dungeon_Tileset_Sprite_289.uasset" 404
"../../../../../Users/Admin/Documents/Repos/Keep It Alive/KeepItAlive/Content/Sprites/Dungeon2/Dungeon_Tileset_Sprite_29.uasset" 405
"../../../../../Users/Admin/Documents/Repos/Keep It Alive/KeepItAlive/Content/Sprites/Dungeon2/Dungeon_Tileset_Sprite_290.uasset" 406
"../../../../../Users/Admin/Documents/Repos/Keep It Alive/KeepItAlive/Content/Sprites/Dungeon2/Dungeon_Tileset_Sprite_291.uasset" 407
"../../../../../Users/Admin/Documents/Repos/Keep It Alive/KeepItAlive/Content/Sprites/Dungeon2/Dungeon_Tileset_Sprite_292.uasset" 408
"../../../../../Users/Admin/Documents/Repos/Keep It Alive/KeepItAlive/Content/Sprites/Dungeon2/Dungeon_Tileset_Sprite_293.uasset" 409
"../../../../../Users/Admin/Documents/Repos/Keep It Alive/KeepItAlive/Content/Sprites/Dungeon2/Dungeon_Tileset_Sprite_294.uasset" 410
"../../../../../Users/Admin/Documents/Repos/Keep It Alive/KeepItAlive/Content/Sprites/Dungeon2/Dungeon_Tileset_Sprite_295.uasset" 411
"../../../../../Users/Admin/Documents/Repos/Keep It Alive/KeepItAlive/Content/Sprites/Dungeon2/Dungeon_Tileset_Sprite_296.uasset" 412
"../../../../../Users/Admin/Documents/Repos/Keep It Alive/KeepItAlive/Content/Sprites/Dungeon2/Dungeon_Tileset_Sprite_297.uasset" 413
"../../../../../Users/Admin/Documents/Repos/Keep It Alive/KeepItAlive/Content/Sprites/Dungeon2/Dungeon_Tileset_Sprite_298.uasset" 414
"../../../../../Users/Admin/Documents/Repos/Keep It Alive/KeepItAlive/Content/Sprites/Dungeon2/Dungeon_Tileset_Sprite_299.uasset" 415
"../../../../../Users/Admin/Documents/Repos/Keep It Alive/KeepItAlive/Content/Sprites/Dungeon2/Dungeon_Tileset_Sprite_3.uasset" 416
"../../../../../Users/Admin/Documents/Repos/Keep It Alive/KeepItAlive/Content/Sprites/Dungeon2/Dungeon_Tileset_Sprite_30.uasset" 417
"../../../../../Users/Admin/Documents/Repos/Keep It Alive/KeepItAlive/Content/Sprites/Dungeon2/Dungeon_Tileset_Sprite_300.uasset" 418
"../../../../../Users/Admin/Documents/Repos/Keep It Alive/KeepItAlive/Content/Sprites/Dungeon2/Dungeon_Tileset_Sprite_301.uasset" 419
"../../../../../Users/Admin/Documents/Repos/Keep It Alive/KeepItAlive/Content/Sprites/Dungeon2/Dungeon_Tileset_Sprite_302.uasset" 420
"../../../../../Users/Admin/Documents/Repos/Keep It Alive/KeepItAlive/Content/Sprites/Dungeon2/Dungeon_Tileset_Sprite_303.uasset" 421
"../../../../../Users/Admin/Documents/Repos/Keep It Alive/KeepItAlive/Content/Sprites/Dungeon2/Dungeon_Tileset_Sprite_304.uasset" 422
"../../../../../Users/Admin/Documents/Repos/Keep It Alive/KeepItAlive/Content/Sprites/Dungeon2/Dungeon_Tileset_Sprite_305.uasset" 423
"../../../../../Users/Admin/Documents/Repos/Keep It Alive/KeepItAlive/Content/Sprites/Dungeon2/Dungeon_Tileset_Sprite_306.uasset" 424
"../../../../../Users/Admin/Documents/Repos/Keep It Alive/KeepItAlive/Content/Sprites/Dungeon2/Dungeon_Tileset_Sprite_307.uasset" 425
"../../../../../Users/Admin/Documents/Repos/Keep It Alive/KeepItAlive/Content/Sprites/Dungeon2/Dungeon_Tileset_Sprite_308.uasset" 426
"../../../../../Users/Admin/Documents/Repos/Keep It Alive/KeepItAlive/Content/Sprites/Dungeon2/Dungeon_Tileset_Sprite_309.uasset" 427
"../../../../../Users/Admin/Documents/Repos/Keep It Alive/KeepItAlive/Content/Sprites/Dungeon2/Dungeon_Tileset_Sprite_31.uasset" 428
"../../../../../Users/Admin/Documents/Repos/Keep It Alive/KeepItAlive/Content/Sprites/Dungeon2/Dungeon_Tileset_Sprite_310.uasset" 429
"../../../../../Users/Admin/Documents/Repos/Keep It Alive/KeepItAlive/Content/Sprites/Dungeon2/Dungeon_Tileset_Sprite_311.uasset" 430
"../../../../../Users/Admin/Documents/Repos/Keep It Alive/KeepItAlive/Content/Sprites/Dungeon2/Dungeon_Tileset_Sprite_312.uasset" 431
"../../../../../Users/Admin/Documents/Repos/Keep It Alive/KeepItAlive/Content/Sprites/Dungeon2/Dungeon_Tileset_Sprite_313.uasset" 432
"../../../../../Users/Admin/Documents/Repos/Keep It Alive/KeepItAlive/Content/Sprites/Dungeon2/Dungeon_Tileset_Sprite_314.uasset" 433
"../../../../../Users/Admin/Documents/Repos/Keep It Alive/KeepItAlive/Content/Sprites/Dungeon2/Dungeon_Tileset_Sprite_315.uasset" 434
"../../../../../Users/Admin/Documents/Repos/Keep It Alive/KeepItAlive/Content/Sprites/Dungeon2/Dungeon_Tileset_Sprite_316.uasset" 435
"../../../../../Users/Admin/Documents/Repos/Keep It Alive/KeepItAlive/Content/Sprites/Dungeon2/Dungeon_Tileset_Sprite_317.uasset" 436
"../../../../../Users/Admin/Documents/Repos/Keep It Alive/KeepItAlive/Content/Sprites/Dungeon2/Dungeon_Tileset_Sprite_318.uasset" 437
"../../../../../Users/Admin/Documents/Repos/Keep It Alive/KeepItAlive/Content/Sprites/Dungeon2/Dungeon_Tileset_Sprite_319.uasset" 438
"../../../../../Users/Admin/Documents/Repos/Keep It Alive/KeepItAlive/Content/Sprites/Dungeon2/Dungeon_Tileset_Sprite_32.uasset" 439
"../../../../../Users/Admin/Documents/Repos/Keep It Alive/KeepItAlive/Content/Sprites/Dungeon2/Dungeon_Tileset_Sprite_33.uasset" 440
"../../../../../Users/Admin/Documents/Repos/Keep It Alive/KeepItAlive/Content/Sprites/Dungeon2/Dungeon_Tileset_Sprite_34.uasset" 441
"../../../../../Users/Admin/Documents/Repos/Keep It Alive/KeepItAlive/Content/Sprites/Dungeon2/Dungeon_Tileset_Sprite_35.uasset" 442
"../../../../../Users/Admin/Documents/Repos/Keep It Alive/KeepItAlive/Content/Sprites/Dungeon2/Dungeon_Tileset_Sprite_36.uasset" 443
"../../../../../Users/Admin/Documents/Repos/Keep It Alive/KeepItAlive/Content/Sprites/Dungeon2/Dungeon_Tileset_Sprite_37.uasset" 444
"../../../../../Users/Admin/Documents/Repos/Keep It Alive/KeepItAlive/Content/Sprites/Dungeon2/Dungeon_Tileset_Sprite_38.uasset" 445
"../../../../../Users/Admin/Documents/Repos/Keep It Alive/KeepItAlive/Content/Sprites/Dungeon2/Dungeon_Tileset_Sprite_39.uasset" 446
"../../../../../Users/Admin/Documents/Repos/Keep It Alive/KeepItAlive/Content/Sprites/Dungeon2/Dungeon_Tileset_Sprite_4.uasset" 447
"../../../../../Users/Admin/Documents/Repos/Keep It Alive/KeepItAlive/Content/Sprites/Dungeon2/Dungeon_Tileset_Sprite_40.uasset" 448
"../../../../../Users/Admin/Documents/Repos/Keep It Alive/KeepItAlive/Content/Sprites/Dungeon2/Dungeon_Tileset_Sprite_41.uasset" 449
"../../../../../Users/Admin/Documents/Repos/Keep It Alive/KeepItAlive/Content/Sprites/Dungeon2/Dungeon_Tileset_Sprite_42.uasset" 450
"../../../../../Users/Admin/Documents/Repos/Keep It Alive/KeepItAlive/Content/Sprites/Dungeon2/Dungeon_Tileset_Sprite_43.uasset" 451
"../../../../../Users/Admin/Documents/Repos/Keep It Alive/KeepItAlive/Content/Sprites/Dungeon2/Dungeon_Tileset_Sprite_44.uasset" 452
"../../../../../Users/Admin/Documents/Repos/Keep It Alive/KeepItAlive/Content/Sprites/Dungeon2/Dungeon_Tileset_Sprite_45.uasset" 453
"../../../../../Users/Admin/Documents/Repos/Keep It Alive/KeepItAlive/Content/Sprites/Dungeon2/Dungeon_Tileset_Sprite_46.uasset" 454
"../../../../../Users/Admin/Documents/Repos/Keep It Alive/KeepItAlive/Content/Sprites/Dungeon2/Dungeon_Tileset_Sprite_47.uasset" 455
"../../../../../Users/Admin/Documents/Repos/Keep It Alive/KeepItAlive/Content/Sprites/Dungeon2/Dungeon_Tileset_Sprite_48.uasset" 456
"../../../../../Users/Admin/Documents/Repos/Keep It Alive/KeepItAlive/Content/Sprites/Dungeon2/Dungeon_Tileset_Sprite_49.uasset" 457
"../../../../../Users/Admin/Documents/Repos/Keep It Alive/KeepItAlive/Content/Sprites/Dungeon2/Dungeon_Tileset_Sprite_5.uasset" 458
"../../../../../Users/Admin/Documents/Repos/Keep It Alive/KeepItAlive/Content/Sprites/Dungeon2/Dungeon_Tileset_Sprite_50.uasset" 459
"../../../../../Users/Admin/Documents/Repos/Keep It Alive/KeepItAlive/Content/Sprites/Dungeon2/Dungeon_Tileset_Sprite_51.uasset" 460
"../../../../../Users/Admin/Documents/Repos/Keep It Alive/KeepItAlive/Content/Sprites/Dungeon2/Dungeon_Tileset_Sprite_52.uasset" 461
"../../../../../Users/Admin/Documents/Repos/Keep It Alive/KeepItAlive/Content/Sprites/Dungeon2/Dungeon_Tileset_Sprite_53.uasset" 462
"../../../../../Users/Admin/Documents/Repos/Keep It Alive/KeepItAlive/Content/Sprites/Dungeon2/Dungeon_Tileset_Sprite_54.uasset" 463
"../../../../../Users/Admin/Documents/Repos/Keep It Alive/KeepItAlive/Content/Sprites/Dungeon2/Dungeon_Tileset_Sprite_55.uasset" 464
"../../../../../Users/Admin/Documents/Repos/Keep It Alive/KeepItAlive/Content/Sprites/Dungeon2/Dungeon_Tileset_Sprite_56.uasset" 465
"../../../../../Users/Admin/Documents/Repos/Keep It Alive/KeepItAlive/Content/Sprites/Dungeon2/Dungeon_Tileset_Sprite_57.uasset" 466
"../../../../../Users/Admin/Documents/Repos/Keep It Alive/KeepItAlive/Content/Sprites/Dungeon2/Dungeon_Tileset_Sprite_58.uasset" 467
"../../../../../Users/Admin/Documents/Repos/Keep It Alive/KeepItAlive/Content/Sprites/Dungeon2/Dungeon_Tileset_Sprite_59.uasset" 468
"../../../../../Users/Admin/Documents/Repos/Keep It Alive/KeepItAlive/Content/Sprites/Dungeon2/Dungeon_Tileset_Sprite_6.uasset" 469
"../../../../../Users/Admin/Documents/Repos/Keep It Alive/KeepItAlive/Content/Sprites/Dungeon2/Dungeon_Tileset_Sprite_60.uasset" 470
"../../../../../Users/Admin/Documents/Repos/Keep It Alive/KeepItAlive/Content/Sprites/Dungeon2/Dungeon_Tileset_Sprite_61.uasset" 471
"../../../../../Users/Admin/Documents/Repos/Keep It Alive/KeepItAlive/Content/Sprites/Dungeon2/Dungeon_Tileset_Sprite_62.uasset" 472
"../../../../../Users/Admin/Documents/Repos/Keep It Alive/KeepItAlive/Content/Sprites/Dungeon2/Dungeon_Tileset_Sprite_63.uasset" 473
"../../../../../Users/Admin/Documents/Repos/Keep It Alive/KeepItAlive/Content/Sprites/Dungeon2/Dungeon_Tileset_Sprite_64.uasset" 474
"../../../../../Users/Admin/Documents/Repos/Keep It Alive/KeepItAlive/Content/Sprites/Dungeon2/Dungeon_Tileset_Sprite_65.uasset" 475
"../../../../../Users/Admin/Documents/Repos/Keep It Alive/KeepItAlive/Content/Sprites/Dungeon2/Dungeon_Tileset_Sprite_66.uasset" 476
"../../../../../Users/Admin/Documents/Repos/Keep It Alive/KeepItAlive/Content/Sprites/Dungeon2/Dungeon_Tileset_Sprite_67.uasset" 477
"../../../../../Users/Admin/Documents/Repos/Keep It Alive/KeepItAlive/Content/Sprites/Dungeon2/Dungeon_Tileset_Sprite_68.uasset" 478
"../../../../../Users/Admin/Documents/Repos/Keep It Alive/KeepItAlive/Content/Sprites/Dungeon2/Dungeon_Tileset_Sprite_69.uasset" 479
"../../../../../Users/Admin/Documents/Repos/Keep It Alive/KeepItAlive/Content/Sprites/Dungeon2/Dungeon_Tileset_Sprite_7.uasset" 480
"../../../../../Users/Admin/Documents/Repos/Keep It Alive/KeepItAlive/Content/Sprites/Dungeon2/Dungeon_Tileset_Sprite_70.uasset" 481
"../../../../../Users/Admin/Documents/Repos/Keep It Alive/KeepItAlive/Content/Sprites/Dungeon2/Dungeon_Tileset_Sprite_71.uasset" 482
"../../../../../Users/Admin/Documents/Repos/Keep It Alive/KeepItAlive/Content/Sprites/Dungeon2/Dungeon_Tileset_Sprite_72.uasset" 483
"../../../../../Users/Admin/Documents/Repos/Keep It Alive/KeepItAlive/Content/Sprites/Dungeon2/Dungeon_Tileset_Sprite_73.uasset" 484
"../../../../../Users/Admin/Documents/Repos/Keep It Alive/KeepItAlive/Content/Sprites/Dungeon2/Dungeon_Tileset_Sprite_74.uasset" 485
"../../../../../Users/Admin/Documents/Repos/Keep It Alive/KeepItAlive/Content/Sprites/Dungeon2/Dungeon_Tileset_Sprite_75.uasset" 486
"../../../../../Users/Admin/Documents/Repos/Keep It Alive/KeepItAlive/Content/Sprites/Dungeon2/Dungeon_Tileset_Sprite_76.uasset" 487
"../../../../../Users/Admin/Documents/Repos/Keep It Alive/KeepItAlive/Content/Sprites/Dungeon2/Dungeon_Tileset_Sprite_77.uasset" 488
"../../../../../Users/Admin/Documents/Repos/Keep It Alive/KeepItAlive/Content/Sprites/Dungeon2/Dungeon_Tileset_Sprite_78.uasset" 489
"../../../../../Users/Admin/Documents/Repos/Keep It Alive/KeepItAlive/Content/Sprites/Dungeon2/Dungeon_Tileset_Sprite_79.uasset" 490
"../../../../../Users/Admin/Documents/Repos/Keep It Alive/KeepItAlive/Content/Sprites/Dungeon2/Dungeon_Tileset_Sprite_8.uasset" 491
"../../../../../Users/Admin/Documents/Repos/Keep It Alive/KeepItAlive/Content/Sprites/Dungeon2/Dungeon_Tileset_Sprite_80.uasset" 492
"../../../../../Users/Admin/Documents/Repos/Keep It Alive/KeepItAlive/Content/Sprites/Dungeon2/Dungeon_Tileset_Sprite_81.uasset" 493
"../../../../../Users/Admin/Documents/Repos/Keep It Alive/KeepItAlive/Content/Sprites/Dungeon2/Dungeon_Tileset_Sprite_82.uasset" 494
"../../../../../Users/Admin/Documents/Repos/Keep It Alive/KeepItAlive/Content/Sprites/Dungeon2/Dungeon_Tileset_Sprite_83.uasset" 495
"../../../../../Users/Admin/Documents/Repos/Keep It Alive/KeepItAlive/Content/Sprites/Dungeon2/Dungeon_Tileset_Sprite_84.uasset" 496
"../../../../../Users/Admin/Documents/Repos/Keep It Alive/KeepItAlive/Content/Sprites/Dungeon2/Dungeon_Tileset_Sprite_85.uasset" 497
"../../../../../Users/Admin/Documents/Repos/Keep It Alive/KeepItAlive/Content/Sprites/Dungeon2/Dungeon_Tileset_Sprite_86.uasset" 498
"../../../../../Users/Admin/Documents/Repos/Keep It Alive/KeepItAlive/Content/Sprites/Dungeon2/Dungeon_Tileset_Sprite_87.uasset" 499
"../../../../../Users/Admin/Documents/Repos/Keep It Alive/KeepItAlive/Content/Sprites/Dungeon2/Dungeon_Tileset_Sprite_88.uasset" 500
"../../../../../Users/Admin/Documents/Repos/Keep It Alive/KeepItAlive/Content/Sprites/Dungeon2/Dungeon_Tileset_Sprite_89.uasset" 501
"../../../../../Users/Admin/Documents/Repos/Keep It Alive/KeepItAlive/Content/Sprites/Dungeon2/Dungeon_Tileset_Sprite_9.uasset" 502
"../../../../../Users/Admin/Documents/Repos/Keep It Alive/KeepItAlive/Content/Sprites/Dungeon2/Dungeon_Tileset_Sprite_90.uasset" 503
"../../../../../Users/Admin/Documents/Repos/Keep It Alive/KeepItAlive/Content/Sprites/Dungeon2/Dungeon_Tileset_Sprite_91.uasset" 504
"../../../../../Users/Admin/Documents/Repos/Keep It Alive/KeepItAlive/Content/Sprites/Dungeon2/Dungeon_Tileset_Sprite_92.uasset" 505
"../../../../../Users/Admin/Documents/Repos/Keep It Alive/KeepItAlive/Content/Sprites/Dungeon2/Dungeon_Tileset_Sprite_93.uasset" 506
"../../../../../Users/Admin/Documents/Repos/Keep It Alive/KeepItAlive/Content/Sprites/Dungeon2/Dungeon_Tileset_Sprite_94.uasset" 507
"../../../../../Users/Admin/Documents/Repos/Keep It Alive/KeepItAlive/Content/Sprites/Dungeon2/Dungeon_Tileset_Sprite_95.uasset" 508
"../../../../../Users/Admin/Documents/Repos/Keep It Alive/KeepItAlive/Content/Sprites/Dungeon2/Dungeon_Tileset_Sprite_96.uasset" 509
"../../../../../Users/Admin/Documents/Repos/Keep It Alive/KeepItAlive/Content/Sprites/Dungeon2/Dungeon_Tileset_Sprite_97.uasset" 510
"../../../../../Users/Admin/Documents/Repos/Keep It Alive/KeepItAlive/Content/Sprites/Dungeon2/Dungeon_Tileset_Sprite_98.uasset" 511
"../../../../../Users/Admin/Documents/Repos/Keep It Alive/KeepItAlive/Content/Sprites/Dungeon2/Dungeon_Tileset_Sprite_99.uasset" 512
"../../../../../Users/Admin/Documents/Repos/Keep It Alive/KeepItAlive/Content/Sprites/Enemies/Imps/imp_attack_fireball1.uasset" 513
"../../../../../Users/Admin/Documents/Repos/Keep It Alive/KeepItAlive/Content/Sprites/Enemies/Imps/imp_attack_fireball2.uasset" 514
"../../../../../Users/Admin/Documents/Repos/Keep It Alive/KeepItAlive/Content/Sprites/Enemies/Imps/imp_attack_fireball3.uasset" 515
"../../../../../Users/Admin/Documents/Repos/Keep It Alive/KeepItAlive/Content/Sprites/Enemies/Imps/imp_attack_fireball4.uasset" 516
"../../../../../Users/Admin/Documents/Repos/Keep It Alive/KeepItAlive/Content/Sprites/Enemies/Imps/imp_attack_fireball5.uasset" 517
"../../../../../Users/Admin/Documents/Repos/Keep It Alive/KeepItAlive/Content/Sprites/Enemies/Imps/imp_attack_fireball6.uasset" 518
"../../../../../Users/Admin/Documents/Repos/Keep It Alive/KeepItAlive/Content/Sprites/Enemies/Imps/imp_attack_fireball7.uasset" 519
"../../../../../Users/Admin/Documents/Repos/Keep It Alive/KeepItAlive/Content/Sprites/Enemies/Imps/imp_death1.uasset" 520
"../../../../../Users/Admin/Documents/Repos/Keep It Alive/KeepItAlive/Content/Sprites/Enemies/Imps/imp_death2.uasset" 521
"../../../../../Users/Admin/Documents/Repos/Keep It Alive/KeepItAlive/Content/Sprites/Enemies/Imps/imp_death3.uasset" 522
"../../../../../Users/Admin/Documents/Repos/Keep It Alive/KeepItAlive/Content/Sprites/Enemies/Imps/imp_death4.uasset" 523
"../../../../../Users/Admin/Documents/Repos/Keep It Alive/KeepItAlive/Content/Sprites/Enemies/Imps/imp_death5.uasset" 524
"../../../../../Users/Admin/Documents/Repos/Keep It Alive/KeepItAlive/Content/Sprites/Enemies/Imps/imp_death6.uasset" 525
"../../../../../Users/Admin/Documents/Repos/Keep It Alive/KeepItAlive/Content/Sprites/Enemies/Imps/imp_idle1.uasset" 526
"../../../../../Users/Admin/Documents/Repos/Keep It Alive/KeepItAlive/Content/Sprites/Enemies/Imps/imp_idle2.uasset" 527
"../../../../../Users/Admin/Documents/Repos/Keep It Alive/KeepItAlive/Content/Sprites/Enemies/Imps/imp_idle3.uasset" 528
"../../../../../Users/Admin/Documents/Repos/Keep It Alive/KeepItAlive/Content/Sprites/Enemies/Imps/imp_idle4.uasset" 529
"../../../../../Users/Admin/Documents/Repos/Keep It Alive/KeepItAlive/Content/Sprites/Enemies/Imps/imp_idle5.uasset" 530
"../../../../../Users/Admin/Documents/Repos/Keep It Alive/KeepItAlive/Content/Sprites/Enemies/Imps/imp_idle6.uasset" 531
"../../../../../Users/Admin/Documents/Repos/Keep It Alive/KeepItAlive/Content/Sprites/Enemies/Imps/imp_idle7.uasset" 532
"../../../../../Users/Admin/Documents/Repos/Keep It Alive/KeepItAlive/Content/Sprites/Enemies/Imps/imp_move1.uasset" 533
"../../../../../Users/Admin/Documents/Repos/Keep It Alive/KeepItAlive/Content/Sprites/Enemies/Imps/imp_move2.uasset" 534
"../../../../../Users/Admin/Documents/Repos/Keep It Alive/KeepItAlive/Content/Sprites/Enemies/Imps/imp_move3.uasset" 535
"../../../../../Users/Admin/Documents/Repos/Keep It Alive/KeepItAlive/Content/Sprites/Enemies/Imps/imp_move4.uasset" 536
"../../../../../Users/Admin/Documents/Repos/Keep It Alive/KeepItAlive/Content/Sprites/Enemies/Imps/imp_move5.uasset" 537
"../../../../../Users/Admin/Documents/Repos/Keep It Alive/KeepItAlive/Content/Sprites/Enemies/Imps/imp_move6.uasset" 538
"../../../../../Users/Admin/Documents/Repos/Keep It Alive/KeepItAlive/Content/Sprites/Enemies/Imps/imp_move7.uasset" 539
"../../../../../Users/Admin/Documents/Repos/Keep It Alive/KeepItAlive/Content/Sprites/Enemies/Imps/imp_move8.uasset" 540
"../../../../../Users/Admin/Documents/Repos/Keep It Alive/KeepItAlive/Content/Sprites/Enemies/Witch/Witch_Sprite_Sheet.uasset" 541
"../../../../../Users/Admin/Documents/Repos/Keep It Alive/KeepItAlive/Content/Sprites/Enemies/Witch/Witch_Sprite_Sheet_Sprite_10.uasset" 542
"../../../../../Users/Admin/Documents/Repos/Keep It Alive/KeepItAlive/Content/Sprites/Enemies/Witch/Witch_Sprite_Sheet_Sprite_11.uasset" 543
"../../../../../Users/Admin/Documents/Repos/Keep It Alive/KeepItAlive/Content/Sprites/Enemies/Witch/Witch_Sprite_Sheet_Sprite_12.uasset" 544
"../../../../../Users/Admin/Documents/Repos/Keep It Alive/KeepItAlive/Content/Sprites/Enemies/Witch/Witch_Sprite_Sheet_Sprite_13.uasset" 545
"../../../../../Users/Admin/Documents/Repos/Keep It Alive/KeepItAlive/Content/Sprites/Enemies/Witch/Witch_Sprite_Sheet_Sprite_14.uasset" 546
"../../../../../Users/Admin/Documents/Repos/Keep It Alive/KeepItAlive/Content/Sprites/Enemies/Witch/Witch_Sprite_Sheet_Sprite_15.uasset" 547
"../../../../../Users/Admin/Documents/Repos/Keep It Alive/KeepItAlive/Content/Sprites/Enemies/Witch/Witch_Sprite_Sheet_Sprite_16.uasset" 548
"../../../../../Users/Admin/Documents/Repos/Keep It Alive/KeepItAlive/Content/Sprites/Enemies/Witch/Witch_Sprite_Sheet_Sprite_17.uasset" 549
"../../../../../Users/Admin/Documents/Repos/Keep It Alive/KeepItAlive/Content/Sprites/Enemies/Witch/Witch_Sprite_Sheet_Sprite_18.uasset" 550
"../../../../../Users/Admin/Documents/Repos/Keep It Alive/KeepItAlive/Content/Sprites/Enemies/Witch/Witch_Sprite_Sheet_Sprite_28.uasset" 551
"../../../../../Users/Admin/Documents/Repos/Keep It Alive/KeepItAlive/Content/Sprites/Enemies/Witch/Witch_Sprite_Sheet_Sprite_30.uasset" 552
"../../../../../Users/Admin/Documents/Repos/Keep It Alive/KeepItAlive/Content/Sprites/Enemies/Witch/Witch_Sprite_Sheet_Sprite_31.uasset" 553
"../../../../../Users/Admin/Documents/Repos/Keep It Alive/KeepItAlive/Content/Sprites/Enemies/Witch/Witch_Sprite_Sheet_Sprite_32.uasset" 554
"../../../../../Users/Admin/Documents/Repos/Keep It Alive/KeepItAlive/Content/Sprites/Enemies/Witch/Witch_Sprite_Sheet_Sprite_33.uasset" 555
"../../../../../Users/Admin/Documents/Repos/Keep It Alive/KeepItAlive/Content/Sprites/Enemies/Witch/Witch_Sprite_Sheet_Sprite_39.uasset" 556
"../../../../../Users/Admin/Documents/Repos/Keep It Alive/KeepItAlive/Content/Sprites/Enemies/Witch/Witch_Sprite_Sheet_Sprite_9.uasset" 557
"../../../../../Users/Admin/Documents/Repos/Keep It Alive/KeepItAlive/Content/Sprites/MainCharacter/FirstAttack/head_attack1.uasset" 558
"../../../../../Users/Admin/Documents/Repos/Keep It Alive/KeepItAlive/Content/Sprites/MainCharacter/FirstAttack/head_attack2.uasset" 559
"../../../../../Users/Admin/Documents/Repos/Keep It Alive/KeepItAlive/Content/Sprites/MainCharacter/FirstAttack/head_attack3.uasset" 560
"../../../../../Users/Admin/Documents/Repos/Keep It Alive/KeepItAlive/Content/Sprites/MainCharacter/FirstAttack/head_attack4.uasset" 561
"../../../../../Users/Admin/Documents/Repos/Keep It Alive/KeepItAlive/Content/Sprites/MainCharacter/FirstAttack/head_attack5.uasset" 562
"../../../../../Users/Admin/Documents/Repos/Keep It Alive/KeepItAlive/Content/Sprites/MainCharacter/FirstAttack/head_attack6.uasset" 563
"../../../../../Users/Admin/Documents/Repos/Keep It Alive/KeepItAlive/Content/Sprites/MainCharacter/FirstAttack/head_attack7.uasset" 564
"../../../../../Users/Admin/Documents/Repos/Keep It Alive/KeepItAlive/Content/Sprites/MainCharacter/FirstAttack/head_attack8.uasset" 565
"../../../../../Users/Admin/Documents/Repos/Keep It Alive/KeepItAlive/Content/Sprites/MainCharacter/MoveBackward/move_b1.uasset" 566
"../../../../../Users/Admin/Documents/Repos/Keep It Alive/KeepItAlive/Content/Sprites/MainCharacter/MoveBackward/move_b2.uasset" 567
"../../../../../Users/Admin/Documents/Repos/Keep It Alive/KeepItAlive/Content/Sprites/MainCharacter/MoveBackward/move_b3.uasset" 568
"../../../../../Users/Admin/Documents/Repos/Keep It Alive/KeepItAlive/Content/Sprites/MainCharacter/MoveBackward/move_b4.uasset" 569
"../../../../../Users/Admin/Documents/Repos/Keep It Alive/KeepItAlive/Content/Sprites/MainCharacter/MoveForward/move_f1.uasset" 570
"../../../../../Users/Admin/Documents/Repos/Keep It Alive/KeepItAlive/Content/Sprites/MainCharacter/MoveForward/move_f2.uasset" 571
"../../../../../Users/Admin/Documents/Repos/Keep It Alive/KeepItAlive/Content/Sprites/MainCharacter/MoveForward/move_f3.uasset" 572
"../../../../../Users/Admin/Documents/Repos/Keep It Alive/KeepItAlive/Content/Sprites/MainCharacter/MoveForward/move_f4.uasset" 573
"../../../../../Users/Admin/Documents/Repos/Keep It Alive/KeepItAlive/Content/Sprites/MainCharacter/MoveRight/run1.uasset" 574
"../../../../../Users/Admin/Documents/Repos/Keep It Alive/KeepItAlive/Content/Sprites/MainCharacter/MoveRight/run2.uasset" 575
"../../../../../Users/Admin/Documents/Repos/Keep It Alive/KeepItAlive/Content/Sprites/MainCharacter/MoveRight/run3.uasset" 576
"../../../../../Users/Admin/Documents/Repos/Keep It Alive/KeepItAlive/Content/Sprites/MainCharacter/MoveRight/run4.uasset" 577
"../../../../../Users/Admin/Documents/Repos/Keep It Alive/KeepItAlive/Content/Sprites/MainCharacter/MoveRight/run5.uasset" 578
"../../../../../Users/Admin/Documents/Repos/Keep It Alive/KeepItAlive/Content/Sprites/MainCharacter/MoveRight/run6.uasset" 579
"../../../../../Users/Admin/Documents/Repos/Keep It Alive/KeepItAlive/Content/Sprites/MainCharacter/SecondAttack/mag_eues_attack1.uasset" 580
"../../../../../Users/Admin/Documents/Repos/Keep It Alive/KeepItAlive/Content/Sprites/MainCharacter/SecondAttack/mag_eues_attack10.uasset" 581
"../../../../../Users/Admin/Documents/Repos/Keep It Alive/KeepItAlive/Content/Sprites/MainCharacter/SecondAttack/mag_eues_attack11.uasset" 582
"../../../../../Users/Admin/Documents/Repos/Keep It Alive/KeepItAlive/Content/Sprites/MainCharacter/SecondAttack/mag_eues_attack12.uasset" 583
"../../../../../Users/Admin/Documents/Repos/Keep It Alive/KeepItAlive/Content/Sprites/MainCharacter/SecondAttack/mag_eues_attack13.uasset" 584
"../../../../../Users/Admin/Documents/Repos/Keep It Alive/KeepItAlive/Content/Sprites/MainCharacter/SecondAttack/mag_eues_attack2.uasset" 585
"../../../../../Users/Admin/Documents/Repos/Keep It Alive/KeepItAlive/Content/Sprites/MainCharacter/SecondAttack/mag_eues_attack3.uasset" 586
"../../../../../Users/Admin/Documents/Repos/Keep It Alive/KeepItAlive/Content/Sprites/MainCharacter/SecondAttack/mag_eues_attack4.uasset" 587
"../../../../../Users/Admin/Documents/Repos/Keep It Alive/KeepItAlive/Content/Sprites/MainCharacter/SecondAttack/mag_eues_attack5.uasset" 588
"../../../../../Users/Admin/Documents/Repos/Keep It Alive/KeepItAlive/Content/Sprites/MainCharacter/SecondAttack/mag_eues_attack6.uasset" 589
"../../../../../Users/Admin/Documents/Repos/Keep It Alive/KeepItAlive/Content/Sprites/MainCharacter/SecondAttack/mag_eues_attack7.uasset" 590
"../../../../../Users/Admin/Documents/Repos/Keep It Alive/KeepItAlive/Content/Sprites/MainCharacter/SecondAttack/mag_eues_attack8.uasset" 591
"../../../../../Users/Admin/Documents/Repos/Keep It Alive/KeepItAlive/Content/Sprites/MainCharacter/SecondAttack/mag_eues_attack9.uasset" 592
"../../../../../Users/Admin/Documents/Repos/Keep It Alive/KeepItAlive/Content/Sprites/MainCharacter/SecondAttack/mag_eues_attack10_Sprite.uasset" 593
"../../../../../Users/Admin/Documents/Repos/Keep It Alive/KeepItAlive/Content/Sprites/MainCharacter/SecondAttack/mag_eues_attack11_Sprite.uasset" 594
"../../../../../Users/Admin/Documents/Repos/Keep It Alive/KeepItAlive/Content/Sprites/MainCharacter/SecondAttack/mag_eues_attack12_Sprite.uasset" 595
"../../../../../Users/Admin/Documents/Repos/Keep It Alive/KeepItAlive/Content/Sprites/MainCharacter/SecondAttack/mag_eues_attack13_Sprite.uasset" 596
"../../../../../Users/Admin/Documents/Repos/Keep It Alive/KeepItAlive/Content/Sprites/MainCharacter/SecondAttack/mag_eues_attack1_Sprite.uasset" 597
"../../../../../Users/Admin/Documents/Repos/Keep It Alive/KeepItAlive/Content/Sprites/MainCharacter/SecondAttack/mag_eues_attack2_Sprite.uasset" 598
"../../../../../Users/Admin/Documents/Repos/Keep It Alive/KeepItAlive/Content/Sprites/MainCharacter/SecondAttack/mag_eues_attack3_Sprite.uasset" 599
"../../../../../Users/Admin/Documents/Repos/Keep It Alive/KeepItAlive/Content/Sprites/MainCharacter/SecondAttack/mag_eues_attack4_Sprite.uasset" 600
"../../../../../Users/Admin/Documents/Repos/Keep It Alive/KeepItAlive/Content/Sprites/MainCharacter/SecondAttack/mag_eues_attack5_Sprite.uasset" 601
"../../../../../Users/Admin/Documents/Repos/Keep It Alive/KeepItAlive/Content/Sprites/MainCharacter/SecondAttack/mag_eues_attack6_Sprite.uasset" 602
"../../../../../Users/Admin/Documents/Repos/Keep It Alive/KeepItAlive/Content/Sprites/MainCharacter/SecondAttack/mag_eues_attack7_Sprite.uasset" 603
"../../../../../Users/Admin/Documents/Repos/Keep It Alive/KeepItAlive/Content/Sprites/MainCharacter/SecondAttack/mag_eues_attack8_Sprite.uasset" 604
"../../../../../Users/Admin/Documents/Repos/Keep It Alive/KeepItAlive/Content/Sprites/MainCharacter/SecondAttack/mag_eues_attack9_Sprite.uasset" 605
"../../../../../Users/Admin/Documents/Repos/Keep It Alive/KeepItAlive/Content/Sprites/MainCharacter/SecondAttack/Second_attack.uasset" 606
"../../../../../Users/Admin/Documents/Repos/Keep It Alive/KeepItAlive/Content/Sprites/Workers/idle1.uasset" 607
"../../../../../Users/Admin/Documents/Repos/Keep It Alive/KeepItAlive/Content/Sprites/Workers/idle10.uasset" 608
"../../../../../Users/Admin/Documents/Repos/Keep It Alive/KeepItAlive/Content/Sprites/Workers/idle2.uasset" 609
"../../../../../Users/Admin/Documents/Repos/Keep It Alive/KeepItAlive/Content/Sprites/Workers/idle3.uasset" 610
"../../../../../Users/Admin/Documents/Repos/Keep It Alive/KeepItAlive/Content/Sprites/Workers/idle4.uasset" 611
"../../../../../Users/Admin/Documents/Repos/Keep It Alive/KeepItAlive/Content/Sprites/Workers/idle5.uasset" 612
"../../../../../Users/Admin/Documents/Repos/Keep It Alive/KeepItAlive/Content/Sprites/Workers/idle6.uasset" 613
"../../../../../Users/Admin/Documents/Repos/Keep It Alive/KeepItAlive/Content/Sprites/Workers/idle7.uasset" 614
"../../../../../Users/Admin/Documents/Repos/Keep It Alive/KeepItAlive/Content/Sprites/Workers/idle8.uasset" 615
"../../../../../Users/Admin/Documents/Repos/Keep It Alive/KeepItAlive/Content/Sprites/Workers/idle9.uasset" 616
"../../../../../Users/Admin/Documents/Repos/Keep It Alive/KeepItAlive/Content/Sprites/Workers/miner_death1.uasset" 617
"../../../../../Users/Admin/Documents/Repos/Keep It Alive/KeepItAlive/Content/Sprites/Workers/miner_death10.uasset" 618
"../../../../../Users/Admin/Documents/Repos/Keep It Alive/KeepItAlive/Content/Sprites/Workers/miner_death11.uasset" 619
"../../../../../Users/Admin/Documents/Repos/Keep It Alive/KeepItAlive/Content/Sprites/Workers/miner_death12.uasset" 620
"../../../../../Users/Admin/Documents/Repos/Keep It Alive/KeepItAlive/Content/Sprites/Workers/miner_death13.uasset" 621
"../../../../../Users/Admin/Documents/Repos/Keep It Alive/KeepItAlive/Content/Sprites/Workers/miner_death2.uasset" 622
"../../../../../Users/Admin/Documents/Repos/Keep It Alive/KeepItAlive/Content/Sprites/Workers/miner_death3.uasset" 623
"../../../../../Users/Admin/Documents/Repos/Keep It Alive/KeepItAlive/Content/Sprites/Workers/miner_death4.uasset" 624
"../../../../../Users/Admin/Documents/Repos/Keep It Alive/KeepItAlive/Content/Sprites/Workers/miner_death5.uasset" 625
"../../../../../Users/Admin/Documents/Repos/Keep It Alive/KeepItAlive/Content/Sprites/Workers/miner_death6.uasset" 626
"../../../../../Users/Admin/Documents/Repos/Keep It Alive/KeepItAlive/Content/Sprites/Workers/miner_death7.uasset" 627
"../../../../../Users/Admin/Documents/Repos/Keep It Alive/KeepItAlive/Content/Sprites/Workers/miner_death8.uasset" 628
"../../../../../Users/Admin/Documents/Repos/Keep It Alive/KeepItAlive/Content/Sprites/Workers/miner_death9.uasset" 629
"../../../../../Users/Admin/Documents/Repos/Keep It Alive/KeepItAlive/Content/Sprites/Workers/miner_work1.uasset" 630
"../../../../../Users/Admin/Documents/Repos/Keep It Alive/KeepItAlive/Content/Sprites/Workers/miner_work2.uasset" 631
"../../../../../Users/Admin/Documents/Repos/Keep It Alive/KeepItAlive/Content/Sprites/Workers/miner_work3.uasset" 632
"../../../../../Users/Admin/Documents/Repos/Keep It Alive/KeepItAlive/Content/Sprites/Workers/miner_work4.uasset" 633
"../../../../../Users/Admin/Documents/Repos/Keep It Alive/KeepItAlive/Content/Sprites/Workers/miner_work5.uasset" 634
"../../../../../Users/Admin/Documents/Repos/Keep It Alive/KeepItAlive/Content/Sprites/Workers/miner_work6.uasset" 635
"../../../../../Users/Admin/Documents/Repos/Keep It Alive/KeepItAlive/Content/Sprites/Workers/miner_work7.uasset" 636
"../../../../../Users/Admin/Documents/Repos/Keep It Alive/KeepItAlive/Content/Sprites/Workers/miner_work8.uasset" 637
"../../../../../Users/Admin/Documents/Repos/Keep It Alive/KeepItAlive/Content/Sprites/Workers/move_forward1.uasset" 638
"../../../../../Users/Admin/Documents/Repos/Keep It Alive/KeepItAlive/Content/Sprites/Workers/move_forward2.uasset" 639
"../../../../../Users/Admin/Documents/Repos/Keep It Alive/KeepItAlive/Content/Sprites/Workers/move_forward3.uasset" 640
"../../../../../Users/Admin/Documents/Repos/Keep It Alive/KeepItAlive/Content/Sprites/Workers/move_forward4.uasset" 641
"../../../../../Users/Admin/Documents/Repos/Keep It Alive/KeepItAlive/Content/Sprites/Workers/move_forward5.uasset" 642
"../../../../../Users/Admin/Documents/Repos/Keep It Alive/KeepItAlive/Content/Sprites/Workers/move_forward6.uasset" 643
"../../../../../Users/Admin/Documents/Repos/Keep It Alive/KeepItAlive/Content/Sprites/Workers/move_forward7.uasset" 644
"../../../../../Users/Admin/Documents/Repos/Keep It Alive/KeepItAlive/Content/Sprites/Workers/move_forward8.uasset" 645
"../../../../../Users/Admin/Documents/Repos/Keep It Alive/KeepItAlive/Content/Sprites/Workers/move_forward9.uasset" 646
"../../../Engine/Content/Animation/DefaultAnimCurveCompressionSettings.uasset" 647
"../../../Engine/Content/Functions/Engine_MaterialFunctions01/Opacity/CameraDepthFade.uasset" 648
"../../../Engine/Content/EngineMaterials/T_Default_Material_Grid_M.uasset" 649
"../../../Engine/Content/EngineMaterials/T_Default_Material_Grid_N.uasset" 650
"../../../Engine/Content/EngineMaterials/WorldGridMaterial.uasset" 651
"../../../Engine/Content/ArtTools/RenderToTexture/Meshes/S_1_Unit_Plane.uasset" 652
"../../../Engine/Content/EngineMaterials/DefaultMaterial.uasset" 653
"../../../Engine/Content/BasicShapes/Cone.uasset" 654
"../../../Engine/Content/BasicShapes/Cube.uasset" 655
"../../../Engine/Content/BasicShapes/Cylinder.uasset" 656
"../../../Engine/Content/BasicShapes/Plane.uasset" 657
"../../../Engine/Content/BasicShapes/Sphere.uasset" 658
"../../../Engine/Content/EditorLandscapeResources/DataLayer.uasset" 659
"../../../Engine/Content/EditorMaterials/MAT_Groups_Toggle.uasset" 660
"../../../Engine/Content/EditorMaterials/MAT_Groups_Visibility.uasset" 661
"../../../Engine/Content/EditorMaterials/PreviewShadowIndicator.uasset" 662
"../../../Engine/Content/EditorMaterials/PreviewShadowIndicatorMaterial.uasset" 663
"../../../Engine/Content/EditorMaterials/MatineeGroups/MAT_ColorTrack.uasset" 664
"../../../Engine/Content/EditorMaterials/MatineeGroups/MAT_Groups_Anim.uasset" 665
"../../../Engine/Content/EditorMaterials/MatineeGroups/MAT_Groups_AudioMaster.uasset" 666
"../../../Engine/Content/EditorMaterials/MatineeGroups/MAT_Groups_Director.uasset" 667
"../../../Engine/Content/EditorMaterials/MatineeGroups/MAT_Groups_Event.uasset" 668
"../../../Engine/Content/EditorMaterials/MatineeGroups/MAT_Groups_Fade.uasset" 669
"../../../Engine/Content/EditorMaterials/MatineeGroups/MAT_Groups_Float.uasset" 670
"../../../Engine/Content/EditorMaterials/MatineeGroups/MAT_Groups_Move.uasset" 671
"../../../Engine/Content/EditorMaterials/MatineeGroups/MAT_Groups_Slomo.uasset" 672
"../../../Engine/Content/EditorMaterials/MatineeGroups/MAT_Groups_Sound.uasset" 673
"../../../Engine/Content/EditorMaterials/MatineeGroups/MAT_Groups_Vector.uasset" 674
"../../../Engine/Content/EditorMaterials/ParticleSystems/PSysThumbnail_NoImage.uasset" 675
"../../../Engine/Content/EditorMaterials/ParticleSystems/PSysThumbnail_OOD.uasset" 676
"../../../Engine/Content/EditorMaterials/Camera/CineMat.uasset" 677
"../../../Engine/Content/EditorMaterials/Camera/MI_CineMat_Rig.uasset" 678
"../../../Engine/Content/EditorMeshes/Camera/SM_CraneRig_Arm.uasset" 679
"../../../Engine/Content/EditorMeshes/Camera/SM_CraneRig_Base.uasset" 680
"../../../Engine/Content/EditorMeshes/Camera/SM_CraneRig_Body.uasset" 681
"../../../Engine/Content/EditorMeshes/Camera/SM_CraneRig_Mount.uasset" 682
"../../../Engine/Content/EditorMeshes/Camera/SM_RailRig_Mount.uasset" 683
"../../../Engine/Content/EditorMeshes/Camera/SM_RailRig_Track.uasset" 684
"../../../Engine/Content/EditorResources/BSPVertex.uasset" 685
"../../../Engine/Content/EditorResources/S_Actor.uasset" 686
"../../../Engine/Content/EditorResources/S_Note.uasset" 687
"../../../Engine/Content/EditorResources/S_Solver.uasset" 688
"../../../Engine/Content/EditorResources/S_Trigger.uasset" 689
"../../../Engine/Content/EditorResources/SequenceRecorder/Countdown.uasset" 690
"../../../Engine/Content/EditorResources/SequenceRecorder/RecordingIndicator.uasset" 691
"../../../Engine/Content/EditorSounds/Notifications/CompileFailed.uasset" 692
"../../../Engine/Content/EditorSounds/Notifications/CompileFailed_Cue.uasset" 693
"../../../Engine/Content/EditorSounds/Notifications/CompileSuccess.uasset" 694
"../../../Engine/Content/EditorSounds/Notifications/CompileStart_Cue.uasset" 695
"../../../Engine/Content/EditorSounds/Notifications/CompileSuccess_Cue.uasset" 696
"../../../Engine/Content/EngineDamageTypes/DmgTypeBP_Environmental.uasset" 697
"../../../Engine/Content/EngineDebugMaterials/DebugEditorMaterial.uasset" 698
"../../../Engine/Content/EngineDebugMaterials/DebugMeshMaterial.uasset" 699
"../../../Engine/Content/EngineDebugMaterials/M_SimpleTranslucent.uasset" 700
"../../../Engine/Content/Functions/Engine_MaterialFunctions02/Utility/CameraDirectionVector.uasset" 701
"../../../Engine/Content/EngineDebugMaterials/VolumeToRender.uasset" 702
"../../../Engine/Content/EngineDebugMaterials/M_VolumeRenderSphereTracePP.uasset" 703
"../../../Engine/Content/EngineDebugMaterials/WireframeMaterial.uasset" 704
"../../../Engine/Content/EngineFonts/Faces/DroidSansFallback.uasset" 705
"../../../Engine/Content/EngineFonts/Faces/RobotoBold.uasset" 706
"../../../Engine/Content/EngineFonts/Faces/RobotoBoldItalic.uasset" 707
"../../../Engine/Content/EngineFonts/Faces/RobotoItalic.uasset" 708
"../../../Engine/Content/EngineFonts/Faces/RobotoLight.uasset" 709
"../../../Engine/Content/EngineFonts/Faces/RobotoRegular.uasset" 710
"../../../Engine/Content/EngineFonts/Roboto.uasset" 711
"../../../Engine/Content/EngineMaterials/BaseFlattenDiffuseMap.uasset" 712
"../../../Engine/Content/EngineMaterials/BaseFlattenEmissiveMap.uasset" 713
"../../../Engine/Content/EngineMaterials/BaseFlattenGrayscaleMap.uasset" 714
"../../../Engine/Content/EngineMaterials/BaseFlattenNormalMap.uasset" 715
"../../../Engine/Content/EngineMaterials/BaseFlattenMaterial.uasset" 716
"../../../Engine/Content/EngineMaterials/BlueNoise.uasset" 717
"../../../Engine/Content/EngineMaterials/DefaultBloomKernel.uasset" 718
"../../../Engine/Content/EngineMaterials/DefaultBokeh.uasset" 719
"../../../Engine/Content/EngineMaterials/DefaultDiffuse.uasset" 720
"../../../Engine/Content/EngineMaterials/DefaultDeferredDecalMaterial.uasset" 721
"../../../Engine/Content/EngineMaterials/DefaultLightFunctionMaterial.uasset" 722
"../../../Engine/Content/EngineMaterials/DefaultPhysicalMaterial.uasset" 723
"../../../Engine/Content/Functions/Engine_MaterialFunctions02/Utility/BreakOutFloat2Components.uasset" 724
"../../../Engine/Content/EngineMaterials/DefaultPostProcessMaterial.uasset" 725
"../../../Engine/Content/EngineFonts/RobotoDistanceField.uasset" 726
"../../../Engine/Content/EngineMaterials/DefaultTextMaterialOpaque.uasset" 727
"../../../Engine/Content/EngineMaterials/DefaultVirtualTextureMaterial.uasset" 728
"../../../Engine/Content/EngineMaterials/DefaultWhiteGrid.uasset" 729
"../../../Engine/Content/EngineMaterials/DefaultWhiteGrid_Low.uasset" 730
"../../../Engine/Content/EngineMaterials/EmissiveMeshMaterial.uasset" 731
"../../../Engine/Content/EngineMaterials/GizmoMaterial.uasset" 732
"../../../Engine/Content/EngineMaterials/Good64x64TilingNoiseHighFreq.uasset" 733
"../../../Engine/Content/EngineMaterials/HairDefaultMaterial.uasset" 734
"../../../Engine/Content/EngineMaterials/MiniFont.uasset" 735
"../../../Engine/Content/EngineMaterials/InvalidLightmapSettings.uasset" 736
"../../../Engine/Content/EngineMaterials/M_InvalidLightmapSettings.uasset" 737
"../../../Engine/Content/Functions/Engine_MaterialFunctions02/WorldPositionOffset/CameraOffset.uasset" 738
"../../../Engine/Content/EngineMaterials/PhAT_JointLimitMaterial.uasset" 739
"../../../Engine/Content/EngineMaterials/PreintegratedSkinBRDF.uasset" 740
"../../../Engine/Content/EngineMaterials/RemoveSurfaceMaterial.uasset" 741
"../../../Engine/Content/EngineMaterials/WeightMapPlaceholderTexture.uasset" 742
"../../../Engine/Content/EngineResources/WhiteSquareTexture.uasset" 743
"../../../Engine/Content/EngineMaterials/Widget3DPassThrough.uasset" 744
"../../../Engine/Content/EngineMaterials/Widget3DPassThrough_Masked.uasset" 745
"../../../Engine/Content/EngineMaterials/Widget3DPassThrough_Opaque.uasset" 746
"../../../Engine/Content/EngineMaterials/Widget3DPassThrough_Masked_OneSided.uasset" 747
"../../../Engine/Content/EngineMaterials/Widget3DPassThrough_Opaque_OneSided.uasset" 748
"../../../Engine/Content/EngineMaterials/Widget3DPassThrough_Translucent.uasset" 749
"../../../Engine/Content/EngineMaterials/Widget3DPassThrough_Translucent_OneSided.uasset" 750
"../../../Engine/Content/EngineMeshes/Cylinder.uasset" 751
"../../../Engine/Content/EngineMeshes/Sphere.uasset" 752
"../../../Engine/Content/EngineResources/Black.uasset" 753
"../../../Engine/Content/EngineResources/DefaultTexture.uasset" 754
"../../../Engine/Content/EngineResources/DefaultTextureCube.uasset" 755
"../../../Engine/Content/EngineResources/DefaultVolumeTexture2D.uasset" 756
"../../../Engine/Content/EngineResources/DefaultVolumeTexture.uasset" 757
"../../../Engine/Content/EngineResources/GradientTexture0.uasset" 758
"../../../Engine/Content/EngineSounds/Master.uasset" 759
"../../../Engine/Content/Functions/Engine_MaterialFunctions01/Shading/ConvertFromDiffSpec.uasset" 760
"../../../Engine/Content/Functions/Engine_MaterialFunctions01/Shading/PowerToRoughness.uasset" 761
"../../../Engine/Content/Maps/Templates/Thumbnails/Default.uasset" 762
"../../../Engine/Content/Maps/Templates/Thumbnails/TimeOfDay.uasset" 763
"../../../Engine/Content/Maps/Templates/Thumbnails/VR-Basic.uasset" 764
"../../../Engine/Content/MobileResources/T_MobileControls_texture.uasset" 765
"../../../Engine/Content/MobileResources/T_MobileMenu2.uasset" 766
"../../../Engine/Content/MobileResources/HUD/AnalogHat.uasset" 767
"../../../Engine/Content/MobileResources/HUD/VirtualJoystick_Background.uasset" 768
"../../../Engine/Content/MobileResources/HUD/VirtualJoystick_Thumb.uasset" 769
"../../../Engine/Content/MobileResources/HUD/DefaultVirtualJoysticks.uasset" 770
"../../../Engine/Content/MobileResources/HUD/LeftVirtualJoystickOnly.uasset" 771
"../../../Engine/Content/MobileResources/HUD/MobileHUDButton1_off.uasset" 772
"../../../Engine/Content/MobileResources/HUD/MobileHUDButton1_on.uasset" 773
"../../../Engine/Content/MobileResources/HUD/MobileHUDButton2_off.uasset" 774
"../../../Engine/Content/MobileResources/HUD/MobileHUDButton2_on.uasset" 775
"../../../Engine/Content/MobileResources/HUD/MobileHUDButton3.uasset" 776
"../../../Engine/Content/MobileResources/HUD/MobileHUDButtonFire.uasset" 777
"../../../Engine/Content/MobileResources/HUD/MobileHUDDirectionPad.uasset" 778
"../../../Engine/Content/MobileResources/HUD/MobileHUDDirectionPad2.uasset" 779
"../../../Engine/Content/MobileResources/HUD/MobileHUDDirectionPad3.uasset" 780
"../../../Engine/Content/MobileResources/HUD/MobileHUDDirectionStick.uasset" 781
"../../../Engine/Content/MobileResources/HUD/T_Castle_ThumbstickInner.uasset" 782
"../../../Engine/Content/MobileResources/HUD/T_Castle_ThumbstickOutter.uasset" 783
"../../../Engine/Content/Tutorial/ContentIntroCurve.uasset" 784
"../../../Engine/Content/Tutorial/Basics/LevelEditorAttract.uasset" 785
"../../../Engine/Content/VREditor/LaserPointer/VR_LaserPower_01.uasset" 786
"../../../Engine/Content/VREditor/TransformGizmo/TransformGizmoMaterial.uasset" 787
"../../../Engine/Content/VREditor/TransformGizmo/TranslucentTransformGizmoMaterial.uasset" 788
"../../../Engine/Content/VREditor/TransformGizmo/BoundingBoxCorner.uasset" 789
"../../../Engine/Content/VREditor/TransformGizmo/BoundingBoxEdge.uasset" 790
"../../../Engine/Content/VREditor/TransformGizmo/PlaneTranslationHandle.uasset" 791
"../../../Engine/Content/VREditor/TransformGizmo/Main.uasset" 792
"../../../Engine/Content/VREditor/TransformGizmo/Xray.uasset" 793
"../../../Engine/Content/VREditor/TransformGizmo/SM_Sequencer_Key.uasset" 794
"../../../Engine/Content/VREditor/TransformGizmo/SM_Sequencer_Node.uasset" 795
"../../Plugins/2D/Paper2D/Content/DummySprite.uasset" 796
"../../Plugins/2D/Paper2D/Content/DefaultPaperTerrainMaterial.uasset" 797
"../../Plugins/2D/Paper2D/Content/MaskedUnlitSpriteMaterial.uasset" 798
"../../../Engine/Content/Functions/Engine_MaterialFunctions02/Utility/BreakOutFloat4Components.uasset" 799
"../../../Engine/Content/Functions/Engine_MaterialFunctions02/Utility/MakeFloat2.uasset" 800
"../../../Engine/Content/Functions/Engine_MaterialFunctions02/Utility/MakeFloat3.uasset" 801
"../../Plugins/Runtime/Oculus/OculusVR/Content/Materials/OculusMR_ChromaKey.uasset" 802
"../../Plugins/Runtime/Oculus/OculusVR/Content/Materials/OculusMR_ChromaKey_Lit.uasset" 803
"../../Plugins/Runtime/Oculus/OculusVR/Content/Materials/OculusMR_OpaqueColoredMaterial.uasset" 804
"../../Plugins/Runtime/Oculus/OculusVR/Content/Materials/OculusMR_WhiteMaterial.uasset" 805
"../../../../../Users/Admin/Documents/Repos/Keep It Alive/KeepItAlive/Content/2DSideScrollerCPP/Maps/MainLevel_BuiltData.uasset" 806
"../../../Engine/Content/MapTemplates/Bokeh_5Sides.uasset" 807
"../../../Engine/Content/MapTemplates/T_ScreenDirt02_w.uasset" 808
"../../Plugins/2D/Paper2D/Content/OpaqueUnlitSpriteMaterial.uasset" 809
"../../../../../Users/Admin/Documents/Repos/Keep It Alive/KeepItAlive/Content/2dSideScroller/Textures/2DBackground.uasset" 810
"../../../../../Users/Admin/Documents/Repos/Keep It Alive/KeepItAlive/Content/2DSideScroller/Sprites/Background_Sprite.uasset" 811
"../../../../../Users/Admin/Documents/Repos/Keep It Alive/KeepItAlive/Content/Sprites/Dungeon3/Dungeon_Tileset__1_.uasset" 812
"../../../../../Users/Admin/Documents/Repos/Keep It Alive/KeepItAlive/Content/Sprites/Dungeon3/Dungeon_Tileset__1__TileSet.uasset" 813
"../../../../../Users/Admin/Documents/Repos/Keep It Alive/KeepItAlive/Content/Sprites/Dungeon3/Dungeon_Tileset__1__TileMap.uasset" 814
"../../../../../Users/Admin/Documents/Repos/Keep It Alive/KeepItAlive/Content/Sprites/Dungeon3/LevelGeometry/Walls.uasset" 815
"../../../../../Users/Admin/Documents/Repos/Keep It Alive/KeepItAlive/Content/2DSideScrollerCPP/Maps/MainLevel.umap" 816
